-- The C compiler identification is GNU 11.4.0
-- The CXX compiler identification is GNU 11.4.0
-- Detecting C compiler ABI info
-- Detecting C compiler ABI info - done
-- Check for working C compiler: /usr/bin/cc - skipped
-- Detecting C compile features
-- Detecting C compile features - done
-- Detecting CXX compiler ABI info
-- Detecting CXX compiler ABI info - done
-- Check for working CXX compiler: /usr/bin/c++ - skipped
-- Detecting CXX compile features
-- Detecting CXX compile features - done
-- Found ament_cmake_ros: 0.10.0 (/opt/ros/humble/share/ament_cmake_ros/cmake)
-- Found Python3: /usr/bin/python3 (found version "3.10.12") found components: Interpreter 
-- Override CMake install command with custom implementation using symlinks instead of copying resources
-- Found diagnostic_msgs: 4.2.3 (/opt/ros/humble/share/diagnostic_msgs/cmake)
-- Found rosidl_generator_c: 3.1.5 (/opt/ros/humble/share/rosidl_generator_c/cmake)
-- Found rosidl_adapter: 3.1.5 (/opt/ros/humble/share/rosidl_adapter/cmake)
-- Found rosidl_generator_cpp: 3.1.5 (/opt/ros/humble/share/rosidl_generator_cpp/cmake)
-- Using all available rosidl_typesupport_c: rosidl_typesupport_fastrtps_c;rosidl_typesupport_introspection_c
-- Using all available rosidl_typesupport_cpp: rosidl_typesupport_fastrtps_cpp;rosidl_typesupport_introspection_cpp
-- Found diagnostic_updater: 3.1.2 (/home/user/ros2_ws/src/install/diagnostic_updater/share/diagnostic_updater/cmake)
-- Found rmw_implementation_cmake: 6.1.1 (/opt/ros/humble/share/rmw_implementation_cmake/cmake)
-- Found rmw_fastrtps_cpp: 6.2.6 (/opt/ros/humble/share/rmw_fastrtps_cpp/cmake)
-- Found OpenSSL: /usr/lib/x86_64-linux-gnu/libcrypto.so (found version "3.0.2")  
-- Found FastRTPS: /opt/ros/humble/include  
-- Using RMW implementation 'rmw_fastrtps_cpp' as default
-- Looking for pthread.h
-- Looking for pthread.h - found
-- Performing Test CMAKE_HAVE_LIBC_PTHREAD
-- Performing Test CMAKE_HAVE_LIBC_PTHREAD - Success
-- Found Threads: TRUE  
-- Found rclcpp_components: 16.0.8 (/opt/ros/humble/share/rclcpp_components/cmake)
-- Found tf2_ros: 0.25.6 (/opt/ros/humble/share/tf2_ros/cmake)
-- Found velodyne_msgs: 2.4.0 (/home/user/ros2_ws/src/install/velodyne_msgs/share/velodyne_msgs/cmake)
-- Found ament_lint_auto: 0.12.10 (/opt/ros/humble/share/ament_lint_auto/cmake)
-- Found gtest sources under '/opt/ros/humble/src/gtest_vendor': C++ tests using 'Google Test' will be built
-- Added test 'copyright' to check source files copyright and LICENSE
-- Added test 'cppcheck' to perform static code analysis on C / C++ code
-- Configured cppcheck include dirs: /home/user/ros2_ws/src/velodyne/velodyne_driver/include
-- Configured cppcheck exclude dirs and/or files: 
-- Added test 'cpplint' to check C / C++ code against the Google style
-- Configured cpplint exclude dirs and/or files: 
-- Added test 'flake8' to check Python code syntax and style conventions
-- Added test 'lint_cmake' to check CMake code style
-- Added test 'pep257' to check Python code against some of the docstring style conventions in PEP 257
-- Added test 'uncrustify' to check C / C++ code style
-- Configured uncrustify additional arguments: 
-- Added test 'xmllint' to check XML markup files
-- Configuring done
-- Generating done
-- Build files have been written to: /home/user/ros2_ws/src/build/velodyne_driver
[  8%] [32mBuilding CXX object gtest/CMakeFiles/gtest_main.dir/src/gtest_main.cc.o[0m
[ 16%] [32mBuilding CXX object src/lib/CMakeFiles/velodyne_input.dir/input.cpp.o[0m
[ 25%] [32mBuilding CXX object gtest/CMakeFiles/gtest.dir/src/gtest-all.cc.o[0m
[ 33%] [32m[1mLinking CXX static library libgtest_main.a[0m
[ 33%] Built target gtest_main
[ 41%] [32m[1mLinking CXX static library libgtest.a[0m
[ 50%] [32m[1mLinking CXX shared library libvelodyne_input.so[0m
[ 50%] Built target gtest
[ 50%] Built target velodyne_input
[ 66%] [32mBuilding CXX object CMakeFiles/time_test.dir/tests/timeconversiontest.cpp.o[0m
[ 66%] [32mBuilding CXX object CMakeFiles/velodyne_driver.dir/src/driver/driver.cpp.o[0m
[ 75%] [32m[1mLinking CXX executable time_test[0m
[ 75%] Built target time_test
[ 83%] [32m[1mLinking CXX shared library libvelodyne_driver.so[0m
[ 83%] Built target velodyne_driver
[ 91%] [32mBuilding CXX object CMakeFiles/velodyne_driver_node.dir/src/driver/velodyne_node.cpp.o[0m
[100%] [32m[1mLinking CXX executable velodyne_driver_node[0m
[100%] Built target velodyne_driver_node
-- Install configuration: ""
-- Execute custom install script
-- Symlinking: /home/user/ros2_ws/src/install/velodyne_driver/lib/libvelodyne_input.so
-- Symlinking: /home/user/ros2_ws/src/install/velodyne_driver/lib/libvelodyne_driver.so
-- Symlinking: /home/user/ros2_ws/src/install/velodyne_driver/lib/velodyne_driver/velodyne_driver_node
-- Symlinking: /home/user/ros2_ws/src/install/velodyne_driver/include/velodyne_driver/driver.hpp
-- Symlinking: /home/user/ros2_ws/src/install/velodyne_driver/include/velodyne_driver/input.hpp
-- Symlinking: /home/user/ros2_ws/src/install/velodyne_driver/include/velodyne_driver/time_conversion.hpp
-- Symlinking: /home/user/ros2_ws/src/install/velodyne_driver/share/velodyne_driver/config/VLP16-velodyne_driver_node-params.yaml
-- Symlinking: /home/user/ros2_ws/src/install/velodyne_driver/share/velodyne_driver/config/VLP32C-velodyne_driver_node-params.yaml
-- Symlinking: /home/user/ros2_ws/src/install/velodyne_driver/share/velodyne_driver/config/VLS128-velodyne_driver_node-params.yaml
-- Symlinking: /home/user/ros2_ws/src/install/velodyne_driver/share/velodyne_driver/launch/velodyne_driver_node-VLP16-composed-launch.py
-- Symlinking: /home/user/ros2_ws/src/install/velodyne_driver/share/velodyne_driver/launch/velodyne_driver_node-VLP16-launch.py
-- Symlinking: /home/user/ros2_ws/src/install/velodyne_driver/share/velodyne_driver/launch/velodyne_driver_node-VLP32C-composed-launch.py
-- Symlinking: /home/user/ros2_ws/src/install/velodyne_driver/share/velodyne_driver/launch/velodyne_driver_node-VLP32C-launch.py
-- Symlinking: /home/user/ros2_ws/src/install/velodyne_driver/share/velodyne_driver/launch/velodyne_driver_node-VLS128-composed-launch.py
-- Symlinking: /home/user/ros2_ws/src/install/velodyne_driver/share/velodyne_driver/launch/velodyne_driver_node-VLS128-launch.py
-- Symlinking: /home/user/ros2_ws/src/install/velodyne_driver/lib/velodyne_driver/vdump
-- Symlinking: /home/user/ros2_ws/src/install/velodyne_driver/share/ament_index/resource_index/package_run_dependencies/velodyne_driver
-- Symlinking: /home/user/ros2_ws/src/install/velodyne_driver/share/ament_index/resource_index/parent_prefix_path/velodyne_driver
-- Symlinking: /home/user/ros2_ws/src/install/velodyne_driver/share/velodyne_driver/environment/ament_prefix_path.sh
-- Symlinking: /home/user/ros2_ws/src/install/velodyne_driver/share/velodyne_driver/environment/ament_prefix_path.dsv
-- Symlinking: /home/user/ros2_ws/src/install/velodyne_driver/share/velodyne_driver/environment/path.sh
-- Symlinking: /home/user/ros2_ws/src/install/velodyne_driver/share/velodyne_driver/environment/path.dsv
-- Symlinking: /home/user/ros2_ws/src/install/velodyne_driver/share/velodyne_driver/local_setup.bash
-- Symlinking: /home/user/ros2_ws/src/install/velodyne_driver/share/velodyne_driver/local_setup.sh
-- Symlinking: /home/user/ros2_ws/src/install/velodyne_driver/share/velodyne_driver/local_setup.zsh
-- Symlinking: /home/user/ros2_ws/src/install/velodyne_driver/share/velodyne_driver/local_setup.dsv
-- Symlinking: /home/user/ros2_ws/src/install/velodyne_driver/share/velodyne_driver/package.dsv
-- Symlinking: /home/user/ros2_ws/src/install/velodyne_driver/share/ament_index/resource_index/packages/velodyne_driver
-- Symlinking: /home/user/ros2_ws/src/install/velodyne_driver/share/ament_index/resource_index/rclcpp_components/velodyne_driver
-- Symlinking: /home/user/ros2_ws/src/install/velodyne_driver/share/velodyne_driver/cmake/velodyne_driverConfig.cmake
-- Symlinking: /home/user/ros2_ws/src/install/velodyne_driver/share/velodyne_driver/cmake/velodyne_driverConfig-version.cmake
-- Symlinking: /home/user/ros2_ws/src/install/velodyne_driver/share/velodyne_driver/package.xml
