[0.009s] Invoking command in '/home/user/ros2_ws/build/diagnostics': CMAKE_PREFIX_PATH=/home/user/ros2_ws/install/self_test:/home/user/ros2_ws/install/diagnostic_common_diagnostics:/home/user/ros2_ws/install/diagnostic_updater:/home/user/ros2_ws/install/diagnostic_aggregator:/home/user/ros2_ws/install/velodyne:/home/user/ros2_ws/install/velodyne_pointcloud:/home/user/ros2_ws/install/velodyne_driver:/home/user/ros2_ws/install/velodyne_msgs:/home/user/ros2_ws/install/velodyne_laserscan:/home/user/ros2_ws/install/diagnostics:/home/user/ros2_ws/install/angles:/home/user/yolo/install/yolov8_bringup:/home/user/yolo/install/yolov8_msgs:/home/user/usb_cam/install/usb_camera_driver:/home/user/ros2_ws/install/sub:/home/user/ros2_ws/install/kitti2rosbag2:/home/user/yolo/install/yolov8_ros:/opt/ros/humble LD_LIBRARY_PATH=/home/user/ros2_ws/install/diagnostic_aggregator/lib:/home/user/ros2_ws/install/velodyne_pointcloud/lib:/home/user/ros2_ws/install/velodyne_driver/lib:/home/user/ros2_ws/install/velodyne_msgs/lib:/home/user/ros2_ws/install/velodyne_laserscan/lib:/home/user/ros2_ws/install/diagnostic_updater/lib:/home/user/yolo/install/yolov8_msgs/lib:/home/user/usb_cam/install/usb_camera_driver/lib:/opt/ros/humble/opt/rviz_ogre_vendor/lib:/opt/ros/humble/lib/x86_64-linux-gnu:/opt/ros/humble/lib /usr/bin/cmake /home/user/ros2_ws/src/diagnostics/diagnostics -DAMENT_CMAKE_SYMLINK_INSTALL=1 -DCMAKE_INSTALL_PREFIX=/home/user/ros2_ws/install/diagnostics
[0.042s] -- The C compiler identification is GNU 11.4.0
[0.076s] -- The CXX compiler identification is GNU 11.4.0
[0.081s] -- Detecting C compiler ABI info
[0.123s] -- Detecting C compiler ABI info - done
[0.130s] -- Check for working C compiler: /usr/bin/cc - skipped
[0.130s] -- Detecting C compile features
[0.130s] -- Detecting C compile features - done
[0.132s] -- Detecting CXX compiler ABI info
[0.181s] -- Detecting CXX compiler ABI info - done
[0.185s] -- Check for working CXX compiler: /usr/bin/c++ - skipped
[0.186s] -- Detecting CXX compile features
[0.186s] -- Detecting CXX compile features - done
[0.188s] -- Found ament_cmake: 1.3.8 (/opt/ros/humble/share/ament_cmake/cmake)
[0.296s] -- Found Python3: /usr/bin/python3 (found version "3.10.12") found components: Interpreter 
[0.341s] -- Override CMake install command with custom implementation using symlinks instead of copying resources
[0.404s] -- Configuring done
[0.406s] -- Generating done
[0.406s] -- Build files have been written to: /home/user/ros2_ws/build/diagnostics
[0.409s] Invoked command in '/home/user/ros2_ws/build/diagnostics' returned '0': CMAKE_PREFIX_PATH=/home/user/ros2_ws/install/self_test:/home/user/ros2_ws/install/diagnostic_common_diagnostics:/home/user/ros2_ws/install/diagnostic_updater:/home/user/ros2_ws/install/diagnostic_aggregator:/home/user/ros2_ws/install/velodyne:/home/user/ros2_ws/install/velodyne_pointcloud:/home/user/ros2_ws/install/velodyne_driver:/home/user/ros2_ws/install/velodyne_msgs:/home/user/ros2_ws/install/velodyne_laserscan:/home/user/ros2_ws/install/diagnostics:/home/user/ros2_ws/install/angles:/home/user/yolo/install/yolov8_bringup:/home/user/yolo/install/yolov8_msgs:/home/user/usb_cam/install/usb_camera_driver:/home/user/ros2_ws/install/sub:/home/user/ros2_ws/install/kitti2rosbag2:/home/user/yolo/install/yolov8_ros:/opt/ros/humble LD_LIBRARY_PATH=/home/user/ros2_ws/install/diagnostic_aggregator/lib:/home/user/ros2_ws/install/velodyne_pointcloud/lib:/home/user/ros2_ws/install/velodyne_driver/lib:/home/user/ros2_ws/install/velodyne_msgs/lib:/home/user/ros2_ws/install/velodyne_laserscan/lib:/home/user/ros2_ws/install/diagnostic_updater/lib:/home/user/yolo/install/yolov8_msgs/lib:/home/user/usb_cam/install/usb_camera_driver/lib:/opt/ros/humble/opt/rviz_ogre_vendor/lib:/opt/ros/humble/lib/x86_64-linux-gnu:/opt/ros/humble/lib /usr/bin/cmake /home/user/ros2_ws/src/diagnostics/diagnostics -DAMENT_CMAKE_SYMLINK_INSTALL=1 -DCMAKE_INSTALL_PREFIX=/home/user/ros2_ws/install/diagnostics
[0.410s] Invoking command in '/home/user/ros2_ws/build/diagnostics': CMAKE_PREFIX_PATH=/home/user/ros2_ws/install/self_test:/home/user/ros2_ws/install/diagnostic_common_diagnostics:/home/user/ros2_ws/install/diagnostic_updater:/home/user/ros2_ws/install/diagnostic_aggregator:/home/user/ros2_ws/install/velodyne:/home/user/ros2_ws/install/velodyne_pointcloud:/home/user/ros2_ws/install/velodyne_driver:/home/user/ros2_ws/install/velodyne_msgs:/home/user/ros2_ws/install/velodyne_laserscan:/home/user/ros2_ws/install/diagnostics:/home/user/ros2_ws/install/angles:/home/user/yolo/install/yolov8_bringup:/home/user/yolo/install/yolov8_msgs:/home/user/usb_cam/install/usb_camera_driver:/home/user/ros2_ws/install/sub:/home/user/ros2_ws/install/kitti2rosbag2:/home/user/yolo/install/yolov8_ros:/opt/ros/humble LD_LIBRARY_PATH=/home/user/ros2_ws/install/diagnostic_aggregator/lib:/home/user/ros2_ws/install/velodyne_pointcloud/lib:/home/user/ros2_ws/install/velodyne_driver/lib:/home/user/ros2_ws/install/velodyne_msgs/lib:/home/user/ros2_ws/install/velodyne_laserscan/lib:/home/user/ros2_ws/install/diagnostic_updater/lib:/home/user/yolo/install/yolov8_msgs/lib:/home/user/usb_cam/install/usb_camera_driver/lib:/opt/ros/humble/opt/rviz_ogre_vendor/lib:/opt/ros/humble/lib/x86_64-linux-gnu:/opt/ros/humble/lib /usr/bin/cmake --build /home/user/ros2_ws/build/diagnostics -- -j32 -l32
[0.431s] Invoked command in '/home/user/ros2_ws/build/diagnostics' returned '0': CMAKE_PREFIX_PATH=/home/user/ros2_ws/install/self_test:/home/user/ros2_ws/install/diagnostic_common_diagnostics:/home/user/ros2_ws/install/diagnostic_updater:/home/user/ros2_ws/install/diagnostic_aggregator:/home/user/ros2_ws/install/velodyne:/home/user/ros2_ws/install/velodyne_pointcloud:/home/user/ros2_ws/install/velodyne_driver:/home/user/ros2_ws/install/velodyne_msgs:/home/user/ros2_ws/install/velodyne_laserscan:/home/user/ros2_ws/install/diagnostics:/home/user/ros2_ws/install/angles:/home/user/yolo/install/yolov8_bringup:/home/user/yolo/install/yolov8_msgs:/home/user/usb_cam/install/usb_camera_driver:/home/user/ros2_ws/install/sub:/home/user/ros2_ws/install/kitti2rosbag2:/home/user/yolo/install/yolov8_ros:/opt/ros/humble LD_LIBRARY_PATH=/home/user/ros2_ws/install/diagnostic_aggregator/lib:/home/user/ros2_ws/install/velodyne_pointcloud/lib:/home/user/ros2_ws/install/velodyne_driver/lib:/home/user/ros2_ws/install/velodyne_msgs/lib:/home/user/ros2_ws/install/velodyne_laserscan/lib:/home/user/ros2_ws/install/diagnostic_updater/lib:/home/user/yolo/install/yolov8_msgs/lib:/home/user/usb_cam/install/usb_camera_driver/lib:/opt/ros/humble/opt/rviz_ogre_vendor/lib:/opt/ros/humble/lib/x86_64-linux-gnu:/opt/ros/humble/lib /usr/bin/cmake --build /home/user/ros2_ws/build/diagnostics -- -j32 -l32
[0.443s] Invoking command in '/home/user/ros2_ws/build/diagnostics': CMAKE_PREFIX_PATH=/home/user/ros2_ws/install/self_test:/home/user/ros2_ws/install/diagnostic_common_diagnostics:/home/user/ros2_ws/install/diagnostic_updater:/home/user/ros2_ws/install/diagnostic_aggregator:/home/user/ros2_ws/install/velodyne:/home/user/ros2_ws/install/velodyne_pointcloud:/home/user/ros2_ws/install/velodyne_driver:/home/user/ros2_ws/install/velodyne_msgs:/home/user/ros2_ws/install/velodyne_laserscan:/home/user/ros2_ws/install/diagnostics:/home/user/ros2_ws/install/angles:/home/user/yolo/install/yolov8_bringup:/home/user/yolo/install/yolov8_msgs:/home/user/usb_cam/install/usb_camera_driver:/home/user/ros2_ws/install/sub:/home/user/ros2_ws/install/kitti2rosbag2:/home/user/yolo/install/yolov8_ros:/opt/ros/humble LD_LIBRARY_PATH=/home/user/ros2_ws/install/diagnostic_aggregator/lib:/home/user/ros2_ws/install/velodyne_pointcloud/lib:/home/user/ros2_ws/install/velodyne_driver/lib:/home/user/ros2_ws/install/velodyne_msgs/lib:/home/user/ros2_ws/install/velodyne_laserscan/lib:/home/user/ros2_ws/install/diagnostic_updater/lib:/home/user/yolo/install/yolov8_msgs/lib:/home/user/usb_cam/install/usb_camera_driver/lib:/opt/ros/humble/opt/rviz_ogre_vendor/lib:/opt/ros/humble/lib/x86_64-linux-gnu:/opt/ros/humble/lib /usr/bin/cmake --install /home/user/ros2_ws/build/diagnostics
[0.447s] -- Install configuration: ""
[0.447s] -- Execute custom install script
[0.447s] -- Symlinking: /home/user/ros2_ws/install/diagnostics/share/ament_index/resource_index/package_run_dependencies/diagnostics
[0.452s] -- Symlinking: /home/user/ros2_ws/install/diagnostics/share/ament_index/resource_index/parent_prefix_path/diagnostics
[0.456s] -- Symlinking: /home/user/ros2_ws/install/diagnostics/share/diagnostics/environment/ament_prefix_path.sh
[0.460s] -- Symlinking: /home/user/ros2_ws/install/diagnostics/share/diagnostics/environment/ament_prefix_path.dsv
[0.465s] -- Symlinking: /home/user/ros2_ws/install/diagnostics/share/diagnostics/environment/path.sh
[0.469s] -- Symlinking: /home/user/ros2_ws/install/diagnostics/share/diagnostics/environment/path.dsv
[0.473s] -- Symlinking: /home/user/ros2_ws/install/diagnostics/share/diagnostics/local_setup.bash
[0.477s] -- Symlinking: /home/user/ros2_ws/install/diagnostics/share/diagnostics/local_setup.sh
[0.481s] -- Symlinking: /home/user/ros2_ws/install/diagnostics/share/diagnostics/local_setup.zsh
[0.486s] -- Symlinking: /home/user/ros2_ws/install/diagnostics/share/diagnostics/local_setup.dsv
[0.490s] -- Symlinking: /home/user/ros2_ws/install/diagnostics/share/diagnostics/package.dsv
[0.494s] -- Symlinking: /home/user/ros2_ws/install/diagnostics/share/ament_index/resource_index/packages/diagnostics
[0.498s] -- Symlinking: /home/user/ros2_ws/install/diagnostics/share/diagnostics/cmake/diagnosticsConfig.cmake
[0.503s] -- Symlinking: /home/user/ros2_ws/install/diagnostics/share/diagnostics/cmake/diagnosticsConfig-version.cmake
[0.508s] -- Symlinking: /home/user/ros2_ws/install/diagnostics/share/diagnostics/package.xml
[0.513s] Invoked command in '/home/user/ros2_ws/build/diagnostics' returned '0': CMAKE_PREFIX_PATH=/home/user/ros2_ws/install/self_test:/home/user/ros2_ws/install/diagnostic_common_diagnostics:/home/user/ros2_ws/install/diagnostic_updater:/home/user/ros2_ws/install/diagnostic_aggregator:/home/user/ros2_ws/install/velodyne:/home/user/ros2_ws/install/velodyne_pointcloud:/home/user/ros2_ws/install/velodyne_driver:/home/user/ros2_ws/install/velodyne_msgs:/home/user/ros2_ws/install/velodyne_laserscan:/home/user/ros2_ws/install/diagnostics:/home/user/ros2_ws/install/angles:/home/user/yolo/install/yolov8_bringup:/home/user/yolo/install/yolov8_msgs:/home/user/usb_cam/install/usb_camera_driver:/home/user/ros2_ws/install/sub:/home/user/ros2_ws/install/kitti2rosbag2:/home/user/yolo/install/yolov8_ros:/opt/ros/humble LD_LIBRARY_PATH=/home/user/ros2_ws/install/diagnostic_aggregator/lib:/home/user/ros2_ws/install/velodyne_pointcloud/lib:/home/user/ros2_ws/install/velodyne_driver/lib:/home/user/ros2_ws/install/velodyne_msgs/lib:/home/user/ros2_ws/install/velodyne_laserscan/lib:/home/user/ros2_ws/install/diagnostic_updater/lib:/home/user/yolo/install/yolov8_msgs/lib:/home/user/usb_cam/install/usb_camera_driver/lib:/opt/ros/humble/opt/rviz_ogre_vendor/lib:/opt/ros/humble/lib/x86_64-linux-gnu:/opt/ros/humble/lib /usr/bin/cmake --install /home/user/ros2_ws/build/diagnostics
