[0.018s] Invoking command in '/home/user/ros2_ws/build/velodyne_msgs': CMAKE_PREFIX_PATH=${CMAKE_PREFIX_PATH}:/home/user/ros2_ws/install/sub:/home/user/ros2_ws/install/kitti2rosbag2:/home/user/yolo/install/yolov8_ros:/opt/ros/humble /usr/bin/cmake /home/user/ros2_ws/src/velodyne/velodyne_msgs -DAMENT_CMAKE_SYMLINK_INSTALL=1 -DCMAKE_INSTALL_PREFIX=/home/user/ros2_ws/install/velodyne_msgs
[0.208s] -- The C compiler identification is GNU 11.4.0
[0.208s] -- The CXX compiler identification is GNU 11.4.0
[0.208s] -- Detecting C compiler ABI info
[0.213s] -- Detecting C compiler ABI info - done
[0.220s] -- Check for working C compiler: /usr/bin/cc - skipped
[0.220s] -- Detecting C compile features
[0.220s] -- Detecting C compile features - done
[0.222s] -- Detecting CXX compiler ABI info
[0.269s] -- Detecting CXX compiler ABI info - done
[0.274s] -- Check for working CXX compiler: /usr/bin/c++ - skipped
[0.274s] -- Detecting CXX compile features
[0.275s] -- Detecting CXX compile features - done
[0.276s] -- Found ament_cmake: 1.3.8 (/opt/ros/humble/share/ament_cmake/cmake)
[0.376s] -- Found Python3: /usr/bin/python3 (found version "3.10.12") found components: Interpreter 
[0.416s] -- Override CMake install command with custom implementation using symlinks instead of copying resources
[0.435s] -- Found builtin_interfaces: 1.2.1 (/opt/ros/humble/share/builtin_interfaces/cmake)
[0.457s] -- Found rosidl_generator_c: 3.1.5 (/opt/ros/humble/share/rosidl_generator_c/cmake)
[0.460s] -- Found rosidl_adapter: 3.1.5 (/opt/ros/humble/share/rosidl_adapter/cmake)
[0.466s] -- Found rosidl_generator_cpp: 3.1.5 (/opt/ros/humble/share/rosidl_generator_cpp/cmake)
[0.475s] -- Using all available rosidl_typesupport_c: rosidl_typesupport_fastrtps_c;rosidl_typesupport_introspection_c
[0.488s] -- Using all available rosidl_typesupport_cpp: rosidl_typesupport_fastrtps_cpp;rosidl_typesupport_introspection_cpp
[0.500s] -- Found rosidl_default_generators: 1.2.0 (/opt/ros/humble/share/rosidl_default_generators/cmake)
[0.507s] -- Found std_msgs: 4.2.3 (/opt/ros/humble/share/std_msgs/cmake)
[0.715s] -- Found ament_cmake_cppcheck: 0.12.10 (/opt/ros/humble/share/ament_cmake_cppcheck/cmake)
[0.716s] -- Found ament_cmake_cpplint: 0.12.10 (/opt/ros/humble/share/ament_cmake_cpplint/cmake)
[0.718s] -- Found ament_cmake_uncrustify: 0.12.10 (/opt/ros/humble/share/ament_cmake_uncrustify/cmake)
[0.720s] -- Found ament_cmake_ros: 0.10.0 (/opt/ros/humble/share/ament_cmake_ros/cmake)
[0.976s] -- Using all available rosidl_typesupport_c: rosidl_typesupport_fastrtps_c;rosidl_typesupport_introspection_c
[1.078s] -- Using all available rosidl_typesupport_cpp: rosidl_typesupport_fastrtps_cpp;rosidl_typesupport_introspection_cpp
[1.094s] -- Found PythonInterp: /usr/bin/python3 (found suitable version "3.10.12", minimum required is "3.6") 
[1.095s] -- Found python_cmake_module: 0.10.0 (/opt/ros/humble/share/python_cmake_module/cmake)
[1.113s] -- Found PythonLibs: /usr/lib/x86_64-linux-gnu/libpython3.10.so (found suitable version "3.10.12", minimum required is "3.5") 
[1.113s] -- Using PYTHON_EXECUTABLE: /usr/bin/python3
[1.113s] -- Using PYTHON_INCLUDE_DIRS: /usr/include/python3.10
[1.113s] -- Using PYTHON_LIBRARIES: /usr/lib/x86_64-linux-gnu/libpython3.10.so
[1.129s] -- Found PythonExtra: .so  
[1.167s] -- Found ament_cmake_flake8: 0.12.10 (/opt/ros/humble/share/ament_cmake_flake8/cmake)
[1.169s] -- Found ament_cmake_pep257: 0.12.10 (/opt/ros/humble/share/ament_cmake_pep257/cmake)
[1.171s] -- Found ament_lint_auto: 0.12.10 (/opt/ros/humble/share/ament_lint_auto/cmake)
[1.179s] -- Added test 'copyright' to check source files copyright and LICENSE
[1.179s] -- Added test 'lint_cmake' to check CMake code style
[1.180s] -- Added test 'xmllint' to check XML markup files
[1.182s] -- Configuring done
[1.200s] -- Generating done
[1.201s] -- Build files have been written to: /home/user/ros2_ws/build/velodyne_msgs
[1.208s] Invoked command in '/home/user/ros2_ws/build/velodyne_msgs' returned '0': CMAKE_PREFIX_PATH=${CMAKE_PREFIX_PATH}:/home/user/ros2_ws/install/sub:/home/user/ros2_ws/install/kitti2rosbag2:/home/user/yolo/install/yolov8_ros:/opt/ros/humble /usr/bin/cmake /home/user/ros2_ws/src/velodyne/velodyne_msgs -DAMENT_CMAKE_SYMLINK_INSTALL=1 -DCMAKE_INSTALL_PREFIX=/home/user/ros2_ws/install/velodyne_msgs
[1.208s] Invoking command in '/home/user/ros2_ws/build/velodyne_msgs': CMAKE_PREFIX_PATH=${CMAKE_PREFIX_PATH}:/home/user/ros2_ws/install/sub:/home/user/ros2_ws/install/kitti2rosbag2:/home/user/yolo/install/yolov8_ros:/opt/ros/humble /usr/bin/cmake --build /home/user/ros2_ws/build/velodyne_msgs -- -j32 -l32
[1.230s] [  2%] [34m[1mGenerating C code for ROS interfaces[0m
[1.236s] [  5%] [34m[1mGenerating C++ code for ROS interfaces[0m
[1.241s] [  5%] Built target ament_cmake_python_symlink_velodyne_msgs
[1.421s] running egg_info
[1.422s] creating velodyne_msgs.egg-info
[1.422s] writing velodyne_msgs.egg-info/PKG-INFO
[1.422s] writing dependency_links to velodyne_msgs.egg-info/dependency_links.txt
[1.422s] writing top-level names to velodyne_msgs.egg-info/top_level.txt
[1.422s] writing manifest file 'velodyne_msgs.egg-info/SOURCES.txt'
[1.424s] reading manifest file 'velodyne_msgs.egg-info/SOURCES.txt'
[1.424s] writing manifest file 'velodyne_msgs.egg-info/SOURCES.txt'
[1.442s] [  5%] Built target ament_cmake_python_build_velodyne_msgs_egg
[1.459s] [  5%] Built target velodyne_msgs__cpp
[1.465s] [  7%] [34m[1mGenerating C++ type support dispatch for ROS interfaces[0m
[1.466s] [ 10%] [34m[1mGenerating C++ introspection for ROS interfaces[0m
[1.466s] [ 12%] [34m[1mGenerating C++ type support for eProsima Fast-RTPS[0m
[1.467s] [ 15%] [32mBuilding C object CMakeFiles/velodyne_msgs__rosidl_generator_c.dir/rosidl_generator_c/velodyne_msgs/msg/detail/velodyne_packet__functions.c.o[0m
[1.469s] [ 17%] [32mBuilding C object CMakeFiles/velodyne_msgs__rosidl_generator_c.dir/rosidl_generator_c/velodyne_msgs/msg/detail/velodyne_scan__functions.c.o[0m
[1.513s] [ 20%] [32m[1mLinking C shared library libvelodyne_msgs__rosidl_generator_c.so[0m
[1.538s] [ 20%] Built target velodyne_msgs__rosidl_generator_c
[1.544s] [ 23%] [34m[1mGenerating C type support for eProsima Fast-RTPS[0m
[1.548s] [ 28%] [34m[1mGenerating C type support dispatch for ROS interfaces[0m
[1.548s] [ 28%] [34m[1mGenerating C introspection for ROS interfaces[0m
[1.678s] [ 30%] [32mBuilding CXX object CMakeFiles/velodyne_msgs__rosidl_typesupport_cpp.dir/rosidl_typesupport_cpp/velodyne_msgs/msg/velodyne_packet__type_support.cpp.o[0m
[1.679s] [ 33%] [32mBuilding CXX object CMakeFiles/velodyne_msgs__rosidl_typesupport_cpp.dir/rosidl_typesupport_cpp/velodyne_msgs/msg/velodyne_scan__type_support.cpp.o[0m
[1.730s] [ 35%] [32mBuilding CXX object CMakeFiles/velodyne_msgs__rosidl_typesupport_introspection_cpp.dir/rosidl_typesupport_introspection_cpp/velodyne_msgs/msg/detail/velodyne_packet__type_support.cpp.o[0m
[1.732s] [ 38%] [32mBuilding CXX object CMakeFiles/velodyne_msgs__rosidl_typesupport_introspection_cpp.dir/rosidl_typesupport_introspection_cpp/velodyne_msgs/msg/detail/velodyne_scan__type_support.cpp.o[0m
[1.758s] [ 43%] [32mBuilding CXX object CMakeFiles/velodyne_msgs__rosidl_typesupport_fastrtps_cpp.dir/rosidl_typesupport_fastrtps_cpp/velodyne_msgs/msg/detail/dds_fastrtps/velodyne_packet__type_support.cpp.o[0m
[1.758s] [ 43%] [32mBuilding CXX object CMakeFiles/velodyne_msgs__rosidl_typesupport_fastrtps_cpp.dir/rosidl_typesupport_fastrtps_cpp/velodyne_msgs/msg/detail/dds_fastrtps/velodyne_scan__type_support.cpp.o[0m
[1.787s] [ 46%] [32mBuilding CXX object CMakeFiles/velodyne_msgs__rosidl_typesupport_c.dir/rosidl_typesupport_c/velodyne_msgs/msg/velodyne_packet__type_support.cpp.o[0m
[1.788s] [ 48%] [32mBuilding CXX object CMakeFiles/velodyne_msgs__rosidl_typesupport_c.dir/rosidl_typesupport_c/velodyne_msgs/msg/velodyne_scan__type_support.cpp.o[0m
[1.814s] [ 51%] [32m[1mLinking CXX shared library libvelodyne_msgs__rosidl_typesupport_c.so[0m
[1.844s] [ 53%] [32mBuilding CXX object CMakeFiles/velodyne_msgs__rosidl_typesupport_fastrtps_c.dir/rosidl_typesupport_fastrtps_c/velodyne_msgs/msg/detail/velodyne_packet__type_support_c.cpp.o[0m
[1.844s] [ 56%] [32mBuilding CXX object CMakeFiles/velodyne_msgs__rosidl_typesupport_fastrtps_c.dir/rosidl_typesupport_fastrtps_c/velodyne_msgs/msg/detail/velodyne_scan__type_support_c.cpp.o[0m
[1.845s] [ 56%] Built target velodyne_msgs__rosidl_typesupport_c
[1.859s] [ 61%] [32mBuilding C object CMakeFiles/velodyne_msgs__rosidl_typesupport_introspection_c.dir/rosidl_typesupport_introspection_c/velodyne_msgs/msg/detail/velodyne_scan__type_support.c.o[0m
[1.859s] [ 61%] [32mBuilding C object CMakeFiles/velodyne_msgs__rosidl_typesupport_introspection_c.dir/rosidl_typesupport_introspection_c/velodyne_msgs/msg/detail/velodyne_packet__type_support.c.o[0m
[1.866s] [ 64%] [32m[1mLinking CXX shared library libvelodyne_msgs__rosidl_typesupport_cpp.so[0m
[1.896s] [ 64%] Built target velodyne_msgs__rosidl_typesupport_cpp
[1.900s] [ 66%] [32m[1mLinking C shared library libvelodyne_msgs__rosidl_typesupport_introspection_c.so[0m
[1.922s] [ 66%] Built target velodyne_msgs__rosidl_typesupport_introspection_c
[2.067s] [ 69%] [32m[1mLinking CXX shared library libvelodyne_msgs__rosidl_typesupport_introspection_cpp.so[0m
[2.076s] [ 71%] [32m[1mLinking CXX shared library libvelodyne_msgs__rosidl_typesupport_fastrtps_cpp.so[0m
[2.108s] [ 74%] [32m[1mLinking CXX shared library libvelodyne_msgs__rosidl_typesupport_fastrtps_c.so[0m
[2.114s] [ 74%] Built target velodyne_msgs__rosidl_typesupport_introspection_cpp
[2.126s] [ 74%] Built target velodyne_msgs__rosidl_typesupport_fastrtps_cpp
[2.157s] [ 74%] Built target velodyne_msgs__rosidl_typesupport_fastrtps_c
[2.169s] [ 74%] Built target velodyne_msgs
[2.181s] [ 76%] [34m[1mGenerating Python code for ROS interfaces[0m
[2.490s] [ 76%] Built target velodyne_msgs__py
[2.501s] [ 79%] [32mBuilding C object CMakeFiles/velodyne_msgs__rosidl_generator_py.dir/rosidl_generator_py/velodyne_msgs/msg/_velodyne_packet_s.c.o[0m
[2.501s] [ 82%] [32mBuilding C object CMakeFiles/velodyne_msgs__rosidl_generator_py.dir/rosidl_generator_py/velodyne_msgs/msg/_velodyne_scan_s.c.o[0m
[2.613s] [ 84%] [32m[1mLinking C shared library rosidl_generator_py/velodyne_msgs/libvelodyne_msgs__rosidl_generator_py.so[0m
[2.639s] [ 84%] Built target velodyne_msgs__rosidl_generator_py
[2.651s] [ 87%] [32mBuilding C object CMakeFiles/velodyne_msgs__rosidl_typesupport_fastrtps_c__pyext.dir/rosidl_generator_py/velodyne_msgs/_velodyne_msgs_s.ep.rosidl_typesupport_fastrtps_c.c.o[0m
[2.652s] [ 89%] [32mBuilding C object CMakeFiles/velodyne_msgs__rosidl_typesupport_introspection_c__pyext.dir/rosidl_generator_py/velodyne_msgs/_velodyne_msgs_s.ep.rosidl_typesupport_introspection_c.c.o[0m
[2.656s] [ 92%] [32mBuilding C object CMakeFiles/velodyne_msgs__rosidl_typesupport_c__pyext.dir/rosidl_generator_py/velodyne_msgs/_velodyne_msgs_s.ep.rosidl_typesupport_c.c.o[0m
[2.715s] [ 94%] [32m[1mLinking C shared library rosidl_generator_py/velodyne_msgs/velodyne_msgs_s__rosidl_typesupport_fastrtps_c.cpython-310-x86_64-linux-gnu.so[0m
[2.715s] [ 97%] [32m[1mLinking C shared library rosidl_generator_py/velodyne_msgs/velodyne_msgs_s__rosidl_typesupport_introspection_c.cpython-310-x86_64-linux-gnu.so[0m
[2.740s] [ 97%] Built target velodyne_msgs__rosidl_typesupport_introspection_c__pyext
[2.740s] [ 97%] Built target velodyne_msgs__rosidl_typesupport_fastrtps_c__pyext
[2.749s] [100%] [32m[1mLinking C shared library rosidl_generator_py/velodyne_msgs/velodyne_msgs_s__rosidl_typesupport_c.cpython-310-x86_64-linux-gnu.so[0m
[2.773s] [100%] Built target velodyne_msgs__rosidl_typesupport_c__pyext
[2.781s] Invoked command in '/home/user/ros2_ws/build/velodyne_msgs' returned '0': CMAKE_PREFIX_PATH=${CMAKE_PREFIX_PATH}:/home/user/ros2_ws/install/sub:/home/user/ros2_ws/install/kitti2rosbag2:/home/user/yolo/install/yolov8_ros:/opt/ros/humble /usr/bin/cmake --build /home/user/ros2_ws/build/velodyne_msgs -- -j32 -l32
[2.833s] Invoking command in '/home/user/ros2_ws/build/velodyne_msgs': CMAKE_PREFIX_PATH=${CMAKE_PREFIX_PATH}:/home/user/ros2_ws/install/sub:/home/user/ros2_ws/install/kitti2rosbag2:/home/user/yolo/install/yolov8_ros:/opt/ros/humble /usr/bin/cmake --install /home/user/ros2_ws/build/velodyne_msgs
[2.837s] -- Install configuration: ""
[2.838s] -- Execute custom install script
[2.838s] -- Symlinking: /home/user/ros2_ws/install/velodyne_msgs/share/ament_index/resource_index/rosidl_interfaces/velodyne_msgs
[2.843s] -- Symlinking: /home/user/ros2_ws/install/velodyne_msgs/include/velodyne_msgs/velodyne_msgs/msg/detail/velodyne_packet__functions.h
[2.848s] -- Symlinking: /home/user/ros2_ws/install/velodyne_msgs/include/velodyne_msgs/velodyne_msgs/msg/detail/velodyne_packet__struct.h
[2.853s] -- Symlinking: /home/user/ros2_ws/install/velodyne_msgs/include/velodyne_msgs/velodyne_msgs/msg/detail/velodyne_packet__type_support.h
[2.857s] -- Symlinking: /home/user/ros2_ws/install/velodyne_msgs/include/velodyne_msgs/velodyne_msgs/msg/detail/velodyne_scan__functions.h
[2.862s] -- Symlinking: /home/user/ros2_ws/install/velodyne_msgs/include/velodyne_msgs/velodyne_msgs/msg/detail/velodyne_scan__struct.h
[2.867s] -- Symlinking: /home/user/ros2_ws/install/velodyne_msgs/include/velodyne_msgs/velodyne_msgs/msg/detail/velodyne_scan__type_support.h
[2.872s] -- Symlinking: /home/user/ros2_ws/install/velodyne_msgs/include/velodyne_msgs/velodyne_msgs/msg/rosidl_generator_c__visibility_control.h
[2.876s] -- Symlinking: /home/user/ros2_ws/install/velodyne_msgs/include/velodyne_msgs/velodyne_msgs/msg/velodyne_packet.h
[2.881s] -- Symlinking: /home/user/ros2_ws/install/velodyne_msgs/include/velodyne_msgs/velodyne_msgs/msg/velodyne_scan.h
[2.886s] -- Symlinking: /home/user/ros2_ws/install/velodyne_msgs/share/velodyne_msgs/environment/library_path.sh
[2.891s] -- Symlinking: /home/user/ros2_ws/install/velodyne_msgs/share/velodyne_msgs/environment/library_path.dsv
[2.896s] -- Symlinking: /home/user/ros2_ws/install/velodyne_msgs/include/velodyne_msgs/velodyne_msgs/msg/detail/velodyne_packet__rosidl_typesupport_fastrtps_c.h
[2.903s] -- Symlinking: /home/user/ros2_ws/install/velodyne_msgs/include/velodyne_msgs/velodyne_msgs/msg/detail/velodyne_scan__rosidl_typesupport_fastrtps_c.h
[2.910s] -- Symlinking: /home/user/ros2_ws/install/velodyne_msgs/include/velodyne_msgs/velodyne_msgs/msg/rosidl_typesupport_fastrtps_c__visibility_control.h
[2.918s] -- Symlinking: /home/user/ros2_ws/install/velodyne_msgs/include/velodyne_msgs/velodyne_msgs/msg/detail/velodyne_packet__builder.hpp
[2.927s] -- Symlinking: /home/user/ros2_ws/install/velodyne_msgs/include/velodyne_msgs/velodyne_msgs/msg/detail/velodyne_packet__struct.hpp
[2.935s] -- Symlinking: /home/user/ros2_ws/install/velodyne_msgs/include/velodyne_msgs/velodyne_msgs/msg/detail/velodyne_packet__traits.hpp
[2.943s] -- Symlinking: /home/user/ros2_ws/install/velodyne_msgs/include/velodyne_msgs/velodyne_msgs/msg/detail/velodyne_scan__builder.hpp
[2.951s] -- Symlinking: /home/user/ros2_ws/install/velodyne_msgs/include/velodyne_msgs/velodyne_msgs/msg/detail/velodyne_scan__struct.hpp
[2.960s] -- Symlinking: /home/user/ros2_ws/install/velodyne_msgs/include/velodyne_msgs/velodyne_msgs/msg/detail/velodyne_scan__traits.hpp
[2.968s] -- Symlinking: /home/user/ros2_ws/install/velodyne_msgs/include/velodyne_msgs/velodyne_msgs/msg/velodyne_packet.hpp
[2.974s] -- Symlinking: /home/user/ros2_ws/install/velodyne_msgs/include/velodyne_msgs/velodyne_msgs/msg/velodyne_scan.hpp
[2.979s] -- Symlinking: /home/user/ros2_ws/install/velodyne_msgs/include/velodyne_msgs/velodyne_msgs/msg/detail/velodyne_packet__rosidl_typesupport_fastrtps_cpp.hpp
[2.987s] -- Symlinking: /home/user/ros2_ws/install/velodyne_msgs/include/velodyne_msgs/velodyne_msgs/msg/detail/velodyne_scan__rosidl_typesupport_fastrtps_cpp.hpp
[2.995s] -- Symlinking: /home/user/ros2_ws/install/velodyne_msgs/include/velodyne_msgs/velodyne_msgs/msg/rosidl_typesupport_fastrtps_cpp__visibility_control.h
[3.004s] -- Symlinking: /home/user/ros2_ws/install/velodyne_msgs/include/velodyne_msgs/velodyne_msgs/msg/detail/velodyne_packet__rosidl_typesupport_introspection_c.h
[3.011s] -- Symlinking: /home/user/ros2_ws/install/velodyne_msgs/include/velodyne_msgs/velodyne_msgs/msg/detail/velodyne_scan__rosidl_typesupport_introspection_c.h
[3.019s] -- Symlinking: /home/user/ros2_ws/install/velodyne_msgs/include/velodyne_msgs/velodyne_msgs/msg/rosidl_typesupport_introspection_c__visibility_control.h
[3.027s] -- Symlinking: /home/user/ros2_ws/install/velodyne_msgs/include/velodyne_msgs/velodyne_msgs/msg/detail/velodyne_packet__rosidl_typesupport_introspection_cpp.hpp
[3.036s] -- Symlinking: /home/user/ros2_ws/install/velodyne_msgs/include/velodyne_msgs/velodyne_msgs/msg/detail/velodyne_scan__rosidl_typesupport_introspection_cpp.hpp
[3.043s] -- Symlinking: /home/user/ros2_ws/install/velodyne_msgs/share/velodyne_msgs/environment/pythonpath.sh
[3.051s] -- Symlinking: /home/user/ros2_ws/install/velodyne_msgs/share/velodyne_msgs/environment/pythonpath.dsv
[3.059s] -- Symlinking: /home/user/ros2_ws/install/velodyne_msgs/local/lib/python3.10/dist-packages/velodyne_msgs-2.4.0-py3.10.egg-info/PKG-INFO
[3.067s] -- Symlinking: /home/user/ros2_ws/install/velodyne_msgs/local/lib/python3.10/dist-packages/velodyne_msgs-2.4.0-py3.10.egg-info/SOURCES.txt
[3.075s] -- Symlinking: /home/user/ros2_ws/install/velodyne_msgs/local/lib/python3.10/dist-packages/velodyne_msgs-2.4.0-py3.10.egg-info/dependency_links.txt
[3.082s] -- Symlinking: /home/user/ros2_ws/install/velodyne_msgs/local/lib/python3.10/dist-packages/velodyne_msgs-2.4.0-py3.10.egg-info/top_level.txt
[3.091s] -- Symlinking: /home/user/ros2_ws/install/velodyne_msgs/local/lib/python3.10/dist-packages/velodyne_msgs/__init__.py
[3.099s] -- Symlinking: /home/user/ros2_ws/install/velodyne_msgs/local/lib/python3.10/dist-packages/velodyne_msgs/_velodyne_msgs_s.ep.rosidl_typesupport_c.c
[3.108s] -- Symlinking: /home/user/ros2_ws/install/velodyne_msgs/local/lib/python3.10/dist-packages/velodyne_msgs/_velodyne_msgs_s.ep.rosidl_typesupport_fastrtps_c.c
[3.115s] -- Symlinking: /home/user/ros2_ws/install/velodyne_msgs/local/lib/python3.10/dist-packages/velodyne_msgs/_velodyne_msgs_s.ep.rosidl_typesupport_introspection_c.c
[3.120s] -- Symlinking: /home/user/ros2_ws/install/velodyne_msgs/local/lib/python3.10/dist-packages/velodyne_msgs/libvelodyne_msgs__rosidl_generator_py.so
[3.125s] -- Symlinking: /home/user/ros2_ws/install/velodyne_msgs/local/lib/python3.10/dist-packages/velodyne_msgs/msg/__init__.py
[3.130s] -- Symlinking: /home/user/ros2_ws/install/velodyne_msgs/local/lib/python3.10/dist-packages/velodyne_msgs/msg/_velodyne_packet.py
[3.136s] -- Symlinking: /home/user/ros2_ws/install/velodyne_msgs/local/lib/python3.10/dist-packages/velodyne_msgs/msg/_velodyne_packet_s.c
[3.140s] -- Symlinking: /home/user/ros2_ws/install/velodyne_msgs/local/lib/python3.10/dist-packages/velodyne_msgs/msg/_velodyne_scan.py
[3.145s] -- Symlinking: /home/user/ros2_ws/install/velodyne_msgs/local/lib/python3.10/dist-packages/velodyne_msgs/msg/_velodyne_scan_s.c
[3.150s] -- Symlinking: /home/user/ros2_ws/install/velodyne_msgs/local/lib/python3.10/dist-packages/velodyne_msgs/velodyne_msgs_s__rosidl_typesupport_c.cpython-310-x86_64-linux-gnu.so
[3.156s] -- Symlinking: /home/user/ros2_ws/install/velodyne_msgs/local/lib/python3.10/dist-packages/velodyne_msgs/velodyne_msgs_s__rosidl_typesupport_fastrtps_c.cpython-310-x86_64-linux-gnu.so
[3.161s] -- Symlinking: /home/user/ros2_ws/install/velodyne_msgs/local/lib/python3.10/dist-packages/velodyne_msgs/velodyne_msgs_s__rosidl_typesupport_introspection_c.cpython-310-x86_64-linux-gnu.so
[3.167s] -- Up-to-date symlink: /home/user/ros2_ws/install/velodyne_msgs/local/lib/python3.10/dist-packages/velodyne_msgs/velodyne_msgs_s__rosidl_typesupport_fastrtps_c.cpython-310-x86_64-linux-gnu.so
[3.167s] -- Up-to-date symlink: /home/user/ros2_ws/install/velodyne_msgs/local/lib/python3.10/dist-packages/velodyne_msgs/velodyne_msgs_s__rosidl_typesupport_introspection_c.cpython-310-x86_64-linux-gnu.so
[3.167s] -- Up-to-date symlink: /home/user/ros2_ws/install/velodyne_msgs/local/lib/python3.10/dist-packages/velodyne_msgs/velodyne_msgs_s__rosidl_typesupport_c.cpython-310-x86_64-linux-gnu.so
[3.167s] -- Symlinking: /home/user/ros2_ws/install/velodyne_msgs/share/velodyne_msgs/msg/VelodynePacket.idl
[3.175s] -- Symlinking: /home/user/ros2_ws/install/velodyne_msgs/share/velodyne_msgs/msg/VelodyneScan.idl
[3.183s] -- Symlinking: /home/user/ros2_ws/install/velodyne_msgs/share/velodyne_msgs/msg/VelodynePacket.msg
[3.190s] -- Symlinking: /home/user/ros2_ws/install/velodyne_msgs/share/velodyne_msgs/msg/VelodyneScan.msg
[3.198s] -- Symlinking: /home/user/ros2_ws/install/velodyne_msgs/share/ament_index/resource_index/package_run_dependencies/velodyne_msgs
[3.206s] -- Symlinking: /home/user/ros2_ws/install/velodyne_msgs/share/ament_index/resource_index/parent_prefix_path/velodyne_msgs
[3.213s] -- Symlinking: /home/user/ros2_ws/install/velodyne_msgs/share/velodyne_msgs/environment/ament_prefix_path.sh
[3.220s] -- Symlinking: /home/user/ros2_ws/install/velodyne_msgs/share/velodyne_msgs/environment/ament_prefix_path.dsv
[3.228s] -- Symlinking: /home/user/ros2_ws/install/velodyne_msgs/share/velodyne_msgs/environment/path.sh
[3.236s] -- Symlinking: /home/user/ros2_ws/install/velodyne_msgs/share/velodyne_msgs/environment/path.dsv
[3.243s] -- Symlinking: /home/user/ros2_ws/install/velodyne_msgs/share/velodyne_msgs/local_setup.bash
[3.248s] -- Symlinking: /home/user/ros2_ws/install/velodyne_msgs/share/velodyne_msgs/local_setup.sh
[3.253s] -- Symlinking: /home/user/ros2_ws/install/velodyne_msgs/share/velodyne_msgs/local_setup.zsh
[3.258s] -- Symlinking: /home/user/ros2_ws/install/velodyne_msgs/share/velodyne_msgs/local_setup.dsv
[3.264s] -- Symlinking: /home/user/ros2_ws/install/velodyne_msgs/share/velodyne_msgs/package.dsv
[3.269s] -- Symlinking: /home/user/ros2_ws/install/velodyne_msgs/share/ament_index/resource_index/packages/velodyne_msgs
[3.275s] -- Symlinking: /home/user/ros2_ws/install/velodyne_msgs/share/velodyne_msgs/cmake/rosidl_cmake-extras.cmake
[3.280s] -- Symlinking: /home/user/ros2_ws/install/velodyne_msgs/share/velodyne_msgs/cmake/ament_cmake_export_dependencies-extras.cmake
[3.285s] -- Symlinking: /home/user/ros2_ws/install/velodyne_msgs/share/velodyne_msgs/cmake/ament_cmake_export_include_directories-extras.cmake
[3.290s] -- Symlinking: /home/user/ros2_ws/install/velodyne_msgs/share/velodyne_msgs/cmake/ament_cmake_export_libraries-extras.cmake
[3.295s] -- Symlinking: /home/user/ros2_ws/install/velodyne_msgs/share/velodyne_msgs/cmake/ament_cmake_export_targets-extras.cmake
[3.300s] -- Symlinking: /home/user/ros2_ws/install/velodyne_msgs/share/velodyne_msgs/cmake/rosidl_cmake_export_typesupport_targets-extras.cmake
[3.305s] -- Symlinking: /home/user/ros2_ws/install/velodyne_msgs/share/velodyne_msgs/cmake/rosidl_cmake_export_typesupport_libraries-extras.cmake
[3.310s] -- Symlinking: /home/user/ros2_ws/install/velodyne_msgs/share/velodyne_msgs/cmake/velodyne_msgsConfig.cmake
[3.315s] -- Symlinking: /home/user/ros2_ws/install/velodyne_msgs/share/velodyne_msgs/cmake/velodyne_msgsConfig-version.cmake
[3.320s] -- Symlinking: /home/user/ros2_ws/install/velodyne_msgs/share/velodyne_msgs/package.xml
[3.327s] -- Installing: /home/user/ros2_ws/install/velodyne_msgs/lib/libvelodyne_msgs__rosidl_generator_c.so
[3.327s] -- Set runtime path of "/home/user/ros2_ws/install/velodyne_msgs/lib/libvelodyne_msgs__rosidl_generator_c.so" to ""
[3.327s] -- Installing: /home/user/ros2_ws/install/velodyne_msgs/lib/libvelodyne_msgs__rosidl_typesupport_fastrtps_c.so
[3.327s] -- Set runtime path of "/home/user/ros2_ws/install/velodyne_msgs/lib/libvelodyne_msgs__rosidl_typesupport_fastrtps_c.so" to ""
[3.327s] -- Installing: /home/user/ros2_ws/install/velodyne_msgs/lib/libvelodyne_msgs__rosidl_typesupport_fastrtps_cpp.so
[3.328s] -- Set runtime path of "/home/user/ros2_ws/install/velodyne_msgs/lib/libvelodyne_msgs__rosidl_typesupport_fastrtps_cpp.so" to ""
[3.329s] -- Installing: /home/user/ros2_ws/install/velodyne_msgs/lib/libvelodyne_msgs__rosidl_typesupport_introspection_c.so
[3.329s] -- Set runtime path of "/home/user/ros2_ws/install/velodyne_msgs/lib/libvelodyne_msgs__rosidl_typesupport_introspection_c.so" to ""
[3.329s] -- Installing: /home/user/ros2_ws/install/velodyne_msgs/lib/libvelodyne_msgs__rosidl_typesupport_c.so
[3.329s] -- Set runtime path of "/home/user/ros2_ws/install/velodyne_msgs/lib/libvelodyne_msgs__rosidl_typesupport_c.so" to ""
[3.329s] -- Installing: /home/user/ros2_ws/install/velodyne_msgs/lib/libvelodyne_msgs__rosidl_typesupport_introspection_cpp.so
[3.329s] -- Set runtime path of "/home/user/ros2_ws/install/velodyne_msgs/lib/libvelodyne_msgs__rosidl_typesupport_introspection_cpp.so" to ""
[3.329s] -- Installing: /home/user/ros2_ws/install/velodyne_msgs/lib/libvelodyne_msgs__rosidl_typesupport_cpp.so
[3.330s] -- Set runtime path of "/home/user/ros2_ws/install/velodyne_msgs/lib/libvelodyne_msgs__rosidl_typesupport_cpp.so" to ""
[3.356s] Listing '/home/user/ros2_ws/install/velodyne_msgs/local/lib/python3.10/dist-packages/velodyne_msgs'...
[3.356s] Compiling '/home/user/ros2_ws/install/velodyne_msgs/local/lib/python3.10/dist-packages/velodyne_msgs/__init__.py'...
[3.356s] Listing '/home/user/ros2_ws/install/velodyne_msgs/local/lib/python3.10/dist-packages/velodyne_msgs/msg'...
[3.356s] Compiling '/home/user/ros2_ws/install/velodyne_msgs/local/lib/python3.10/dist-packages/velodyne_msgs/msg/__init__.py'...
[3.356s] Compiling '/home/user/ros2_ws/install/velodyne_msgs/local/lib/python3.10/dist-packages/velodyne_msgs/msg/_velodyne_packet.py'...
[3.357s] Compiling '/home/user/ros2_ws/install/velodyne_msgs/local/lib/python3.10/dist-packages/velodyne_msgs/msg/_velodyne_scan.py'...
[3.360s] -- Installing: /home/user/ros2_ws/install/velodyne_msgs/lib/libvelodyne_msgs__rosidl_generator_py.so
[3.360s] -- Set runtime path of "/home/user/ros2_ws/install/velodyne_msgs/lib/libvelodyne_msgs__rosidl_generator_py.so" to ""
[3.360s] -- Installing: /home/user/ros2_ws/install/velodyne_msgs/share/velodyne_msgs/cmake/export_velodyne_msgs__rosidl_generator_cExport.cmake
[3.360s] -- Installing: /home/user/ros2_ws/install/velodyne_msgs/share/velodyne_msgs/cmake/export_velodyne_msgs__rosidl_generator_cExport-noconfig.cmake
[3.360s] -- Installing: /home/user/ros2_ws/install/velodyne_msgs/share/velodyne_msgs/cmake/export_velodyne_msgs__rosidl_typesupport_fastrtps_cExport.cmake
[3.361s] -- Installing: /home/user/ros2_ws/install/velodyne_msgs/share/velodyne_msgs/cmake/export_velodyne_msgs__rosidl_typesupport_fastrtps_cExport-noconfig.cmake
[3.361s] -- Installing: /home/user/ros2_ws/install/velodyne_msgs/share/velodyne_msgs/cmake/export_velodyne_msgs__rosidl_generator_cppExport.cmake
[3.361s] -- Installing: /home/user/ros2_ws/install/velodyne_msgs/share/velodyne_msgs/cmake/export_velodyne_msgs__rosidl_typesupport_fastrtps_cppExport.cmake
[3.361s] -- Installing: /home/user/ros2_ws/install/velodyne_msgs/share/velodyne_msgs/cmake/export_velodyne_msgs__rosidl_typesupport_fastrtps_cppExport-noconfig.cmake
[3.361s] -- Installing: /home/user/ros2_ws/install/velodyne_msgs/share/velodyne_msgs/cmake/velodyne_msgs__rosidl_typesupport_introspection_cExport.cmake
[3.361s] -- Installing: /home/user/ros2_ws/install/velodyne_msgs/share/velodyne_msgs/cmake/velodyne_msgs__rosidl_typesupport_introspection_cExport-noconfig.cmake
[3.361s] -- Installing: /home/user/ros2_ws/install/velodyne_msgs/share/velodyne_msgs/cmake/velodyne_msgs__rosidl_typesupport_cExport.cmake
[3.361s] -- Installing: /home/user/ros2_ws/install/velodyne_msgs/share/velodyne_msgs/cmake/velodyne_msgs__rosidl_typesupport_cExport-noconfig.cmake
[3.362s] -- Installing: /home/user/ros2_ws/install/velodyne_msgs/share/velodyne_msgs/cmake/velodyne_msgs__rosidl_typesupport_introspection_cppExport.cmake
[3.362s] -- Installing: /home/user/ros2_ws/install/velodyne_msgs/share/velodyne_msgs/cmake/velodyne_msgs__rosidl_typesupport_introspection_cppExport-noconfig.cmake
[3.362s] -- Installing: /home/user/ros2_ws/install/velodyne_msgs/share/velodyne_msgs/cmake/velodyne_msgs__rosidl_typesupport_cppExport.cmake
[3.362s] -- Installing: /home/user/ros2_ws/install/velodyne_msgs/share/velodyne_msgs/cmake/velodyne_msgs__rosidl_typesupport_cppExport-noconfig.cmake
[3.362s] -- Installing: /home/user/ros2_ws/install/velodyne_msgs/share/velodyne_msgs/cmake/export_velodyne_msgs__rosidl_generator_pyExport.cmake
[3.362s] -- Installing: /home/user/ros2_ws/install/velodyne_msgs/share/velodyne_msgs/cmake/export_velodyne_msgs__rosidl_generator_pyExport-noconfig.cmake
[3.364s] Invoked command in '/home/user/ros2_ws/build/velodyne_msgs' returned '0': CMAKE_PREFIX_PATH=${CMAKE_PREFIX_PATH}:/home/user/ros2_ws/install/sub:/home/user/ros2_ws/install/kitti2rosbag2:/home/user/yolo/install/yolov8_ros:/opt/ros/humble /usr/bin/cmake --install /home/user/ros2_ws/build/velodyne_msgs
