[0.023s] Invoking command in '/home/user/ros2_ws/src/build/direct_visual_lidar_calibration': CMAKE_PREFIX_PATH=/home/user/ros2_ws/install/sub:/home/user/ros2_ws/install/gps_pkg:/home/user/ros2_ws/install/kitti2rosbag2:/home/user/ros2_ws/install/a123:/opt/ros/humble:${CMAKE_PREFIX_PATH} /usr/bin/cmake /home/user/ros2_ws/src/direct_visual_lidar_calibration -DCMAKE_INSTALL_PREFIX=/home/user/ros2_ws/src/install/direct_visual_lidar_calibration
[0.235s] -- The C compiler identification is GNU 11.4.0
[0.235s] -- The CXX compiler identification is GNU 11.4.0
[0.235s] -- Detecting C compiler ABI info
[0.235s] -- Detecting C compiler ABI info - done
[0.235s] -- Check for working C compiler: /usr/bin/cc - skipped
[0.235s] -- Detecting C compile features
[0.235s] -- Detecting C compile features - done
[0.235s] -- Detecting CXX compiler ABI info
[0.235s] -- Detecting CXX compiler ABI info - done
[0.235s] -- Check for working CXX compiler: /usr/bin/c++ - skipped
[0.235s] -- Detecting CXX compile features
[0.235s] -- Detecting CXX compile features - done
[0.235s] -- Found ament_cmake_auto: 1.3.8 (/opt/ros/humble/share/ament_cmake_auto/cmake)
[0.345s] -- Found Python3: /usr/bin/python3 (found version "3.10.12") found components: Interpreter 
[0.489s] -- Found rosidl_generator_c: 3.1.5 (/opt/ros/humble/share/rosidl_generator_c/cmake)
[0.492s] -- Found rosidl_adapter: 3.1.5 (/opt/ros/humble/share/rosidl_adapter/cmake)
[0.498s] -- Found rosidl_generator_cpp: 3.1.5 (/opt/ros/humble/share/rosidl_generator_cpp/cmake)
[0.508s] -- Using all available rosidl_typesupport_c: rosidl_typesupport_fastrtps_c;rosidl_typesupport_introspection_c
[0.522s] -- Using all available rosidl_typesupport_cpp: rosidl_typesupport_fastrtps_cpp;rosidl_typesupport_introspection_cpp
[0.572s] -- Found rmw_implementation_cmake: 6.1.1 (/opt/ros/humble/share/rmw_implementation_cmake/cmake)
[0.576s] -- Found rmw_fastrtps_cpp: 6.2.6 (/opt/ros/humble/share/rmw_fastrtps_cpp/cmake)
[0.640s] -- Found OpenSSL: /usr/lib/x86_64-linux-gnu/libcrypto.so (found version "3.0.2")  
[0.664s] -- Found FastRTPS: /opt/ros/humble/include  
[0.700s] -- Using RMW implementation 'rmw_fastrtps_cpp' as default
[0.707s] -- Looking for pthread.h
[0.752s] -- Looking for pthread.h - found
[0.752s] -- Performing Test CMAKE_HAVE_LIBC_PTHREAD
[0.800s] -- Performing Test CMAKE_HAVE_LIBC_PTHREAD - Success
[0.801s] -- Found Threads: TRUE  
[1.070s] -- Found Boost: /usr/lib/x86_64-linux-gnu/cmake/Boost-1.74.0/BoostConfig.cmake (found suitable version "1.74.0", minimum required is "1.65.0") found components: system filesystem iostreams serialization 
[1.081s] -- Checking for module 'flann'
[1.089s] --   Found flann, version 1.9.1
[1.110s] -- Found FLANN: /usr/lib/x86_64-linux-gnu/libflann_cpp.so  
[1.110s] -- FLANN found (include: /usr/include, lib: /usr/lib/x86_64-linux-gnu/libflann_cpp.so)
[1.267s] -- Found OpenMP_CXX: -fopenmp (found version "4.5") 
[1.267s] -- Found OpenMP: TRUE (found version "4.5") found components: CXX 
[1.295s] -- Found GLEW: /usr/lib/x86_64-linux-gnu/libGLEW.so  
[1.299s] -- Found OpenGL: /usr/lib/x86_64-linux-gnu/libOpenGL.so  found components: OpenGL GLX 
[1.406s] -- Found MPI_C: /usr/lib/x86_64-linux-gnu/libmpi.so (found version "3.1") 
[1.406s] -- Found MPI: TRUE (found version "3.1") found components: C 
[1.408s] -- Found JsonCpp: /usr/lib/x86_64-linux-gnu/libjsoncpp.so (found suitable version "1.9.5", minimum required is "0.7.0") 
[1.414s] -- Found ZLIB: /usr/lib/x86_64-linux-gnu/libz.so (found version "1.2.11") 
[1.426s] -- Found PNG: /usr/lib/x86_64-linux-gnu/libpng.so (found version "1.6.37") 
[1.433s] -- Found Eigen3: /usr/include/eigen3 (found version "3.4.0") 
[1.488s] -- Found X11: /usr/include   
[1.488s] -- Looking for XOpenDisplay in /usr/lib/x86_64-linux-gnu/libX11.so;/usr/lib/x86_64-linux-gnu/libXext.so
[1.532s] -- Looking for XOpenDisplay in /usr/lib/x86_64-linux-gnu/libX11.so;/usr/lib/x86_64-linux-gnu/libXext.so - found
[1.532s] -- Looking for gethostbyname
[1.574s] -- Looking for gethostbyname - found
[1.574s] -- Looking for connect
[1.615s] -- Looking for connect - found
[1.615s] -- Looking for remove
[1.678s] -- Looking for remove - found
[1.678s] -- Looking for shmat
[1.750s] -- Looking for shmat - found
[1.750s] -- Looking for IceConnectionNumber in ICE
[1.811s] -- Looking for IceConnectionNumber in ICE - found
[1.877s] -- Found EXPAT: /usr/lib/x86_64-linux-gnu/libexpat.so (found version "2.4.7") 
[1.879s] -- Found double-conversion: /usr/lib/x86_64-linux-gnu/libdouble-conversion.so  
[1.881s] -- Found LZ4: /usr/lib/x86_64-linux-gnu/liblz4.so (found version "1.9.3") 
[1.882s] -- Found LZMA: /usr/lib/x86_64-linux-gnu/liblzma.so (found version "5.2.5") 
[1.889s] -- Found JPEG: /usr/lib/x86_64-linux-gnu/libjpeg.so (found version "80") 
[1.893s] -- Found TIFF: /usr/lib/x86_64-linux-gnu/libtiff.so (found version "4.3.0")  
[1.895s] -- Found Freetype: /usr/lib/x86_64-linux-gnu/libfreetype.so (found version "2.11.1") 
[1.899s] -- Found utf8cpp: /usr/include/utf8cpp  
[1.953s] -- Checking for module 'libusb-1.0'
[1.966s] --   Found libusb-1.0, version 1.0.25
[1.995s] -- Found libusb: /usr/lib/x86_64-linux-gnu/libusb-1.0.so  
[1.996s] -- Found OpenNI: /usr/lib/libOpenNI.so;libusb::libusb (found version "1.5.4.0") 
[1.996s] -- OpenNI found (version: 1.5.4.0, include: /usr/include/ni, lib: /usr/lib/libOpenNI.so;libusb::libusb)
[2.044s] -- Found OpenNI2: /usr/lib/x86_64-linux-gnu/libOpenNI2.so;libusb::libusb (found version "2.2.0.33") 
[2.044s] -- OpenNI2 found (version: 2.2.0.33, include: /usr/include/openni2, lib: /usr/lib/x86_64-linux-gnu/libOpenNI2.so;libusb::libusb)
[2.047s] -- Found Pcap: /usr/lib/x86_64-linux-gnu/libpcap.so  
[2.270s] -- OpenNI found (version: 1.5.4.0, include: /usr/include/ni, lib: /usr/lib/libOpenNI.so;libusb::libusb)
[2.274s] -- OpenNI2 found (version: 2.2.0.33, include: /usr/include/openni2, lib: /usr/lib/x86_64-linux-gnu/libOpenNI2.so;libusb::libusb)
[2.456s] -- Found Qhull version 8.0.2
[2.663s] -- looking for PCL_COMMON
[2.663s] -- Found PCL_COMMON: /usr/local/lib/libpcl_common.so  
[2.663s] -- looking for PCL_KDTREE
[2.664s] -- Found PCL_KDTREE: /usr/local/lib/libpcl_kdtree.so  
[2.664s] -- looking for PCL_OCTREE
[2.664s] -- Found PCL_OCTREE: /usr/local/lib/libpcl_octree.so  
[2.664s] -- looking for PCL_SEARCH
[2.664s] -- Found PCL_SEARCH: /usr/local/lib/libpcl_search.so  
[2.664s] -- looking for PCL_SAMPLE_CONSENSUS
[2.664s] -- Found PCL_SAMPLE_CONSENSUS: /usr/local/lib/libpcl_sample_consensus.so  
[2.664s] -- looking for PCL_FILTERS
[2.664s] -- Found PCL_FILTERS: /usr/local/lib/libpcl_filters.so  
[2.664s] -- looking for PCL_2D
[2.665s] -- Found PCL_2D: /usr/local/include/pcl-1.14  
[2.665s] -- looking for PCL_GEOMETRY
[2.665s] -- Found PCL_GEOMETRY: /usr/local/include/pcl-1.14  
[2.665s] -- looking for PCL_IO
[2.665s] -- Found PCL_IO: /usr/local/lib/libpcl_io.so  
[2.665s] -- looking for PCL_FEATURES
[2.665s] -- Found PCL_FEATURES: /usr/local/lib/libpcl_features.so  
[2.666s] -- looking for PCL_ML
[2.666s] -- Found PCL_ML: /usr/local/lib/libpcl_ml.so  
[2.666s] -- looking for PCL_SEGMENTATION
[2.666s] -- Found PCL_SEGMENTATION: /usr/local/lib/libpcl_segmentation.so  
[2.666s] -- looking for PCL_VISUALIZATION
[2.666s] -- Found PCL_VISUALIZATION: /usr/local/lib/libpcl_visualization.so  
[2.667s] -- looking for PCL_SURFACE
[2.667s] -- Found PCL_SURFACE: /usr/local/lib/libpcl_surface.so  
[2.667s] -- looking for PCL_REGISTRATION
[2.667s] -- Found PCL_REGISTRATION: /usr/local/lib/libpcl_registration.so  
[2.667s] -- looking for PCL_KEYPOINTS
[2.668s] -- Found PCL_KEYPOINTS: /usr/local/lib/libpcl_keypoints.so  
[2.668s] -- looking for PCL_TRACKING
[2.668s] -- Found PCL_TRACKING: /usr/local/lib/libpcl_tracking.so  
[2.668s] -- looking for PCL_RECOGNITION
[2.668s] -- Found PCL_RECOGNITION: /usr/local/lib/libpcl_recognition.so  
[2.668s] -- looking for PCL_STEREO
[2.669s] -- Found PCL_STEREO: /usr/local/lib/libpcl_stereo.so  
[2.669s] -- looking for PCL_OUTOFCORE
[2.669s] -- Found PCL_OUTOFCORE: /usr/local/lib/libpcl_outofcore.so  
[2.669s] -- looking for PCL_PEOPLE
[2.669s] -- Found PCL_PEOPLE: /usr/local/lib/libpcl_people.so  
[2.670s] -- Found PCL: pcl_common;pcl_kdtree;pcl_octree;pcl_search;pcl_sample_consensus;pcl_filters;pcl_io;pcl_features;pcl_ml;pcl_segmentation;pcl_visualization;pcl_surface;pcl_registration;pcl_keypoints;pcl_tracking;pcl_recognition;pcl_stereo;pcl_outofcore;pcl_people;Boost::system;Boost::filesystem;Boost::iostreams;Boost::serialization;/usr/lib/libOpenNI.so;libusb::libusb;/usr/lib/x86_64-linux-gnu/libOpenNI2.so;libusb::libusb;VTK::ChartsCore;VTK::CommonColor;VTK::CommonComputationalGeometry;VTK::CommonCore;VTK::CommonDataModel;VTK::CommonExecutionModel;VTK::CommonMath;VTK::CommonMisc;VTK::CommonTransforms;VTK::FiltersCore;VTK::FiltersExtraction;VTK::FiltersGeneral;VTK::FiltersGeometry;VTK::FiltersModeling;VTK::FiltersSources;VTK::ImagingCore;VTK::ImagingSources;VTK::InteractionImage;VTK::InteractionStyle;VTK::InteractionWidgets;VTK::IOCore;VTK::IOGeometry;VTK::IOImage;VTK::IOLegacy;VTK::IOPLY;VTK::RenderingAnnotation;VTK::RenderingCore;VTK::RenderingContext2D;VTK::RenderingLOD;VTK::RenderingFreeType;VTK::ViewsCore;VTK::ViewsContext2D;VTK::RenderingOpenGL2;VTK::RenderingContextOpenGL2;VTK::GUISupportQt;FLANN::FLANN;QHULL::QHULL  
[2.674s] -- Found METIS: /usr/include (found suitable version "5.1.0", minimum required is "5.1.0") 
[2.675s] -- Found required Ceres dependency: Eigen version 3.4.0 in /usr/share/eigen3/cmake
[2.679s] -- Found required Ceres dependency: glog
[2.680s] -- Found required Ceres dependency: gflags
[2.680s] -- Found Ceres version: 2.2.0 installed in: /usr/local with components: [EigenSparse, SparseLinearAlgebraLibrary, LAPACK, SchurSpecializations]
[2.682s] -- Found GTSAM: /usr/local/include  
[2.685s] -- Found OpenCV: /usr (found version "4.5.4") 
[2.690s] -- Found Boost: /usr/lib/x86_64-linux-gnu/cmake/Boost-1.74.0/BoostConfig.cmake (found version "1.74.0") found components: filesystem program_options 
[2.691s] -- Found Iridescence: /usr/local/include/iridescence  
[2.755s] -- Found OpenMP_C: -fopenmp (found version "4.5") 
[2.756s] -- Found OpenMP: TRUE (found version "4.5")  
[2.784s] -- Configuring done
[2.846s] -- Generating done
[2.848s] -- Build files have been written to: /home/user/ros2_ws/src/build/direct_visual_lidar_calibration
