[0.014s] Invoking command in '/home/user/ros2_ws/src/build/velodyne_pointcloud': AMENT_PREFIX_PATH=/home/user/ros2_ws/src/install/velodyne_msgs:/home/user/ros2_ws/src/install/diagnostic_updater:/home/user/ros2_ws/src/install/angles:${AMENT_PREFIX_PATH} CMAKE_PREFIX_PATH=/home/user/ros2_ws/src/install/velodyne_msgs:/home/user/ros2_ws/src/install/diagnostic_updater:/home/user/ros2_ws/src/install/angles:/home/user/ros2_ws/install/sub:/home/user/ros2_ws/install/gps_pkg:/home/user/ros2_ws/install/kitti2rosbag2:/home/user/ros2_ws/install/a123:/opt/ros/humble:${CMAKE_PREFIX_PATH} LD_LIBRARY_PATH=/home/user/ros2_ws/src/install/velodyne_msgs/lib:/home/user/ros2_ws/src/install/diagnostic_updater/lib:${LD_LIBRARY_PATH} PYTHONPATH=/home/user/ros2_ws/src/install/velodyne_msgs/local/lib/python3.10/dist-packages:/home/user/ros2_ws/src/install/diagnostic_updater/local/lib/python3.10/dist-packages:/home/user/ros2_ws/src/install/angles/local/lib/python3.10/dist-packages:${PYTHONPATH} /usr/bin/cmake /home/user/ros2_ws/src/velodyne/velodyne_pointcloud -DCMAKE_INSTALL_PREFIX=/home/user/ros2_ws/src/install/velodyne_pointcloud
[0.023s] -- Found ament_cmake: 1.3.8 (/opt/ros/humble/share/ament_cmake/cmake)
[0.121s] -- Override CMake install command with custom implementation using symlinks instead of copying resources
[0.129s] -- Found angles: 1.16.0 (/home/user/ros2_ws/src/install/angles/share/angles/cmake)
[0.130s] -- Found diagnostic_updater: 3.1.2 (/home/user/ros2_ws/src/install/diagnostic_updater/share/diagnostic_updater/cmake)
[0.150s] -- Found rosidl_generator_c: 3.1.5 (/opt/ros/humble/share/rosidl_generator_c/cmake)
[0.151s] -- Found rosidl_adapter: 3.1.5 (/opt/ros/humble/share/rosidl_adapter/cmake)
[0.155s] -- Found rosidl_generator_cpp: 3.1.5 (/opt/ros/humble/share/rosidl_generator_cpp/cmake)
[0.163s] -- Using all available rosidl_typesupport_c: rosidl_typesupport_fastrtps_c;rosidl_typesupport_introspection_c
[0.175s] -- Using all available rosidl_typesupport_cpp: rosidl_typesupport_fastrtps_cpp;rosidl_typesupport_introspection_cpp
[0.288s] -- Found rmw_implementation_cmake: 6.1.1 (/opt/ros/humble/share/rmw_implementation_cmake/cmake)
[0.290s] -- Found rmw_fastrtps_cpp: 6.2.6 (/opt/ros/humble/share/rmw_fastrtps_cpp/cmake)
[0.370s] -- Using RMW implementation 'rmw_fastrtps_cpp' as default
[0.466s] -- Found geometry_msgs: 4.2.3 (/opt/ros/humble/share/geometry_msgs/cmake)
[0.496s] -- Found message_filters: 4.3.3 (/opt/ros/humble/share/message_filters/cmake)
[0.511s] -- Eigen found (include: /usr/include/eigen3, version: 3.4.0)
[0.520s] -- looking for PCL_COMMON
[0.520s] -- Found rclcpp_components: 16.0.8 (/opt/ros/humble/share/rclcpp_components/cmake)
[0.559s] -- Found sensor_msgs: 4.2.3 (/opt/ros/humble/share/sensor_msgs/cmake)
[0.617s] -- Found tf2: 0.25.6 (/opt/ros/humble/share/tf2/cmake)
[0.624s] -- Found tf2_ros: 0.25.6 (/opt/ros/humble/share/tf2_ros/cmake)
[0.793s] -- Found velodyne_msgs: 2.4.0 (/home/user/ros2_ws/src/install/velodyne_msgs/share/velodyne_msgs/cmake)
[0.842s] -- Found ament_lint_auto: 0.12.10 (/opt/ros/humble/share/ament_lint_auto/cmake)
[0.894s] -- Found gtest sources under '/opt/ros/humble/src/gtest_vendor': C++ tests using 'Google Test' will be built
[0.905s] -- Added test 'copyright' to check source files copyright and LICENSE
[0.906s] -- Added test 'cppcheck' to perform static code analysis on C / C++ code
[0.906s] -- Configured cppcheck include dirs: /home/user/ros2_ws/src/velodyne/velodyne_pointcloud/include
[0.906s] -- Configured cppcheck exclude dirs and/or files: 
[0.907s] -- Added test 'cpplint' to check C / C++ code against the Google style
[0.907s] -- Configured cpplint exclude dirs and/or files: 
[0.908s] -- Added test 'flake8' to check Python code syntax and style conventions
[0.908s] -- Added test 'lint_cmake' to check CMake code style
[0.908s] -- Added test 'pep257' to check Python code against some of the docstring style conventions in PEP 257
[0.910s] -- Added test 'uncrustify' to check C / C++ code style
[0.910s] -- Configured uncrustify additional arguments: 
[0.914s] -- Configuring done
[0.959s] -- Generating done
[0.961s] -- Build files have been written to: /home/user/ros2_ws/src/build/velodyne_pointcloud
