[0.025s] Invoking command in '/home/user/ros2_ws/src/build/angles': CMAKE_PREFIX_PATH=/home/user/ros2_ws/install/sub:/home/user/ros2_ws/install/gps_pkg:/home/user/ros2_ws/install/kitti2rosbag2:/home/user/ros2_ws/install/a123:/opt/ros/humble:${CMAKE_PREFIX_PATH} /usr/bin/cmake --build /home/user/ros2_ws/src/build/angles -- -j32 -l32
[0.240s] [35m[1mConsolidate compiler generated dependencies of target gtest_main[0m
[0.240s] [35m[1mConsolidate compiler generated dependencies of target gtest[0m
[0.240s] [ 33%] Built target gtest_main
[0.241s] [ 66%] Built target gtest
[0.241s] [ 66%] Built target ament_cmake_python_symlink_angles
[0.241s] [35m[1mConsolidate compiler generated dependencies of target angles_utest[0m
[0.241s] [100%] Built target angles_utest
[0.253s] running egg_info
[0.254s] writing angles.egg-info/PKG-INFO
[0.254s] writing dependency_links to angles.egg-info/dependency_links.txt
[0.254s] writing top-level names to angles.egg-info/top_level.txt
[0.255s] reading manifest file 'angles.egg-info/SOURCES.txt'
[0.257s] writing manifest file 'angles.egg-info/SOURCES.txt'
[0.274s] [100%] Built target ament_cmake_python_build_angles_egg
[0.434s] Invoked command in '/home/user/ros2_ws/src/build/angles' returned '0': CMAKE_PREFIX_PATH=/home/user/ros2_ws/install/sub:/home/user/ros2_ws/install/gps_pkg:/home/user/ros2_ws/install/kitti2rosbag2:/home/user/ros2_ws/install/a123:/opt/ros/humble:${CMAKE_PREFIX_PATH} /usr/bin/cmake --build /home/user/ros2_ws/src/build/angles -- -j32 -l32
[0.455s] Invoking command in '/home/user/ros2_ws/src/build/angles': CMAKE_PREFIX_PATH=/home/user/ros2_ws/install/sub:/home/user/ros2_ws/install/gps_pkg:/home/user/ros2_ws/install/kitti2rosbag2:/home/user/ros2_ws/install/a123:/opt/ros/humble:${CMAKE_PREFIX_PATH} /usr/bin/cmake --install /home/user/ros2_ws/src/build/angles
[0.459s] -- Install configuration: ""
[0.459s] -- Execute custom install script
[0.461s] -- Up-to-date symlink: /home/user/ros2_ws/src/install/angles/include/angles/angles/angles.h
[0.463s] -- Up-to-date symlink: /home/user/ros2_ws/src/install/angles/share/angles/environment/pythonpath.sh
[0.463s] -- Up-to-date symlink: /home/user/ros2_ws/src/install/angles/share/angles/environment/pythonpath.dsv
[0.467s] -- Up-to-date symlink: /home/user/ros2_ws/src/install/angles/local/lib/python3.10/dist-packages/angles-1.16.0-py3.10.egg-info/PKG-INFO
[0.467s] -- Up-to-date symlink: /home/user/ros2_ws/src/install/angles/local/lib/python3.10/dist-packages/angles-1.16.0-py3.10.egg-info/SOURCES.txt
[0.467s] -- Up-to-date symlink: /home/user/ros2_ws/src/install/angles/local/lib/python3.10/dist-packages/angles-1.16.0-py3.10.egg-info/dependency_links.txt
[0.467s] -- Up-to-date symlink: /home/user/ros2_ws/src/install/angles/local/lib/python3.10/dist-packages/angles-1.16.0-py3.10.egg-info/top_level.txt
[0.467s] -- Up-to-date symlink: /home/user/ros2_ws/src/install/angles/local/lib/python3.10/dist-packages/angles/__init__.py
[0.468s] -- Up-to-date symlink: /home/user/ros2_ws/src/install/angles/share/ament_index/resource_index/package_run_dependencies/angles
[0.468s] -- Up-to-date symlink: /home/user/ros2_ws/src/install/angles/share/ament_index/resource_index/parent_prefix_path/angles
[0.468s] -- Up-to-date symlink: /home/user/ros2_ws/src/install/angles/share/angles/environment/ament_prefix_path.sh
[0.468s] -- Up-to-date symlink: /home/user/ros2_ws/src/install/angles/share/angles/environment/ament_prefix_path.dsv
[0.469s] -- Up-to-date symlink: /home/user/ros2_ws/src/install/angles/share/angles/environment/path.sh
[0.469s] -- Up-to-date symlink: /home/user/ros2_ws/src/install/angles/share/angles/environment/path.dsv
[0.469s] -- Up-to-date symlink: /home/user/ros2_ws/src/install/angles/share/angles/local_setup.bash
[0.469s] -- Up-to-date symlink: /home/user/ros2_ws/src/install/angles/share/angles/local_setup.sh
[0.470s] -- Up-to-date symlink: /home/user/ros2_ws/src/install/angles/share/angles/local_setup.zsh
[0.470s] -- Up-to-date symlink: /home/user/ros2_ws/src/install/angles/share/angles/local_setup.dsv
[0.470s] -- Symlinking: /home/user/ros2_ws/src/install/angles/share/angles/package.dsv
[0.477s] -- Up-to-date symlink: /home/user/ros2_ws/src/install/angles/share/ament_index/resource_index/packages/angles
[0.480s] -- Up-to-date symlink: /home/user/ros2_ws/src/install/angles/share/angles/cmake/ament_cmake_export_include_directories-extras.cmake
[0.481s] -- Up-to-date symlink: /home/user/ros2_ws/src/install/angles/share/angles/cmake/ament_cmake_export_targets-extras.cmake
[0.481s] -- Up-to-date symlink: /home/user/ros2_ws/src/install/angles/share/angles/cmake/anglesConfig.cmake
[0.481s] -- Up-to-date symlink: /home/user/ros2_ws/src/install/angles/share/angles/cmake/anglesConfig-version.cmake
[0.481s] -- Up-to-date symlink: /home/user/ros2_ws/src/install/angles/share/angles/package.xml
[0.504s] Listing '/home/user/ros2_ws/src/install/angles/local/lib/python3.10/dist-packages/angles'...
[0.508s] -- Up-to-date: /home/user/ros2_ws/src/install/angles/share/angles/cmake/export_anglesExport.cmake
[0.527s] Invoked command in '/home/user/ros2_ws/src/build/angles' returned '0': CMAKE_PREFIX_PATH=/home/user/ros2_ws/install/sub:/home/user/ros2_ws/install/gps_pkg:/home/user/ros2_ws/install/kitti2rosbag2:/home/user/ros2_ws/install/a123:/opt/ros/humble:${CMAKE_PREFIX_PATH} /usr/bin/cmake --install /home/user/ros2_ws/src/build/angles
