[0.024s] Invoking command in '/home/user/ros2_ws/src/build/diagnostic_aggregator': CMAKE_PREFIX_PATH=/home/user/ros2_ws/install/sub:/home/user/ros2_ws/install/gps_pkg:/home/user/ros2_ws/install/kitti2rosbag2:/home/user/ros2_ws/install/a123:/opt/ros/humble:${CMAKE_PREFIX_PATH} /usr/bin/cmake --build /home/user/ros2_ws/src/build/diagnostic_aggregator -- -j32 -l32
[0.239s] [35m[1mConsolidate compiler generated dependencies of target diagnostic_aggregator[0m
[0.239s] [  0%] Built target ament_cmake_python_symlink_diagnostic_aggregator
[0.239s] [ 40%] Built target diagnostic_aggregator
[0.239s] [35m[1mConsolidate compiler generated dependencies of target aggregator_node[0m
[0.239s] [35m[1mConsolidate compiler generated dependencies of target diagnostic_aggregator_analyzers[0m
[0.239s] [ 60%] Built target aggregator_node
[0.239s] [100%] Built target diagnostic_aggregator_analyzers
[0.260s] running egg_info
[0.260s] writing diagnostic_aggregator.egg-info/PKG-INFO
[0.260s] writing dependency_links to diagnostic_aggregator.egg-info/dependency_links.txt
[0.260s] writing top-level names to diagnostic_aggregator.egg-info/top_level.txt
[0.262s] reading manifest file 'diagnostic_aggregator.egg-info/SOURCES.txt'
[0.263s] writing manifest file 'diagnostic_aggregator.egg-info/SOURCES.txt'
[0.281s] [100%] Built target ament_cmake_python_build_diagnostic_aggregator_egg
[0.430s] Invoked command in '/home/user/ros2_ws/src/build/diagnostic_aggregator' returned '0': CMAKE_PREFIX_PATH=/home/user/ros2_ws/install/sub:/home/user/ros2_ws/install/gps_pkg:/home/user/ros2_ws/install/kitti2rosbag2:/home/user/ros2_ws/install/a123:/opt/ros/humble:${CMAKE_PREFIX_PATH} /usr/bin/cmake --build /home/user/ros2_ws/src/build/diagnostic_aggregator -- -j32 -l32
[0.462s] Invoking command in '/home/user/ros2_ws/src/build/diagnostic_aggregator': CMAKE_PREFIX_PATH=/home/user/ros2_ws/install/sub:/home/user/ros2_ws/install/gps_pkg:/home/user/ros2_ws/install/kitti2rosbag2:/home/user/ros2_ws/install/a123:/opt/ros/humble:${CMAKE_PREFIX_PATH} /usr/bin/cmake --install /home/user/ros2_ws/src/build/diagnostic_aggregator
[0.467s] -- Install configuration: ""
[0.467s] -- Execute custom install script
[0.468s] -- Up-to-date symlink: /home/user/ros2_ws/src/install/diagnostic_aggregator/lib/diagnostic_aggregator/aggregator_node
[0.469s] -- Up-to-date symlink: /home/user/ros2_ws/src/install/diagnostic_aggregator/include/diagnostic_aggregator/aggregator.hpp
[0.470s] -- Up-to-date symlink: /home/user/ros2_ws/src/install/diagnostic_aggregator/include/diagnostic_aggregator/analyzer.hpp
[0.470s] -- Up-to-date symlink: /home/user/ros2_ws/src/install/diagnostic_aggregator/include/diagnostic_aggregator/analyzer_group.hpp
[0.472s] -- Up-to-date symlink: /home/user/ros2_ws/src/install/diagnostic_aggregator/include/diagnostic_aggregator/discard_analyzer.hpp
[0.473s] -- Up-to-date symlink: /home/user/ros2_ws/src/install/diagnostic_aggregator/include/diagnostic_aggregator/generic_analyzer.hpp
[0.473s] -- Up-to-date symlink: /home/user/ros2_ws/src/install/diagnostic_aggregator/include/diagnostic_aggregator/generic_analyzer_base.hpp
[0.474s] -- Up-to-date symlink: /home/user/ros2_ws/src/install/diagnostic_aggregator/include/diagnostic_aggregator/ignore_analyzer.hpp
[0.475s] -- Up-to-date symlink: /home/user/ros2_ws/src/install/diagnostic_aggregator/include/diagnostic_aggregator/other_analyzer.hpp
[0.475s] -- Up-to-date symlink: /home/user/ros2_ws/src/install/diagnostic_aggregator/include/diagnostic_aggregator/status_item.hpp
[0.475s] -- Up-to-date symlink: /home/user/ros2_ws/src/install/diagnostic_aggregator/include/diagnostic_aggregator/visibility_control.hpp
[0.477s] -- Up-to-date symlink: /home/user/ros2_ws/src/install/diagnostic_aggregator/share/diagnostic_aggregator/environment/pythonpath.sh
[0.478s] -- Up-to-date symlink: /home/user/ros2_ws/src/install/diagnostic_aggregator/share/diagnostic_aggregator/environment/pythonpath.dsv
[0.479s] -- Up-to-date symlink: /home/user/ros2_ws/src/install/diagnostic_aggregator/local/lib/python3.10/dist-packages/diagnostic_aggregator-3.1.2-py3.10.egg-info/PKG-INFO
[0.479s] -- Up-to-date symlink: /home/user/ros2_ws/src/install/diagnostic_aggregator/local/lib/python3.10/dist-packages/diagnostic_aggregator-3.1.2-py3.10.egg-info/SOURCES.txt
[0.479s] -- Up-to-date symlink: /home/user/ros2_ws/src/install/diagnostic_aggregator/local/lib/python3.10/dist-packages/diagnostic_aggregator-3.1.2-py3.10.egg-info/dependency_links.txt
[0.479s] -- Up-to-date symlink: /home/user/ros2_ws/src/install/diagnostic_aggregator/local/lib/python3.10/dist-packages/diagnostic_aggregator-3.1.2-py3.10.egg-info/top_level.txt
[0.480s] -- Up-to-date symlink: /home/user/ros2_ws/src/install/diagnostic_aggregator/local/lib/python3.10/dist-packages/diagnostic_aggregator/__init__.py
[0.480s] -- Up-to-date symlink: /home/user/ros2_ws/src/install/diagnostic_aggregator/share/diagnostic_aggregator/example.launch.py
[0.480s] -- Up-to-date symlink: /home/user/ros2_ws/src/install/diagnostic_aggregator/lib/diagnostic_aggregator/example_pub.py
[0.480s] -- Up-to-date symlink: /home/user/ros2_ws/src/install/diagnostic_aggregator/share/diagnostic_aggregator/example_analyzers.yaml
[0.480s] -- Up-to-date symlink: /home/user/ros2_ws/src/install/diagnostic_aggregator/share/diagnostic_aggregator//plugin_description.xml
[0.480s] -- Up-to-date symlink: /home/user/ros2_ws/src/install/diagnostic_aggregator/share/diagnostic_aggregator/environment/library_path.sh
[0.480s] -- Up-to-date symlink: /home/user/ros2_ws/src/install/diagnostic_aggregator/share/diagnostic_aggregator/environment/library_path.dsv
[0.481s] -- Up-to-date symlink: /home/user/ros2_ws/src/install/diagnostic_aggregator/share/ament_index/resource_index/package_run_dependencies/diagnostic_aggregator
[0.481s] -- Up-to-date symlink: /home/user/ros2_ws/src/install/diagnostic_aggregator/share/ament_index/resource_index/parent_prefix_path/diagnostic_aggregator
[0.481s] -- Up-to-date symlink: /home/user/ros2_ws/src/install/diagnostic_aggregator/share/diagnostic_aggregator/environment/ament_prefix_path.sh
[0.481s] -- Up-to-date symlink: /home/user/ros2_ws/src/install/diagnostic_aggregator/share/diagnostic_aggregator/environment/ament_prefix_path.dsv
[0.481s] -- Up-to-date symlink: /home/user/ros2_ws/src/install/diagnostic_aggregator/share/diagnostic_aggregator/environment/path.sh
[0.481s] -- Up-to-date symlink: /home/user/ros2_ws/src/install/diagnostic_aggregator/share/diagnostic_aggregator/environment/path.dsv
[0.482s] -- Up-to-date symlink: /home/user/ros2_ws/src/install/diagnostic_aggregator/share/diagnostic_aggregator/local_setup.bash
[0.482s] -- Up-to-date symlink: /home/user/ros2_ws/src/install/diagnostic_aggregator/share/diagnostic_aggregator/local_setup.sh
[0.482s] -- Up-to-date symlink: /home/user/ros2_ws/src/install/diagnostic_aggregator/share/diagnostic_aggregator/local_setup.zsh
[0.482s] -- Up-to-date symlink: /home/user/ros2_ws/src/install/diagnostic_aggregator/share/diagnostic_aggregator/local_setup.dsv
[0.483s] -- Symlinking: /home/user/ros2_ws/src/install/diagnostic_aggregator/share/diagnostic_aggregator/package.dsv
[0.487s] -- Up-to-date symlink: /home/user/ros2_ws/src/install/diagnostic_aggregator/share/ament_index/resource_index/packages/diagnostic_aggregator
[0.488s] -- Up-to-date symlink: /home/user/ros2_ws/src/install/diagnostic_aggregator/share/ament_index/resource_index/diagnostic_aggregator__pluginlib__plugin/diagnostic_aggregator
[0.488s] -- Up-to-date symlink: /home/user/ros2_ws/src/install/diagnostic_aggregator/share/diagnostic_aggregator/cmake/ament_cmake_export_targets-extras.cmake
[0.489s] -- Up-to-date symlink: /home/user/ros2_ws/src/install/diagnostic_aggregator/share/diagnostic_aggregator/cmake/ament_cmake_export_include_directories-extras.cmake
[0.489s] -- Up-to-date symlink: /home/user/ros2_ws/src/install/diagnostic_aggregator/share/diagnostic_aggregator/cmake/ament_cmake_export_dependencies-extras.cmake
[0.489s] -- Up-to-date symlink: /home/user/ros2_ws/src/install/diagnostic_aggregator/share/diagnostic_aggregator/cmake/diagnostic_aggregatorConfig.cmake
[0.489s] -- Up-to-date symlink: /home/user/ros2_ws/src/install/diagnostic_aggregator/share/diagnostic_aggregator/cmake/diagnostic_aggregatorConfig-version.cmake
[0.490s] -- Up-to-date symlink: /home/user/ros2_ws/src/install/diagnostic_aggregator/share/diagnostic_aggregator/package.xml
[0.490s] -- Up-to-date: /home/user/ros2_ws/src/install/diagnostic_aggregator/lib/libdiagnostic_aggregator.so
[0.491s] -- Up-to-date: /home/user/ros2_ws/src/install/diagnostic_aggregator/lib/libdiagnostic_aggregator_analyzers.so
[0.522s] Listing '/home/user/ros2_ws/src/install/diagnostic_aggregator/local/lib/python3.10/dist-packages/diagnostic_aggregator'...
[0.526s] -- Up-to-date: /home/user/ros2_ws/src/install/diagnostic_aggregator/share/diagnostic_aggregator/cmake/diagnostic_aggregatorTargetsExport.cmake
[0.526s] -- Up-to-date: /home/user/ros2_ws/src/install/diagnostic_aggregator/share/diagnostic_aggregator/cmake/diagnostic_aggregatorTargetsExport-noconfig.cmake
[0.531s] Invoked command in '/home/user/ros2_ws/src/build/diagnostic_aggregator' returned '0': CMAKE_PREFIX_PATH=/home/user/ros2_ws/install/sub:/home/user/ros2_ws/install/gps_pkg:/home/user/ros2_ws/install/kitti2rosbag2:/home/user/ros2_ws/install/a123:/opt/ros/humble:${CMAKE_PREFIX_PATH} /usr/bin/cmake --install /home/user/ros2_ws/src/build/diagnostic_aggregator
