[0.017s] Invoking command in '/home/user/ros2_ws/build/diagnostic_aggregator': CMAKE_PREFIX_PATH=${CMAKE_PREFIX_PATH}:/home/user/ros2_ws/install/sub:/home/user/ros2_ws/install/kitti2rosbag2:/home/user/yolo/install/yolov8_ros:/opt/ros/humble /usr/bin/cmake /home/user/ros2_ws/src/diagnostics/diagnostic_aggregator -DAMENT_CMAKE_SYMLINK_INSTALL=1 -DCMAKE_INSTALL_PREFIX=/home/user/ros2_ws/install/diagnostic_aggregator
[0.204s] -- The C compiler identification is GNU 11.4.0
[0.204s] -- The CXX compiler identification is GNU 11.4.0
[0.204s] -- Detecting C compiler ABI info
[0.210s] -- Detecting C compiler ABI info - done
[0.215s] -- Check for working C compiler: /usr/bin/cc - skipped
[0.215s] -- Detecting C compile features
[0.215s] -- Detecting C compile features - done
[0.217s] -- Detecting CXX compiler ABI info
[0.264s] -- Detecting CXX compiler ABI info - done
[0.270s] -- Check for working CXX compiler: /usr/bin/c++ - skipped
[0.270s] -- Detecting CXX compile features
[0.271s] -- Detecting CXX compile features - done
[0.271s] -- Found ament_cmake: 1.3.8 (/opt/ros/humble/share/ament_cmake/cmake)
[0.371s] -- Found Python3: /usr/bin/python3 (found version "3.10.12") found components: Interpreter 
[0.411s] -- Override CMake install command with custom implementation using symlinks instead of copying resources
[0.429s] -- Found diagnostic_msgs: 4.2.3 (/opt/ros/humble/share/diagnostic_msgs/cmake)
[0.454s] -- Found rosidl_generator_c: 3.1.5 (/opt/ros/humble/share/rosidl_generator_c/cmake)
[0.458s] -- Found rosidl_adapter: 3.1.5 (/opt/ros/humble/share/rosidl_adapter/cmake)
[0.465s] -- Found rosidl_generator_cpp: 3.1.5 (/opt/ros/humble/share/rosidl_generator_cpp/cmake)
[0.474s] -- Using all available rosidl_typesupport_c: rosidl_typesupport_fastrtps_c;rosidl_typesupport_introspection_c
[0.487s] -- Using all available rosidl_typesupport_cpp: rosidl_typesupport_fastrtps_cpp;rosidl_typesupport_introspection_cpp
[0.570s] -- Found pluginlib: 5.1.0 (/opt/ros/humble/share/pluginlib/cmake)
[0.598s] -- Found rclcpp: 16.0.8 (/opt/ros/humble/share/rclcpp/cmake)
[0.638s] -- Found rmw_implementation_cmake: 6.1.1 (/opt/ros/humble/share/rmw_implementation_cmake/cmake)
[0.640s] -- Found rmw_fastrtps_cpp: 6.2.6 (/opt/ros/humble/share/rmw_fastrtps_cpp/cmake)
[0.665s] -- Found TinyXML2 via Config file: TinyXML2_DIR-NOTFOUND
[0.695s] -- Found OpenSSL: /usr/lib/x86_64-linux-gnu/libcrypto.so (found version "3.0.2")  
[0.696s] -- Found TinyXML2 via Config file: TinyXML2_DIR-NOTFOUND
[0.708s] -- Found FastRTPS: /opt/ros/humble/include  
[0.715s] -- Found TinyXML2 via Config file: TinyXML2_DIR-NOTFOUND
[0.722s] -- Found TinyXML2 via Config file: TinyXML2_DIR-NOTFOUND
[0.733s] -- Using RMW implementation 'rmw_fastrtps_cpp' as default
[0.742s] -- Looking for pthread.h
[0.782s] -- Looking for pthread.h - found
[0.782s] -- Performing Test CMAKE_HAVE_LIBC_PTHREAD
[0.828s] -- Performing Test CMAKE_HAVE_LIBC_PTHREAD - Success
[0.829s] -- Found Threads: TRUE  
[0.920s] -- Found ament_lint_auto: 0.12.10 (/opt/ros/humble/share/ament_lint_auto/cmake)
[0.986s] -- Found python_cmake_module: 0.10.0 (/opt/ros/humble/share/python_cmake_module/cmake)
[1.002s] -- Found PythonInterp: /usr/bin/python3 (found suitable version "3.10.12", minimum required is "3.6") 
[1.015s] -- Found PythonLibs: /usr/lib/x86_64-linux-gnu/libpython3.10.so (found suitable version "3.10.12", minimum required is "3.5") 
[1.015s] -- Using PYTHON_EXECUTABLE: /usr/bin/python3
[1.015s] -- Using PYTHON_INCLUDE_DIRS: /usr/include/python3.10
[1.015s] -- Using PYTHON_LIBRARIES: /usr/lib/x86_64-linux-gnu/libpython3.10.so
[1.031s] -- Found PythonExtra: .so  
[1.640s] -- Added test 'cppcheck' to perform static code analysis on C / C++ code
[1.641s] -- Configured cppcheck include dirs: $<BUILD_INTERFACE:/home/user/ros2_ws/src/diagnostics/diagnostic_aggregator/include>
[1.641s] -- Configured cppcheck exclude dirs and/or files: 
[1.642s] -- Added test 'cpplint' to check C / C++ code against the Google style
[1.642s] -- Configured cpplint exclude dirs and/or files: 
[1.642s] -- Added test 'flake8' to check Python code syntax and style conventions
[1.643s] -- Added test 'lint_cmake' to check CMake code style
[1.644s] -- Added test 'pep257' to check Python code against some of the docstring style conventions in PEP 257
[1.645s] -- Added test 'uncrustify' to check C / C++ code style
[1.645s] -- Configured uncrustify additional arguments: 
[1.645s] -- Added test 'xmllint' to check XML markup files
[1.648s] -- Configuring done
[1.659s] -- Generating done
[1.660s] -- Build files have been written to: /home/user/ros2_ws/build/diagnostic_aggregator
[1.668s] Invoked command in '/home/user/ros2_ws/build/diagnostic_aggregator' returned '0': CMAKE_PREFIX_PATH=${CMAKE_PREFIX_PATH}:/home/user/ros2_ws/install/sub:/home/user/ros2_ws/install/kitti2rosbag2:/home/user/yolo/install/yolov8_ros:/opt/ros/humble /usr/bin/cmake /home/user/ros2_ws/src/diagnostics/diagnostic_aggregator -DAMENT_CMAKE_SYMLINK_INSTALL=1 -DCMAKE_INSTALL_PREFIX=/home/user/ros2_ws/install/diagnostic_aggregator
[1.669s] Invoking command in '/home/user/ros2_ws/build/diagnostic_aggregator': CMAKE_PREFIX_PATH=${CMAKE_PREFIX_PATH}:/home/user/ros2_ws/install/sub:/home/user/ros2_ws/install/kitti2rosbag2:/home/user/yolo/install/yolov8_ros:/opt/ros/humble /usr/bin/cmake --build /home/user/ros2_ws/build/diagnostic_aggregator -- -j32 -l32
[1.700s] [ 10%] [32mBuilding CXX object CMakeFiles/diagnostic_aggregator.dir/src/status_item.cpp.o[0m
[1.702s] [ 20%] [32mBuilding CXX object CMakeFiles/diagnostic_aggregator.dir/src/analyzer_group.cpp.o[0m
[1.702s] [ 30%] [32mBuilding CXX object CMakeFiles/diagnostic_aggregator.dir/src/aggregator.cpp.o[0m
[1.704s] [ 30%] Built target ament_cmake_python_symlink_diagnostic_aggregator
[1.925s] running egg_info
[1.926s] creating diagnostic_aggregator.egg-info
[1.926s] writing diagnostic_aggregator.egg-info/PKG-INFO
[1.926s] writing dependency_links to diagnostic_aggregator.egg-info/dependency_links.txt
[1.926s] writing top-level names to diagnostic_aggregator.egg-info/top_level.txt
[1.926s] writing manifest file 'diagnostic_aggregator.egg-info/SOURCES.txt'
[1.928s] reading manifest file 'diagnostic_aggregator.egg-info/SOURCES.txt'
[1.928s] writing manifest file 'diagnostic_aggregator.egg-info/SOURCES.txt'
[1.951s] [ 30%] Built target ament_cmake_python_build_diagnostic_aggregator_egg
[7.988s] [ 40%] [32m[1mLinking CXX shared library libdiagnostic_aggregator.so[0m
[8.342s] [ 40%] Built target diagnostic_aggregator
[8.354s] [ 50%] [32mBuilding CXX object CMakeFiles/diagnostic_aggregator_analyzers.dir/src/generic_analyzer.cpp.o[0m
[8.355s] [ 60%] [32mBuilding CXX object CMakeFiles/diagnostic_aggregator_analyzers.dir/src/ignore_analyzer.cpp.o[0m
[8.355s] [ 80%] [32mBuilding CXX object CMakeFiles/aggregator_node.dir/src/aggregator_node.cpp.o[0m
[8.355s] [ 80%] [32mBuilding CXX object CMakeFiles/diagnostic_aggregator_analyzers.dir/src/discard_analyzer.cpp.o[0m
[10.486s] [ 90%] [32m[1mLinking CXX executable aggregator_node[0m
[10.622s] [ 90%] Built target aggregator_node
[11.423s] [100%] [32m[1mLinking CXX shared library libdiagnostic_aggregator_analyzers.so[0m
[11.597s] [100%] Built target diagnostic_aggregator_analyzers
[11.607s] Invoked command in '/home/user/ros2_ws/build/diagnostic_aggregator' returned '0': CMAKE_PREFIX_PATH=${CMAKE_PREFIX_PATH}:/home/user/ros2_ws/install/sub:/home/user/ros2_ws/install/kitti2rosbag2:/home/user/yolo/install/yolov8_ros:/opt/ros/humble /usr/bin/cmake --build /home/user/ros2_ws/build/diagnostic_aggregator -- -j32 -l32
[11.632s] Invoking command in '/home/user/ros2_ws/build/diagnostic_aggregator': CMAKE_PREFIX_PATH=${CMAKE_PREFIX_PATH}:/home/user/ros2_ws/install/sub:/home/user/ros2_ws/install/kitti2rosbag2:/home/user/yolo/install/yolov8_ros:/opt/ros/humble /usr/bin/cmake --install /home/user/ros2_ws/build/diagnostic_aggregator
[11.636s] -- Install configuration: ""
[11.636s] -- Execute custom install script
[11.636s] -- Symlinking: /home/user/ros2_ws/install/diagnostic_aggregator/lib/diagnostic_aggregator/aggregator_node
[11.641s] -- Symlinking: /home/user/ros2_ws/install/diagnostic_aggregator/include/diagnostic_aggregator/aggregator.hpp
[11.645s] -- Symlinking: /home/user/ros2_ws/install/diagnostic_aggregator/include/diagnostic_aggregator/analyzer.hpp
[11.649s] -- Symlinking: /home/user/ros2_ws/install/diagnostic_aggregator/include/diagnostic_aggregator/analyzer_group.hpp
[11.653s] -- Symlinking: /home/user/ros2_ws/install/diagnostic_aggregator/include/diagnostic_aggregator/discard_analyzer.hpp
[11.658s] -- Symlinking: /home/user/ros2_ws/install/diagnostic_aggregator/include/diagnostic_aggregator/generic_analyzer.hpp
[11.663s] -- Symlinking: /home/user/ros2_ws/install/diagnostic_aggregator/include/diagnostic_aggregator/generic_analyzer_base.hpp
[11.667s] -- Symlinking: /home/user/ros2_ws/install/diagnostic_aggregator/include/diagnostic_aggregator/ignore_analyzer.hpp
[11.671s] -- Symlinking: /home/user/ros2_ws/install/diagnostic_aggregator/include/diagnostic_aggregator/other_analyzer.hpp
[11.675s] -- Symlinking: /home/user/ros2_ws/install/diagnostic_aggregator/include/diagnostic_aggregator/status_item.hpp
[11.680s] -- Symlinking: /home/user/ros2_ws/install/diagnostic_aggregator/include/diagnostic_aggregator/visibility_control.hpp
[11.684s] -- Symlinking: /home/user/ros2_ws/install/diagnostic_aggregator/share/diagnostic_aggregator/environment/pythonpath.sh
[11.688s] -- Symlinking: /home/user/ros2_ws/install/diagnostic_aggregator/share/diagnostic_aggregator/environment/pythonpath.dsv
[11.692s] -- Symlinking: /home/user/ros2_ws/install/diagnostic_aggregator/local/lib/python3.10/dist-packages/diagnostic_aggregator-3.1.2-py3.10.egg-info/PKG-INFO
[11.697s] -- Symlinking: /home/user/ros2_ws/install/diagnostic_aggregator/local/lib/python3.10/dist-packages/diagnostic_aggregator-3.1.2-py3.10.egg-info/SOURCES.txt
[11.701s] -- Symlinking: /home/user/ros2_ws/install/diagnostic_aggregator/local/lib/python3.10/dist-packages/diagnostic_aggregator-3.1.2-py3.10.egg-info/dependency_links.txt
[11.705s] -- Symlinking: /home/user/ros2_ws/install/diagnostic_aggregator/local/lib/python3.10/dist-packages/diagnostic_aggregator-3.1.2-py3.10.egg-info/top_level.txt
[11.710s] -- Symlinking: /home/user/ros2_ws/install/diagnostic_aggregator/local/lib/python3.10/dist-packages/diagnostic_aggregator/__init__.py
[11.714s] -- Symlinking: /home/user/ros2_ws/install/diagnostic_aggregator/share/diagnostic_aggregator/example.launch.py
[11.719s] -- Symlinking: /home/user/ros2_ws/install/diagnostic_aggregator/lib/diagnostic_aggregator/example_pub.py
[11.723s] -- Symlinking: /home/user/ros2_ws/install/diagnostic_aggregator/share/diagnostic_aggregator/example_analyzers.yaml
[11.727s] -- Symlinking: /home/user/ros2_ws/install/diagnostic_aggregator/share/diagnostic_aggregator//plugin_description.xml
[11.731s] -- Symlinking: /home/user/ros2_ws/install/diagnostic_aggregator/share/diagnostic_aggregator/environment/library_path.sh
[11.735s] -- Symlinking: /home/user/ros2_ws/install/diagnostic_aggregator/share/diagnostic_aggregator/environment/library_path.dsv
[11.739s] -- Symlinking: /home/user/ros2_ws/install/diagnostic_aggregator/share/ament_index/resource_index/package_run_dependencies/diagnostic_aggregator
[11.744s] -- Symlinking: /home/user/ros2_ws/install/diagnostic_aggregator/share/ament_index/resource_index/parent_prefix_path/diagnostic_aggregator
[11.748s] -- Symlinking: /home/user/ros2_ws/install/diagnostic_aggregator/share/diagnostic_aggregator/environment/ament_prefix_path.sh
[11.752s] -- Symlinking: /home/user/ros2_ws/install/diagnostic_aggregator/share/diagnostic_aggregator/environment/ament_prefix_path.dsv
[11.758s] -- Symlinking: /home/user/ros2_ws/install/diagnostic_aggregator/share/diagnostic_aggregator/environment/path.sh
[11.762s] -- Symlinking: /home/user/ros2_ws/install/diagnostic_aggregator/share/diagnostic_aggregator/environment/path.dsv
[11.767s] -- Symlinking: /home/user/ros2_ws/install/diagnostic_aggregator/share/diagnostic_aggregator/local_setup.bash
[11.771s] -- Symlinking: /home/user/ros2_ws/install/diagnostic_aggregator/share/diagnostic_aggregator/local_setup.sh
[11.775s] -- Symlinking: /home/user/ros2_ws/install/diagnostic_aggregator/share/diagnostic_aggregator/local_setup.zsh
[11.780s] -- Symlinking: /home/user/ros2_ws/install/diagnostic_aggregator/share/diagnostic_aggregator/local_setup.dsv
[11.784s] -- Symlinking: /home/user/ros2_ws/install/diagnostic_aggregator/share/diagnostic_aggregator/package.dsv
[11.788s] -- Symlinking: /home/user/ros2_ws/install/diagnostic_aggregator/share/ament_index/resource_index/packages/diagnostic_aggregator
[11.793s] -- Symlinking: /home/user/ros2_ws/install/diagnostic_aggregator/share/ament_index/resource_index/diagnostic_aggregator__pluginlib__plugin/diagnostic_aggregator
[11.802s] -- Symlinking: /home/user/ros2_ws/install/diagnostic_aggregator/share/diagnostic_aggregator/cmake/ament_cmake_export_targets-extras.cmake
[11.806s] -- Symlinking: /home/user/ros2_ws/install/diagnostic_aggregator/share/diagnostic_aggregator/cmake/ament_cmake_export_include_directories-extras.cmake
[11.810s] -- Symlinking: /home/user/ros2_ws/install/diagnostic_aggregator/share/diagnostic_aggregator/cmake/ament_cmake_export_dependencies-extras.cmake
[11.814s] -- Symlinking: /home/user/ros2_ws/install/diagnostic_aggregator/share/diagnostic_aggregator/cmake/diagnostic_aggregatorConfig.cmake
[11.819s] -- Symlinking: /home/user/ros2_ws/install/diagnostic_aggregator/share/diagnostic_aggregator/cmake/diagnostic_aggregatorConfig-version.cmake
[11.823s] -- Symlinking: /home/user/ros2_ws/install/diagnostic_aggregator/share/diagnostic_aggregator/package.xml
[11.827s] -- Installing: /home/user/ros2_ws/install/diagnostic_aggregator/lib/libdiagnostic_aggregator.so
[11.833s] -- Set runtime path of "/home/user/ros2_ws/install/diagnostic_aggregator/lib/libdiagnostic_aggregator.so" to ""
[11.833s] -- Installing: /home/user/ros2_ws/install/diagnostic_aggregator/lib/libdiagnostic_aggregator_analyzers.so
[11.834s] -- Set runtime path of "/home/user/ros2_ws/install/diagnostic_aggregator/lib/libdiagnostic_aggregator_analyzers.so" to ""
[11.856s] Listing '/home/user/ros2_ws/install/diagnostic_aggregator/local/lib/python3.10/dist-packages/diagnostic_aggregator'...
[11.856s] Compiling '/home/user/ros2_ws/install/diagnostic_aggregator/local/lib/python3.10/dist-packages/diagnostic_aggregator/__init__.py'...
[11.860s] -- Installing: /home/user/ros2_ws/install/diagnostic_aggregator/share/diagnostic_aggregator/cmake/diagnostic_aggregatorTargetsExport.cmake
[11.860s] -- Installing: /home/user/ros2_ws/install/diagnostic_aggregator/share/diagnostic_aggregator/cmake/diagnostic_aggregatorTargetsExport-noconfig.cmake
[11.861s] Invoked command in '/home/user/ros2_ws/build/diagnostic_aggregator' returned '0': CMAKE_PREFIX_PATH=${CMAKE_PREFIX_PATH}:/home/user/ros2_ws/install/sub:/home/user/ros2_ws/install/kitti2rosbag2:/home/user/yolo/install/yolov8_ros:/opt/ros/humble /usr/bin/cmake --install /home/user/ros2_ws/build/diagnostic_aggregator
