[0.012s] Invoking command in '/home/user/ros2_ws/src/build/velodyne_driver': AMENT_PREFIX_PATH=/home/user/ros2_ws/src/install/velodyne_msgs:/home/user/ros2_ws/src/install/diagnostic_updater:${AMENT_PREFIX_PATH} CMAKE_PREFIX_PATH=/home/user/ros2_ws/src/install/velodyne_msgs:/home/user/ros2_ws/src/install/diagnostic_updater:/home/user/ros2_ws/install/sub:/home/user/ros2_ws/install/gps_pkg:/home/user/ros2_ws/install/kitti2rosbag2:/home/user/ros2_ws/install/a123:/opt/ros/humble:${CMAKE_PREFIX_PATH} LD_LIBRARY_PATH=/home/user/ros2_ws/src/install/velodyne_msgs/lib:/home/user/ros2_ws/src/install/diagnostic_updater/lib:${LD_LIBRARY_PATH} PYTHONPATH=/home/user/ros2_ws/src/install/velodyne_msgs/local/lib/python3.10/dist-packages:/home/user/ros2_ws/src/install/diagnostic_updater/local/lib/python3.10/dist-packages:${PYTHONPATH} /usr/bin/cmake /home/user/ros2_ws/src/velodyne/velodyne_driver -DCMAKE_INSTALL_PREFIX=/home/user/ros2_ws/src/install/velodyne_driver
[0.023s] -- Found ament_cmake_ros: 0.10.0 (/opt/ros/humble/share/ament_cmake_ros/cmake)
[0.122s] -- Override CMake install command with custom implementation using symlinks instead of copying resources
[0.131s] -- Found diagnostic_msgs: 4.2.3 (/opt/ros/humble/share/diagnostic_msgs/cmake)
[0.149s] -- Found rosidl_generator_c: 3.1.5 (/opt/ros/humble/share/rosidl_generator_c/cmake)
[0.151s] -- Found rosidl_adapter: 3.1.5 (/opt/ros/humble/share/rosidl_adapter/cmake)
[0.154s] -- Found rosidl_generator_cpp: 3.1.5 (/opt/ros/humble/share/rosidl_generator_cpp/cmake)
[0.163s] -- Using all available rosidl_typesupport_c: rosidl_typesupport_fastrtps_c;rosidl_typesupport_introspection_c
[0.174s] -- Using all available rosidl_typesupport_cpp: rosidl_typesupport_fastrtps_cpp;rosidl_typesupport_introspection_cpp
[0.251s] -- Found diagnostic_updater: 3.1.2 (/home/user/ros2_ws/src/install/diagnostic_updater/share/diagnostic_updater/cmake)
[0.286s] -- Found rmw_implementation_cmake: 6.1.1 (/opt/ros/humble/share/rmw_implementation_cmake/cmake)
[0.288s] -- Found rmw_fastrtps_cpp: 6.2.6 (/opt/ros/humble/share/rmw_fastrtps_cpp/cmake)
[0.369s] -- Using RMW implementation 'rmw_fastrtps_cpp' as default
[0.465s] -- Found rclcpp_components: 16.0.8 (/opt/ros/humble/share/rclcpp_components/cmake)
[0.505s] -- Found tf2_ros: 0.25.6 (/opt/ros/humble/share/tf2_ros/cmake)
[0.740s] -- Found velodyne_msgs: 2.4.0 (/home/user/ros2_ws/src/install/velodyne_msgs/share/velodyne_msgs/cmake)
[0.788s] -- Found ament_lint_auto: 0.12.10 (/opt/ros/humble/share/ament_lint_auto/cmake)
[0.836s] -- Found gtest sources under '/opt/ros/humble/src/gtest_vendor': C++ tests using 'Google Test' will be built
[0.843s] -- Added test 'copyright' to check source files copyright and LICENSE
[0.844s] -- Added test 'cppcheck' to perform static code analysis on C / C++ code
[0.844s] -- Configured cppcheck include dirs: /home/user/ros2_ws/src/velodyne/velodyne_driver/include
[0.844s] -- Configured cppcheck exclude dirs and/or files: 
[0.845s] -- Added test 'cpplint' to check C / C++ code against the Google style
[0.845s] -- Configured cpplint exclude dirs and/or files: 
[0.845s] -- Added test 'flake8' to check Python code syntax and style conventions
[0.846s] -- Added test 'lint_cmake' to check CMake code style
[0.846s] -- Added test 'pep257' to check Python code against some of the docstring style conventions in PEP 257
[0.846s] -- Added test 'uncrustify' to check C / C++ code style
[0.847s] -- Configured uncrustify additional arguments: 
[0.847s] -- Added test 'xmllint' to check XML markup files
[0.848s] -- Configuring done
[0.884s] -- Generating done
[0.885s] -- Build files have been written to: /home/user/ros2_ws/src/build/velodyne_driver
