[0.020s] Invoking command in '/home/user/ros2_ws/src/build/diagnostic_updater': CMAKE_PREFIX_PATH=/home/user/ros2_ws/install/velodyne:/home/user/ros2_ws/install/velodyne_pointcloud:/home/user/ros2_ws/install/velodyne_driver:/home/user/ros2_ws/install/sub:/home/user/ros2_ws/install/gps_pkg:/home/user/ros2_ws/install/a123:/opt/ros/humble:/home/user/ros2_ws/install/velodyne_msgs:/home/user/ros2_ws/install/velodyne_laserscan:/home/user/ros2_ws/install/sub_test:/home/user/ros2_ws/install/diagnostics:/home/user/ros2_ws/install/self_test:/home/user/ros2_ws/install/msg_interfaces:/home/user/ros2_ws/install/diagnostic_common_diagnostics:/home/user/ros2_ws/install/diagnostic_updater:/home/user/ros2_ws/install/diagnostic_aggregator:/home/user/ros2_ws/install/angles /usr/bin/cmake /home/user/ros2_ws/src/diagnostics/diagnostic_updater -DAMENT_CMAKE_SYMLINK_INSTALL=1 -DCMAKE_INSTALL_PREFIX=/home/user/ros2_ws/src/install/diagnostic_updater
[0.140s] -- The C compiler identification is GNU 11.4.0
[0.212s] -- The CXX compiler identification is GNU 11.4.0
[0.220s] -- Detecting C compiler ABI info
[0.268s] -- Detecting C compiler ABI info - done
[0.273s] -- Check for working C compiler: /usr/bin/cc - skipped
[0.274s] -- Detecting C compile features
[0.275s] -- Detecting C compile features - done
[0.279s] -- Detecting CXX compiler ABI info
[0.331s] -- Detecting CXX compiler ABI info - done
[0.335s] -- Check for working CXX compiler: /usr/bin/c++ - skipped
[0.335s] -- Detecting CXX compile features
[0.335s] -- Detecting CXX compile features - done
[0.346s] -- Found ament_cmake: 1.3.8 (/opt/ros/humble/share/ament_cmake/cmake)
[0.454s] -- Found Python3: /usr/bin/python3 (found version "3.10.12") found components: Interpreter 
[0.498s] -- Override CMake install command with custom implementation using symlinks instead of copying resources
[0.515s] -- Found diagnostic_msgs: 4.2.3 (/opt/ros/humble/share/diagnostic_msgs/cmake)
[0.546s] -- Found rosidl_generator_c: 3.1.5 (/opt/ros/humble/share/rosidl_generator_c/cmake)
[0.551s] -- Found rosidl_adapter: 3.1.5 (/opt/ros/humble/share/rosidl_adapter/cmake)
[0.559s] -- Found rosidl_generator_cpp: 3.1.5 (/opt/ros/humble/share/rosidl_generator_cpp/cmake)
[0.574s] -- Using all available rosidl_typesupport_c: rosidl_typesupport_fastrtps_c;rosidl_typesupport_introspection_c
[0.592s] -- Using all available rosidl_typesupport_cpp: rosidl_typesupport_fastrtps_cpp;rosidl_typesupport_introspection_cpp
[0.675s] -- Found rclcpp: 16.0.8 (/opt/ros/humble/share/rclcpp/cmake)
[0.714s] -- Found rmw_implementation_cmake: 6.1.1 (/opt/ros/humble/share/rmw_implementation_cmake/cmake)
[0.717s] -- Found rmw_fastrtps_cpp: 6.2.6 (/opt/ros/humble/share/rmw_fastrtps_cpp/cmake)
[0.774s] -- Found OpenSSL: /usr/lib/x86_64-linux-gnu/libcrypto.so (found version "3.0.2")  
[0.792s] -- Found FastRTPS: /opt/ros/humble/include  
[0.823s] -- Using RMW implementation 'rmw_fastrtps_cpp' as default
[0.831s] -- Looking for pthread.h
[0.871s] -- Looking for pthread.h - found
[0.871s] -- Performing Test CMAKE_HAVE_LIBC_PTHREAD
[0.912s] -- Performing Test CMAKE_HAVE_LIBC_PTHREAD - Success
[0.914s] -- Found Threads: TRUE  
[1.000s] -- Found rclpy: 3.3.12 (/opt/ros/humble/share/rclpy/cmake)
[1.003s] -- Found ament_lint_auto: 0.12.10 (/opt/ros/humble/share/ament_lint_auto/cmake)
[1.115s] -- Found gtest sources under '/opt/ros/humble/src/gtest_vendor': C++ tests using 'Google Test' will be built
[1.808s] -- Added test 'cppcheck' to perform static code analysis on C / C++ code
[1.808s] -- Configured cppcheck include dirs: $<BUILD_INTERFACE:/home/user/ros2_ws/src/diagnostics/diagnostic_updater/include>
[1.808s] -- Configured cppcheck exclude dirs and/or files: 
[1.810s] -- Added test 'cpplint' to check C / C++ code against the Google style
[1.810s] -- Configured cpplint exclude dirs and/or files: 
[1.810s] -- Added test 'lint_cmake' to check CMake code style
[1.811s] -- Added test 'pep257' to check Python code against some of the docstring style conventions in PEP 257
[1.812s] -- Added test 'uncrustify' to check C / C++ code style
[1.812s] -- Configured uncrustify additional arguments: 
[1.813s] -- Added test 'xmllint' to check XML markup files
[1.816s] -- Configuring done
[1.831s] -- Generating done
[1.833s] -- Build files have been written to: /home/user/ros2_ws/src/build/diagnostic_updater
[1.842s] Invoked command in '/home/user/ros2_ws/src/build/diagnostic_updater' returned '0': CMAKE_PREFIX_PATH=/home/user/ros2_ws/install/velodyne:/home/user/ros2_ws/install/velodyne_pointcloud:/home/user/ros2_ws/install/velodyne_driver:/home/user/ros2_ws/install/sub:/home/user/ros2_ws/install/gps_pkg:/home/user/ros2_ws/install/a123:/opt/ros/humble:/home/user/ros2_ws/install/velodyne_msgs:/home/user/ros2_ws/install/velodyne_laserscan:/home/user/ros2_ws/install/sub_test:/home/user/ros2_ws/install/diagnostics:/home/user/ros2_ws/install/self_test:/home/user/ros2_ws/install/msg_interfaces:/home/user/ros2_ws/install/diagnostic_common_diagnostics:/home/user/ros2_ws/install/diagnostic_updater:/home/user/ros2_ws/install/diagnostic_aggregator:/home/user/ros2_ws/install/angles /usr/bin/cmake /home/user/ros2_ws/src/diagnostics/diagnostic_updater -DAMENT_CMAKE_SYMLINK_INSTALL=1 -DCMAKE_INSTALL_PREFIX=/home/user/ros2_ws/src/install/diagnostic_updater
[1.844s] Invoking command in '/home/user/ros2_ws/src/build/diagnostic_updater': CMAKE_PREFIX_PATH=/home/user/ros2_ws/install/velodyne:/home/user/ros2_ws/install/velodyne_pointcloud:/home/user/ros2_ws/install/velodyne_driver:/home/user/ros2_ws/install/sub:/home/user/ros2_ws/install/gps_pkg:/home/user/ros2_ws/install/a123:/opt/ros/humble:/home/user/ros2_ws/install/velodyne_msgs:/home/user/ros2_ws/install/velodyne_laserscan:/home/user/ros2_ws/install/sub_test:/home/user/ros2_ws/install/diagnostics:/home/user/ros2_ws/install/self_test:/home/user/ros2_ws/install/msg_interfaces:/home/user/ros2_ws/install/diagnostic_common_diagnostics:/home/user/ros2_ws/install/diagnostic_updater:/home/user/ros2_ws/install/diagnostic_aggregator:/home/user/ros2_ws/install/angles /usr/bin/cmake --build /home/user/ros2_ws/src/build/diagnostic_updater -- -j32 -l32
[1.878s] [  8%] [32mBuilding CXX object CMakeFiles/example.dir/src/example.cpp.o[0m
[1.882s] [ 16%] [32mBuilding CXX object gtest/CMakeFiles/gtest.dir/src/gtest-all.cc.o[0m
[1.884s] [ 25%] [32mBuilding CXX object gtest/CMakeFiles/gtest_main.dir/src/gtest_main.cc.o[0m
[1.890s] [ 25%] Built target ament_cmake_python_symlink_diagnostic_updater
[2.101s] running egg_info
[2.101s] creating diagnostic_updater.egg-info
[2.101s] writing diagnostic_updater.egg-info/PKG-INFO
[2.102s] writing dependency_links to diagnostic_updater.egg-info/dependency_links.txt
[2.102s] writing top-level names to diagnostic_updater.egg-info/top_level.txt
[2.102s] writing manifest file 'diagnostic_updater.egg-info/SOURCES.txt'
[2.103s] reading manifest file 'diagnostic_updater.egg-info/SOURCES.txt'
[2.104s] writing manifest file 'diagnostic_updater.egg-info/SOURCES.txt'
[2.124s] [ 25%] Built target ament_cmake_python_build_diagnostic_updater_egg
[2.322s] [ 33%] [32m[1mLinking CXX static library libgtest_main.a[0m
[2.344s] [ 33%] Built target gtest_main
[3.793s] [ 41%] [32m[1mLinking CXX static library libgtest.a[0m
[3.826s] [ 41%] Built target gtest
[3.839s] [ 50%] [32mBuilding CXX object CMakeFiles/diagnostic_status_wrapper_test.dir/test/diagnostic_status_wrapper_test.cpp.o[0m
[3.840s] [ 58%] [32mBuilding CXX object CMakeFiles/diagnostic_updater_test.dir/test/diagnostic_updater_test.cpp.o[0m
[3.840s] [ 66%] [32mBuilding CXX object CMakeFiles/status_msg_test.dir/test/status_msg_test.cpp.o[0m
[5.411s] [ 75%] [32m[1mLinking CXX executable example[0m
[5.555s] [ 75%] Built target example
[6.040s] [ 83%] [32m[1mLinking CXX executable diagnostic_status_wrapper_test[0m
[6.160s] [ 83%] Built target diagnostic_status_wrapper_test
[7.220s] [ 91%] [32m[1mLinking CXX executable diagnostic_updater_test[0m
[7.399s] [ 91%] Built target diagnostic_updater_test
[9.680s] [100%] [32m[1mLinking CXX executable status_msg_test[0m
[9.973s] [100%] Built target status_msg_test
[9.985s] Invoked command in '/home/user/ros2_ws/src/build/diagnostic_updater' returned '0': CMAKE_PREFIX_PATH=/home/user/ros2_ws/install/velodyne:/home/user/ros2_ws/install/velodyne_pointcloud:/home/user/ros2_ws/install/velodyne_driver:/home/user/ros2_ws/install/sub:/home/user/ros2_ws/install/gps_pkg:/home/user/ros2_ws/install/a123:/opt/ros/humble:/home/user/ros2_ws/install/velodyne_msgs:/home/user/ros2_ws/install/velodyne_laserscan:/home/user/ros2_ws/install/sub_test:/home/user/ros2_ws/install/diagnostics:/home/user/ros2_ws/install/self_test:/home/user/ros2_ws/install/msg_interfaces:/home/user/ros2_ws/install/diagnostic_common_diagnostics:/home/user/ros2_ws/install/diagnostic_updater:/home/user/ros2_ws/install/diagnostic_aggregator:/home/user/ros2_ws/install/angles /usr/bin/cmake --build /home/user/ros2_ws/src/build/diagnostic_updater -- -j32 -l32
[10.005s] Invoking command in '/home/user/ros2_ws/src/build/diagnostic_updater': CMAKE_PREFIX_PATH=/home/user/ros2_ws/install/velodyne:/home/user/ros2_ws/install/velodyne_pointcloud:/home/user/ros2_ws/install/velodyne_driver:/home/user/ros2_ws/install/sub:/home/user/ros2_ws/install/gps_pkg:/home/user/ros2_ws/install/a123:/opt/ros/humble:/home/user/ros2_ws/install/velodyne_msgs:/home/user/ros2_ws/install/velodyne_laserscan:/home/user/ros2_ws/install/sub_test:/home/user/ros2_ws/install/diagnostics:/home/user/ros2_ws/install/self_test:/home/user/ros2_ws/install/msg_interfaces:/home/user/ros2_ws/install/diagnostic_common_diagnostics:/home/user/ros2_ws/install/diagnostic_updater:/home/user/ros2_ws/install/diagnostic_aggregator:/home/user/ros2_ws/install/angles /usr/bin/cmake --install /home/user/ros2_ws/src/build/diagnostic_updater
[10.009s] -- Install configuration: ""
[10.010s] -- Execute custom install script
[10.010s] -- Symlinking: /home/user/ros2_ws/src/install/diagnostic_updater/share/diagnostic_updater/environment/pythonpath.sh
[10.015s] -- Symlinking: /home/user/ros2_ws/src/install/diagnostic_updater/share/diagnostic_updater/environment/pythonpath.dsv
[10.019s] -- Symlinking: /home/user/ros2_ws/src/install/diagnostic_updater/local/lib/python3.10/dist-packages/diagnostic_updater-3.1.2-py3.10.egg-info/PKG-INFO
[10.024s] -- Symlinking: /home/user/ros2_ws/src/install/diagnostic_updater/local/lib/python3.10/dist-packages/diagnostic_updater-3.1.2-py3.10.egg-info/SOURCES.txt
[10.028s] -- Symlinking: /home/user/ros2_ws/src/install/diagnostic_updater/local/lib/python3.10/dist-packages/diagnostic_updater-3.1.2-py3.10.egg-info/dependency_links.txt
[10.032s] -- Symlinking: /home/user/ros2_ws/src/install/diagnostic_updater/local/lib/python3.10/dist-packages/diagnostic_updater-3.1.2-py3.10.egg-info/top_level.txt
[10.036s] -- Symlinking: /home/user/ros2_ws/src/install/diagnostic_updater/local/lib/python3.10/dist-packages/diagnostic_updater/__init__.py
[10.041s] -- Symlinking: /home/user/ros2_ws/src/install/diagnostic_updater/local/lib/python3.10/dist-packages/diagnostic_updater/_diagnostic_status_wrapper.py
[10.045s] -- Symlinking: /home/user/ros2_ws/src/install/diagnostic_updater/local/lib/python3.10/dist-packages/diagnostic_updater/_diagnostic_updater.py
[10.050s] -- Symlinking: /home/user/ros2_ws/src/install/diagnostic_updater/local/lib/python3.10/dist-packages/diagnostic_updater/_publisher.py
[10.054s] -- Symlinking: /home/user/ros2_ws/src/install/diagnostic_updater/local/lib/python3.10/dist-packages/diagnostic_updater/_update_functions.py
[10.059s] -- Symlinking: /home/user/ros2_ws/src/install/diagnostic_updater/local/lib/python3.10/dist-packages/diagnostic_updater/example.py
[10.064s] -- Symlinking: /home/user/ros2_ws/src/install/diagnostic_updater/lib/diagnostic_updater/example.py
[10.068s] -- Symlinking: /home/user/ros2_ws/src/install/diagnostic_updater/lib/diagnostic_updater/example
[10.073s] -- Symlinking: /home/user/ros2_ws/src/install/diagnostic_updater/include/diagnostic_updater/diagnostic_status_wrapper.hpp
[10.077s] -- Symlinking: /home/user/ros2_ws/src/install/diagnostic_updater/include/diagnostic_updater/diagnostic_updater.hpp
[10.081s] -- Symlinking: /home/user/ros2_ws/src/install/diagnostic_updater/include/diagnostic_updater/publisher.hpp
[10.085s] -- Symlinking: /home/user/ros2_ws/src/install/diagnostic_updater/include/diagnostic_updater/update_functions.hpp
[10.090s] -- Symlinking: /home/user/ros2_ws/src/install/diagnostic_updater/share/diagnostic_updater/environment/library_path.sh
[10.094s] -- Symlinking: /home/user/ros2_ws/src/install/diagnostic_updater/share/diagnostic_updater/environment/library_path.dsv
[10.098s] -- Symlinking: /home/user/ros2_ws/src/install/diagnostic_updater/share/ament_index/resource_index/package_run_dependencies/diagnostic_updater
[10.103s] -- Symlinking: /home/user/ros2_ws/src/install/diagnostic_updater/share/ament_index/resource_index/parent_prefix_path/diagnostic_updater
[10.107s] -- Symlinking: /home/user/ros2_ws/src/install/diagnostic_updater/share/diagnostic_updater/environment/ament_prefix_path.sh
[10.112s] -- Symlinking: /home/user/ros2_ws/src/install/diagnostic_updater/share/diagnostic_updater/environment/ament_prefix_path.dsv
[10.117s] -- Symlinking: /home/user/ros2_ws/src/install/diagnostic_updater/share/diagnostic_updater/environment/path.sh
[10.121s] -- Symlinking: /home/user/ros2_ws/src/install/diagnostic_updater/share/diagnostic_updater/environment/path.dsv
[10.126s] -- Symlinking: /home/user/ros2_ws/src/install/diagnostic_updater/share/diagnostic_updater/local_setup.bash
[10.130s] -- Symlinking: /home/user/ros2_ws/src/install/diagnostic_updater/share/diagnostic_updater/local_setup.sh
[10.134s] -- Symlinking: /home/user/ros2_ws/src/install/diagnostic_updater/share/diagnostic_updater/local_setup.zsh
[10.138s] -- Symlinking: /home/user/ros2_ws/src/install/diagnostic_updater/share/diagnostic_updater/local_setup.dsv
[10.143s] -- Symlinking: /home/user/ros2_ws/src/install/diagnostic_updater/share/diagnostic_updater/package.dsv
[10.147s] -- Symlinking: /home/user/ros2_ws/src/install/diagnostic_updater/share/ament_index/resource_index/packages/diagnostic_updater
[10.152s] -- Symlinking: /home/user/ros2_ws/src/install/diagnostic_updater/share/diagnostic_updater/cmake/ament_cmake_export_targets-extras.cmake
[10.156s] -- Symlinking: /home/user/ros2_ws/src/install/diagnostic_updater/share/diagnostic_updater/cmake/ament_cmake_export_include_directories-extras.cmake
[10.161s] -- Symlinking: /home/user/ros2_ws/src/install/diagnostic_updater/share/diagnostic_updater/cmake/ament_cmake_export_dependencies-extras.cmake
[10.165s] -- Symlinking: /home/user/ros2_ws/src/install/diagnostic_updater/share/diagnostic_updater/cmake/diagnostic_updaterConfig.cmake
[10.169s] -- Symlinking: /home/user/ros2_ws/src/install/diagnostic_updater/share/diagnostic_updater/cmake/diagnostic_updaterConfig-version.cmake
[10.173s] -- Symlinking: /home/user/ros2_ws/src/install/diagnostic_updater/share/diagnostic_updater/package.xml
[10.206s] Listing '/home/user/ros2_ws/src/install/diagnostic_updater/local/lib/python3.10/dist-packages/diagnostic_updater'...
[10.206s] Compiling '/home/user/ros2_ws/src/install/diagnostic_updater/local/lib/python3.10/dist-packages/diagnostic_updater/__init__.py'...
[10.206s] Compiling '/home/user/ros2_ws/src/install/diagnostic_updater/local/lib/python3.10/dist-packages/diagnostic_updater/_diagnostic_status_wrapper.py'...
[10.206s] Compiling '/home/user/ros2_ws/src/install/diagnostic_updater/local/lib/python3.10/dist-packages/diagnostic_updater/_diagnostic_updater.py'...
[10.206s] Compiling '/home/user/ros2_ws/src/install/diagnostic_updater/local/lib/python3.10/dist-packages/diagnostic_updater/_publisher.py'...
[10.206s] Compiling '/home/user/ros2_ws/src/install/diagnostic_updater/local/lib/python3.10/dist-packages/diagnostic_updater/_update_functions.py'...
[10.206s] Compiling '/home/user/ros2_ws/src/install/diagnostic_updater/local/lib/python3.10/dist-packages/diagnostic_updater/example.py'...
[10.209s] -- Installing: /home/user/ros2_ws/src/install/diagnostic_updater/share/diagnostic_updater/cmake/diagnostic_updaterTargetsExport.cmake
[10.211s] Invoked command in '/home/user/ros2_ws/src/build/diagnostic_updater' returned '0': CMAKE_PREFIX_PATH=/home/user/ros2_ws/install/velodyne:/home/user/ros2_ws/install/velodyne_pointcloud:/home/user/ros2_ws/install/velodyne_driver:/home/user/ros2_ws/install/sub:/home/user/ros2_ws/install/gps_pkg:/home/user/ros2_ws/install/a123:/opt/ros/humble:/home/user/ros2_ws/install/velodyne_msgs:/home/user/ros2_ws/install/velodyne_laserscan:/home/user/ros2_ws/install/sub_test:/home/user/ros2_ws/install/diagnostics:/home/user/ros2_ws/install/self_test:/home/user/ros2_ws/install/msg_interfaces:/home/user/ros2_ws/install/diagnostic_common_diagnostics:/home/user/ros2_ws/install/diagnostic_updater:/home/user/ros2_ws/install/diagnostic_aggregator:/home/user/ros2_ws/install/angles /usr/bin/cmake --install /home/user/ros2_ws/src/build/diagnostic_updater
