[0.024s] Invoking command in '/home/user/ros2_ws/src/build/velodyne_laserscan': CMAKE_PREFIX_PATH=/home/user/ros2_ws/install/sub:/home/user/ros2_ws/install/gps_pkg:/home/user/ros2_ws/install/kitti2rosbag2:/home/user/ros2_ws/install/a123:/opt/ros/humble:${CMAKE_PREFIX_PATH} /usr/bin/cmake --build /home/user/ros2_ws/src/build/velodyne_laserscan -- -j32 -l32
[0.238s] [35m[1mConsolidate compiler generated dependencies of target velodyne_laserscan[0m
[0.238s] [ 50%] Built target velodyne_laserscan
[0.238s] [35m[1mConsolidate compiler generated dependencies of target velodyne_laserscan_node[0m
[0.238s] [100%] Built target velodyne_laserscan_node
[0.425s] Invoked command in '/home/user/ros2_ws/src/build/velodyne_laserscan' returned '0': CMAKE_PREFIX_PATH=/home/user/ros2_ws/install/sub:/home/user/ros2_ws/install/gps_pkg:/home/user/ros2_ws/install/kitti2rosbag2:/home/user/ros2_ws/install/a123:/opt/ros/humble:${CMAKE_PREFIX_PATH} /usr/bin/cmake --build /home/user/ros2_ws/src/build/velodyne_laserscan -- -j32 -l32
[0.448s] Invoking command in '/home/user/ros2_ws/src/build/velodyne_laserscan': CMAKE_PREFIX_PATH=/home/user/ros2_ws/install/sub:/home/user/ros2_ws/install/gps_pkg:/home/user/ros2_ws/install/kitti2rosbag2:/home/user/ros2_ws/install/a123:/opt/ros/humble:${CMAKE_PREFIX_PATH} /usr/bin/cmake --install /home/user/ros2_ws/src/build/velodyne_laserscan
[0.452s] -- Install configuration: ""
[0.453s] -- Execute custom install script
[0.454s] -- Up-to-date symlink: /home/user/ros2_ws/src/install/velodyne_laserscan/lib/libvelodyne_laserscan.so
[0.455s] -- Up-to-date symlink: /home/user/ros2_ws/src/install/velodyne_laserscan/lib/velodyne_laserscan/velodyne_laserscan_node
[0.456s] -- Up-to-date symlink: /home/user/ros2_ws/src/install/velodyne_laserscan/include/velodyne_laserscan/velodyne_laserscan.hpp
[0.457s] -- Up-to-date symlink: /home/user/ros2_ws/src/install/velodyne_laserscan/share/velodyne_laserscan/config/default-velodyne_laserscan_node-params.yaml
[0.458s] -- Up-to-date symlink: /home/user/ros2_ws/src/install/velodyne_laserscan/share/velodyne_laserscan/launch/velodyne_laserscan_node-composed-launch.py
[0.459s] -- Up-to-date symlink: /home/user/ros2_ws/src/install/velodyne_laserscan/share/velodyne_laserscan/launch/velodyne_laserscan_node-launch.py
[0.459s] -- Up-to-date symlink: /home/user/ros2_ws/src/install/velodyne_laserscan/share/ament_index/resource_index/package_run_dependencies/velodyne_laserscan
[0.461s] -- Up-to-date symlink: /home/user/ros2_ws/src/install/velodyne_laserscan/share/ament_index/resource_index/parent_prefix_path/velodyne_laserscan
[0.461s] -- Up-to-date symlink: /home/user/ros2_ws/src/install/velodyne_laserscan/share/velodyne_laserscan/environment/ament_prefix_path.sh
[0.461s] -- Up-to-date symlink: /home/user/ros2_ws/src/install/velodyne_laserscan/share/velodyne_laserscan/environment/ament_prefix_path.dsv
[0.462s] -- Up-to-date symlink: /home/user/ros2_ws/src/install/velodyne_laserscan/share/velodyne_laserscan/environment/path.sh
[0.463s] -- Up-to-date symlink: /home/user/ros2_ws/src/install/velodyne_laserscan/share/velodyne_laserscan/environment/path.dsv
[0.463s] -- Up-to-date symlink: /home/user/ros2_ws/src/install/velodyne_laserscan/share/velodyne_laserscan/local_setup.bash
[0.463s] -- Up-to-date symlink: /home/user/ros2_ws/src/install/velodyne_laserscan/share/velodyne_laserscan/local_setup.sh
[0.463s] -- Up-to-date symlink: /home/user/ros2_ws/src/install/velodyne_laserscan/share/velodyne_laserscan/local_setup.zsh
[0.463s] -- Up-to-date symlink: /home/user/ros2_ws/src/install/velodyne_laserscan/share/velodyne_laserscan/local_setup.dsv
[0.463s] -- Symlinking: /home/user/ros2_ws/src/install/velodyne_laserscan/share/velodyne_laserscan/package.dsv
[0.467s] -- Up-to-date symlink: /home/user/ros2_ws/src/install/velodyne_laserscan/share/ament_index/resource_index/packages/velodyne_laserscan
[0.467s] -- Up-to-date symlink: /home/user/ros2_ws/src/install/velodyne_laserscan/share/ament_index/resource_index/rclcpp_components/velodyne_laserscan
[0.468s] -- Up-to-date symlink: /home/user/ros2_ws/src/install/velodyne_laserscan/share/velodyne_laserscan/cmake/velodyne_laserscanConfig.cmake
[0.469s] -- Up-to-date symlink: /home/user/ros2_ws/src/install/velodyne_laserscan/share/velodyne_laserscan/cmake/velodyne_laserscanConfig-version.cmake
[0.470s] -- Up-to-date symlink: /home/user/ros2_ws/src/install/velodyne_laserscan/share/velodyne_laserscan/package.xml
[0.473s] Invoked command in '/home/user/ros2_ws/src/build/velodyne_laserscan' returned '0': CMAKE_PREFIX_PATH=/home/user/ros2_ws/install/sub:/home/user/ros2_ws/install/gps_pkg:/home/user/ros2_ws/install/kitti2rosbag2:/home/user/ros2_ws/install/a123:/opt/ros/humble:${CMAKE_PREFIX_PATH} /usr/bin/cmake --install /home/user/ros2_ws/src/build/velodyne_laserscan
