[0.018s] Invoking command in '/home/user/ros2_ws/build/angles': CMAKE_PREFIX_PATH=${CMAKE_PREFIX_PATH}:/home/user/ros2_ws/install/sub:/home/user/ros2_ws/install/kitti2rosbag2:/home/user/yolo/install/yolov8_ros:/opt/ros/humble /usr/bin/cmake /home/user/ros2_ws/src/angles/angles -DAMENT_CMAKE_SYMLINK_INSTALL=1 -DCMAKE_INSTALL_PREFIX=/home/user/ros2_ws/install/angles
[0.205s] -- The C compiler identification is GNU 11.4.0
[0.206s] -- The CXX compiler identification is GNU 11.4.0
[0.206s] -- Detecting C compiler ABI info
[0.210s] -- Detecting C compiler ABI info - done
[0.215s] -- Check for working C compiler: /usr/bin/cc - skipped
[0.215s] -- Detecting C compile features
[0.216s] -- Detecting C compile features - done
[0.218s] -- Detecting CXX compiler ABI info
[0.266s] -- Detecting CXX compiler ABI info - done
[0.272s] -- Check for working CXX compiler: /usr/bin/c++ - skipped
[0.272s] -- Detecting CXX compile features
[0.272s] -- Detecting CXX compile features - done
[0.273s] -- Found ament_cmake: 1.3.8 (/opt/ros/humble/share/ament_cmake/cmake)
[0.374s] -- Found Python3: /usr/bin/python3 (found version "3.10.12") found components: Interpreter 
[0.414s] -- Override CMake install command with custom implementation using symlinks instead of copying resources
[0.432s] -- Found ament_cmake_gtest: 1.3.8 (/opt/ros/humble/share/ament_cmake_gtest/cmake)
[0.434s] -- Found gtest sources under '/opt/ros/humble/src/gtest_vendor': C++ tests using 'Google Test' will be built
[0.435s] -- Looking for pthread.h
[0.481s] -- Looking for pthread.h - found
[0.482s] -- Performing Test CMAKE_HAVE_LIBC_PTHREAD
[0.528s] -- Performing Test CMAKE_HAVE_LIBC_PTHREAD - Success
[0.529s] -- Found Threads: TRUE  
[0.531s] -- Found ament_cmake_pytest: 1.3.8 (/opt/ros/humble/share/ament_cmake_pytest/cmake)
[1.174s] -- Configuring done
[1.178s] -- Generating done
[1.178s] -- Build files have been written to: /home/user/ros2_ws/build/angles
[1.182s] Invoked command in '/home/user/ros2_ws/build/angles' returned '0': CMAKE_PREFIX_PATH=${CMAKE_PREFIX_PATH}:/home/user/ros2_ws/install/sub:/home/user/ros2_ws/install/kitti2rosbag2:/home/user/yolo/install/yolov8_ros:/opt/ros/humble /usr/bin/cmake /home/user/ros2_ws/src/angles/angles -DAMENT_CMAKE_SYMLINK_INSTALL=1 -DCMAKE_INSTALL_PREFIX=/home/user/ros2_ws/install/angles
[1.183s] Invoking command in '/home/user/ros2_ws/build/angles': CMAKE_PREFIX_PATH=${CMAKE_PREFIX_PATH}:/home/user/ros2_ws/install/sub:/home/user/ros2_ws/install/kitti2rosbag2:/home/user/yolo/install/yolov8_ros:/opt/ros/humble /usr/bin/cmake --build /home/user/ros2_ws/build/angles -- -j32 -l32
[1.208s] [ 16%] [32mBuilding CXX object gtest/CMakeFiles/gtest_main.dir/src/gtest_main.cc.o[0m
[1.209s] [ 33%] [32mBuilding CXX object gtest/CMakeFiles/gtest.dir/src/gtest-all.cc.o[0m
[1.213s] [ 33%] Built target ament_cmake_python_symlink_angles
[1.392s] running egg_info
[1.392s] creating angles.egg-info
[1.392s] writing angles.egg-info/PKG-INFO
[1.393s] writing dependency_links to angles.egg-info/dependency_links.txt
[1.393s] writing top-level names to angles.egg-info/top_level.txt
[1.393s] writing manifest file 'angles.egg-info/SOURCES.txt'
[1.394s] reading manifest file 'angles.egg-info/SOURCES.txt'
[1.394s] writing manifest file 'angles.egg-info/SOURCES.txt'
[1.410s] [ 33%] Built target ament_cmake_python_build_angles_egg
[1.696s] [ 50%] [32m[1mLinking CXX static library libgtest_main.a[0m
[1.729s] [ 50%] Built target gtest_main
[3.387s] [ 66%] [32m[1mLinking CXX static library libgtest.a[0m
[3.422s] [ 66%] Built target gtest
[3.435s] [ 83%] [32mBuilding CXX object CMakeFiles/angles_utest.dir/test/utest.cpp.o[0m
[3.980s] [100%] [32m[1mLinking CXX executable angles_utest[0m
[4.063s] [100%] Built target angles_utest
[4.071s] Invoked command in '/home/user/ros2_ws/build/angles' returned '0': CMAKE_PREFIX_PATH=${CMAKE_PREFIX_PATH}:/home/user/ros2_ws/install/sub:/home/user/ros2_ws/install/kitti2rosbag2:/home/user/yolo/install/yolov8_ros:/opt/ros/humble /usr/bin/cmake --build /home/user/ros2_ws/build/angles -- -j32 -l32
[4.088s] Invoking command in '/home/user/ros2_ws/build/angles': CMAKE_PREFIX_PATH=${CMAKE_PREFIX_PATH}:/home/user/ros2_ws/install/sub:/home/user/ros2_ws/install/kitti2rosbag2:/home/user/yolo/install/yolov8_ros:/opt/ros/humble /usr/bin/cmake --install /home/user/ros2_ws/build/angles
[4.091s] -- Install configuration: ""
[4.092s] -- Execute custom install script
[4.092s] -- Symlinking: /home/user/ros2_ws/install/angles/include/angles/angles/angles.h
[4.097s] -- Symlinking: /home/user/ros2_ws/install/angles/share/angles/environment/pythonpath.sh
[4.102s] -- Symlinking: /home/user/ros2_ws/install/angles/share/angles/environment/pythonpath.dsv
[4.107s] -- Symlinking: /home/user/ros2_ws/install/angles/local/lib/python3.10/dist-packages/angles-1.16.0-py3.10.egg-info/PKG-INFO
[4.112s] -- Symlinking: /home/user/ros2_ws/install/angles/local/lib/python3.10/dist-packages/angles-1.16.0-py3.10.egg-info/SOURCES.txt
[4.116s] -- Symlinking: /home/user/ros2_ws/install/angles/local/lib/python3.10/dist-packages/angles-1.16.0-py3.10.egg-info/dependency_links.txt
[4.121s] -- Symlinking: /home/user/ros2_ws/install/angles/local/lib/python3.10/dist-packages/angles-1.16.0-py3.10.egg-info/top_level.txt
[4.126s] -- Symlinking: /home/user/ros2_ws/install/angles/local/lib/python3.10/dist-packages/angles/__init__.py
[4.130s] -- Symlinking: /home/user/ros2_ws/install/angles/share/ament_index/resource_index/package_run_dependencies/angles
[4.135s] -- Symlinking: /home/user/ros2_ws/install/angles/share/ament_index/resource_index/parent_prefix_path/angles
[4.140s] -- Symlinking: /home/user/ros2_ws/install/angles/share/angles/environment/ament_prefix_path.sh
[4.144s] -- Symlinking: /home/user/ros2_ws/install/angles/share/angles/environment/ament_prefix_path.dsv
[4.149s] -- Symlinking: /home/user/ros2_ws/install/angles/share/angles/environment/path.sh
[4.153s] -- Symlinking: /home/user/ros2_ws/install/angles/share/angles/environment/path.dsv
[4.159s] -- Symlinking: /home/user/ros2_ws/install/angles/share/angles/local_setup.bash
[4.163s] -- Symlinking: /home/user/ros2_ws/install/angles/share/angles/local_setup.sh
[4.168s] -- Symlinking: /home/user/ros2_ws/install/angles/share/angles/local_setup.zsh
[4.172s] -- Symlinking: /home/user/ros2_ws/install/angles/share/angles/local_setup.dsv
[4.177s] -- Symlinking: /home/user/ros2_ws/install/angles/share/angles/package.dsv
[4.181s] -- Symlinking: /home/user/ros2_ws/install/angles/share/ament_index/resource_index/packages/angles
[4.186s] -- Symlinking: /home/user/ros2_ws/install/angles/share/angles/cmake/ament_cmake_export_include_directories-extras.cmake
[4.191s] -- Symlinking: /home/user/ros2_ws/install/angles/share/angles/cmake/ament_cmake_export_targets-extras.cmake
[4.195s] -- Symlinking: /home/user/ros2_ws/install/angles/share/angles/cmake/anglesConfig.cmake
[4.200s] -- Symlinking: /home/user/ros2_ws/install/angles/share/angles/cmake/anglesConfig-version.cmake
[4.204s] -- Symlinking: /home/user/ros2_ws/install/angles/share/angles/package.xml
[4.231s] Listing '/home/user/ros2_ws/install/angles/local/lib/python3.10/dist-packages/angles'...
[4.231s] Compiling '/home/user/ros2_ws/install/angles/local/lib/python3.10/dist-packages/angles/__init__.py'...
[4.235s] -- Installing: /home/user/ros2_ws/install/angles/share/angles/cmake/export_anglesExport.cmake
[4.237s] Invoked command in '/home/user/ros2_ws/build/angles' returned '0': CMAKE_PREFIX_PATH=${CMAKE_PREFIX_PATH}:/home/user/ros2_ws/install/sub:/home/user/ros2_ws/install/kitti2rosbag2:/home/user/yolo/install/yolov8_ros:/opt/ros/humble /usr/bin/cmake --install /home/user/ros2_ws/build/angles
