[0.031s] Invoking command in '/home/user/ros2_ws/src/build/diagnostic_aggregator': CMAKE_PREFIX_PATH=/home/user/ros2_ws/install/velodyne:/home/user/ros2_ws/install/velodyne_pointcloud:/home/user/ros2_ws/install/velodyne_driver:/home/user/ros2_ws/install/sub:/home/user/ros2_ws/install/gps_pkg:/home/user/ros2_ws/install/kitti2rosbag2:/home/user/ros2_ws/install/a123:/opt/ros/humble:/home/user/ros2_ws/install/velodyne_msgs:/home/user/ros2_ws/install/velodyne_laserscan:/home/user/ros2_ws/install/sub_test:/home/user/ros2_ws/install/diagnostics:/home/user/ros2_ws/install/self_test:/home/user/ros2_ws/install/msg_interfaces:/home/user/ros2_ws/install/diagnostic_common_diagnostics:/home/user/ros2_ws/install/diagnostic_updater:/home/user/ros2_ws/install/diagnostic_aggregator:/home/user/ros2_ws/install/angles /usr/bin/cmake /home/user/ros2_ws/src/diagnostics/diagnostic_aggregator -DCMAKE_INSTALL_PREFIX=/home/user/ros2_ws/src/install/diagnostic_aggregator
[0.228s] -- Found ament_cmake: 1.3.8 (/opt/ros/humble/share/ament_cmake/cmake)
[0.228s] -- Override CMake install command with custom implementation using symlinks instead of copying resources
[0.228s] -- Found diagnostic_msgs: 4.2.3 (/opt/ros/humble/share/diagnostic_msgs/cmake)
[0.228s] -- Found rosidl_generator_c: 3.1.5 (/opt/ros/humble/share/rosidl_generator_c/cmake)
[0.228s] -- Found rosidl_adapter: 3.1.5 (/opt/ros/humble/share/rosidl_adapter/cmake)
[0.236s] -- Found rosidl_generator_cpp: 3.1.5 (/opt/ros/humble/share/rosidl_generator_cpp/cmake)
[0.253s] -- Using all available rosidl_typesupport_c: rosidl_typesupport_fastrtps_c;rosidl_typesupport_introspection_c
[0.275s] -- Using all available rosidl_typesupport_cpp: rosidl_typesupport_fastrtps_cpp;rosidl_typesupport_introspection_cpp
[0.374s] -- Found pluginlib: 5.1.0 (/opt/ros/humble/share/pluginlib/cmake)
[0.390s] -- Found rclcpp: 16.0.8 (/opt/ros/humble/share/rclcpp/cmake)
[0.423s] -- Found rmw_implementation_cmake: 6.1.1 (/opt/ros/humble/share/rmw_implementation_cmake/cmake)
[0.424s] -- Found rmw_fastrtps_cpp: 6.2.6 (/opt/ros/humble/share/rmw_fastrtps_cpp/cmake)
[0.444s] -- Found TinyXML2 via Config file: TinyXML2_DIR-NOTFOUND
[0.450s] -- Found TinyXML2 via Config file: TinyXML2_DIR-NOTFOUND
[0.465s] -- Found TinyXML2 via Config file: TinyXML2_DIR-NOTFOUND
[0.470s] -- Found TinyXML2 via Config file: TinyXML2_DIR-NOTFOUND
[0.477s] -- Using RMW implementation 'rmw_fastrtps_cpp' as default
[0.572s] -- Found ament_lint_auto: 0.12.10 (/opt/ros/humble/share/ament_lint_auto/cmake)
[0.634s] -- Found python_cmake_module: 0.10.0 (/opt/ros/humble/share/python_cmake_module/cmake)
[0.653s] -- Using PYTHON_EXECUTABLE: /usr/bin/python3
[0.653s] -- Using PYTHON_INCLUDE_DIRS: /usr/include/python3.10
[0.653s] -- Using PYTHON_LIBRARIES: /usr/lib/x86_64-linux-gnu/libpython3.10.so
[1.287s] -- Added test 'cppcheck' to perform static code analysis on C / C++ code
[1.287s] -- Configured cppcheck include dirs: $<BUILD_INTERFACE:/home/user/ros2_ws/src/diagnostics/diagnostic_aggregator/include>
[1.287s] -- Configured cppcheck exclude dirs and/or files: 
[1.288s] -- Added test 'cpplint' to check C / C++ code against the Google style
[1.288s] -- Configured cpplint exclude dirs and/or files: 
[1.289s] -- Added test 'flake8' to check Python code syntax and style conventions
[1.289s] -- Added test 'lint_cmake' to check CMake code style
[1.289s] -- Added test 'pep257' to check Python code against some of the docstring style conventions in PEP 257
[1.290s] -- Added test 'uncrustify' to check C / C++ code style
[1.290s] -- Configured uncrustify additional arguments: 
[1.291s] -- Added test 'xmllint' to check XML markup files
[1.295s] -- Configuring done
[1.322s] -- Generating done
[1.323s] -- Build files have been written to: /home/user/ros2_ws/src/build/diagnostic_aggregator
