[0.020s] Invoking command in '/home/user/ros2_ws/build/diagnostic_updater': CMAKE_PREFIX_PATH=${CMAKE_PREFIX_PATH}:/home/user/ros2_ws/install/sub:/home/user/ros2_ws/install/kitti2rosbag2:/home/user/yolo/install/yolov8_ros:/opt/ros/humble /usr/bin/cmake /home/user/ros2_ws/src/diagnostics/diagnostic_updater -DAMENT_CMAKE_SYMLINK_INSTALL=1 -DCMAKE_INSTALL_PREFIX=/home/user/ros2_ws/install/diagnostic_updater
[0.209s] -- The C compiler identification is GNU 11.4.0
[0.210s] -- The CXX compiler identification is GNU 11.4.0
[0.211s] -- Detecting C compiler ABI info
[0.215s] -- Detecting C compiler ABI info - done
[0.222s] -- Check for working C compiler: /usr/bin/cc - skipped
[0.222s] -- Detecting C compile features
[0.222s] -- Detecting C compile features - done
[0.224s] -- Detecting CXX compiler ABI info
[0.271s] -- Detecting CXX compiler ABI info - done
[0.278s] -- Check for working CXX compiler: /usr/bin/c++ - skipped
[0.278s] -- Detecting CXX compile features
[0.278s] -- Detecting CXX compile features - done
[0.279s] -- Found ament_cmake: 1.3.8 (/opt/ros/humble/share/ament_cmake/cmake)
[0.379s] -- Found Python3: /usr/bin/python3 (found version "3.10.12") found components: Interpreter 
[0.420s] -- Override CMake install command with custom implementation using symlinks instead of copying resources
[0.437s] -- Found diagnostic_msgs: 4.2.3 (/opt/ros/humble/share/diagnostic_msgs/cmake)
[0.463s] -- Found rosidl_generator_c: 3.1.5 (/opt/ros/humble/share/rosidl_generator_c/cmake)
[0.466s] -- Found rosidl_adapter: 3.1.5 (/opt/ros/humble/share/rosidl_adapter/cmake)
[0.471s] -- Found rosidl_generator_cpp: 3.1.5 (/opt/ros/humble/share/rosidl_generator_cpp/cmake)
[0.480s] -- Using all available rosidl_typesupport_c: rosidl_typesupport_fastrtps_c;rosidl_typesupport_introspection_c
[0.493s] -- Using all available rosidl_typesupport_cpp: rosidl_typesupport_fastrtps_cpp;rosidl_typesupport_introspection_cpp
[0.575s] -- Found rclcpp: 16.0.8 (/opt/ros/humble/share/rclcpp/cmake)
[0.614s] -- Found rmw_implementation_cmake: 6.1.1 (/opt/ros/humble/share/rmw_implementation_cmake/cmake)
[0.616s] -- Found rmw_fastrtps_cpp: 6.2.6 (/opt/ros/humble/share/rmw_fastrtps_cpp/cmake)
[0.681s] -- Found OpenSSL: /usr/lib/x86_64-linux-gnu/libcrypto.so (found version "3.0.2")  
[0.702s] -- Found FastRTPS: /opt/ros/humble/include  
[0.736s] -- Using RMW implementation 'rmw_fastrtps_cpp' as default
[0.742s] -- Looking for pthread.h
[0.783s] -- Looking for pthread.h - found
[0.784s] -- Performing Test CMAKE_HAVE_LIBC_PTHREAD
[0.827s] -- Performing Test CMAKE_HAVE_LIBC_PTHREAD - Success
[0.828s] -- Found Threads: TRUE  
[0.914s] -- Found rclpy: 3.3.12 (/opt/ros/humble/share/rclpy/cmake)
[0.918s] -- Found ament_lint_auto: 0.12.10 (/opt/ros/humble/share/ament_lint_auto/cmake)
[1.028s] -- Found gtest sources under '/opt/ros/humble/src/gtest_vendor': C++ tests using 'Google Test' will be built
[2.837s] -- Added test 'cppcheck' to perform static code analysis on C / C++ code
[2.838s] -- Configured cppcheck include dirs: $<BUILD_INTERFACE:/home/user/ros2_ws/src/diagnostics/diagnostic_updater/include>
[2.838s] -- Configured cppcheck exclude dirs and/or files: 
[2.839s] -- Added test 'cpplint' to check C / C++ code against the Google style
[2.839s] -- Configured cpplint exclude dirs and/or files: 
[2.840s] -- Added test 'lint_cmake' to check CMake code style
[2.841s] -- Added test 'pep257' to check Python code against some of the docstring style conventions in PEP 257
[2.841s] -- Added test 'uncrustify' to check C / C++ code style
[2.841s] -- Configured uncrustify additional arguments: 
[2.842s] -- Added test 'xmllint' to check XML markup files
[2.844s] -- Configuring done
[2.857s] -- Generating done
[2.859s] -- Build files have been written to: /home/user/ros2_ws/build/diagnostic_updater
[2.866s] Invoked command in '/home/user/ros2_ws/build/diagnostic_updater' returned '0': CMAKE_PREFIX_PATH=${CMAKE_PREFIX_PATH}:/home/user/ros2_ws/install/sub:/home/user/ros2_ws/install/kitti2rosbag2:/home/user/yolo/install/yolov8_ros:/opt/ros/humble /usr/bin/cmake /home/user/ros2_ws/src/diagnostics/diagnostic_updater -DAMENT_CMAKE_SYMLINK_INSTALL=1 -DCMAKE_INSTALL_PREFIX=/home/user/ros2_ws/install/diagnostic_updater
[2.868s] Invoking command in '/home/user/ros2_ws/build/diagnostic_updater': CMAKE_PREFIX_PATH=${CMAKE_PREFIX_PATH}:/home/user/ros2_ws/install/sub:/home/user/ros2_ws/install/kitti2rosbag2:/home/user/yolo/install/yolov8_ros:/opt/ros/humble /usr/bin/cmake --build /home/user/ros2_ws/build/diagnostic_updater -- -j32 -l32
[2.897s] [ 16%] [32mBuilding CXX object CMakeFiles/example.dir/src/example.cpp.o[0m
[2.897s] [ 16%] [32mBuilding CXX object gtest/CMakeFiles/gtest_main.dir/src/gtest_main.cc.o[0m
[2.900s] [ 25%] [32mBuilding CXX object gtest/CMakeFiles/gtest.dir/src/gtest-all.cc.o[0m
[2.905s] [ 25%] Built target ament_cmake_python_symlink_diagnostic_updater
[3.096s] running egg_info
[3.097s] creating diagnostic_updater.egg-info
[3.097s] writing diagnostic_updater.egg-info/PKG-INFO
[3.097s] writing dependency_links to diagnostic_updater.egg-info/dependency_links.txt
[3.098s] writing top-level names to diagnostic_updater.egg-info/top_level.txt
[3.098s] writing manifest file 'diagnostic_updater.egg-info/SOURCES.txt'
[3.099s] reading manifest file 'diagnostic_updater.egg-info/SOURCES.txt'
[3.099s] writing manifest file 'diagnostic_updater.egg-info/SOURCES.txt'
[3.120s] [ 25%] Built target ament_cmake_python_build_diagnostic_updater_egg
[3.285s] [ 33%] [32m[1mLinking CXX static library libgtest_main.a[0m
[3.303s] [ 33%] Built target gtest_main
[4.721s] [ 41%] [32m[1mLinking CXX static library libgtest.a[0m
[4.755s] [ 41%] Built target gtest
[4.768s] [ 58%] [32mBuilding CXX object CMakeFiles/diagnostic_status_wrapper_test.dir/test/diagnostic_status_wrapper_test.cpp.o[0m
[4.768s] [ 58%] [32mBuilding CXX object CMakeFiles/diagnostic_updater_test.dir/test/diagnostic_updater_test.cpp.o[0m
[4.768s] [ 66%] [32mBuilding CXX object CMakeFiles/status_msg_test.dir/test/status_msg_test.cpp.o[0m
[6.257s] [ 75%] [32m[1mLinking CXX executable example[0m
[6.397s] [ 75%] Built target example
[6.911s] [ 83%] [32m[1mLinking CXX executable diagnostic_status_wrapper_test[0m
[7.033s] [ 83%] Built target diagnostic_status_wrapper_test
[8.163s] [ 91%] [32m[1mLinking CXX executable diagnostic_updater_test[0m
[8.341s] [ 91%] Built target diagnostic_updater_test
[10.578s] [100%] [32m[1mLinking CXX executable status_msg_test[0m
[10.873s] [100%] Built target status_msg_test
[10.884s] Invoked command in '/home/user/ros2_ws/build/diagnostic_updater' returned '0': CMAKE_PREFIX_PATH=${CMAKE_PREFIX_PATH}:/home/user/ros2_ws/install/sub:/home/user/ros2_ws/install/kitti2rosbag2:/home/user/yolo/install/yolov8_ros:/opt/ros/humble /usr/bin/cmake --build /home/user/ros2_ws/build/diagnostic_updater -- -j32 -l32
[10.907s] Invoking command in '/home/user/ros2_ws/build/diagnostic_updater': CMAKE_PREFIX_PATH=${CMAKE_PREFIX_PATH}:/home/user/ros2_ws/install/sub:/home/user/ros2_ws/install/kitti2rosbag2:/home/user/yolo/install/yolov8_ros:/opt/ros/humble /usr/bin/cmake --install /home/user/ros2_ws/build/diagnostic_updater
[10.911s] -- Install configuration: ""
[10.911s] -- Execute custom install script
[10.911s] -- Symlinking: /home/user/ros2_ws/install/diagnostic_updater/share/diagnostic_updater/environment/pythonpath.sh
[10.915s] -- Symlinking: /home/user/ros2_ws/install/diagnostic_updater/share/diagnostic_updater/environment/pythonpath.dsv
[10.920s] -- Symlinking: /home/user/ros2_ws/install/diagnostic_updater/local/lib/python3.10/dist-packages/diagnostic_updater-3.1.2-py3.10.egg-info/PKG-INFO
[10.924s] -- Symlinking: /home/user/ros2_ws/install/diagnostic_updater/local/lib/python3.10/dist-packages/diagnostic_updater-3.1.2-py3.10.egg-info/SOURCES.txt
[10.928s] -- Symlinking: /home/user/ros2_ws/install/diagnostic_updater/local/lib/python3.10/dist-packages/diagnostic_updater-3.1.2-py3.10.egg-info/dependency_links.txt
[10.932s] -- Symlinking: /home/user/ros2_ws/install/diagnostic_updater/local/lib/python3.10/dist-packages/diagnostic_updater-3.1.2-py3.10.egg-info/top_level.txt
[10.937s] -- Symlinking: /home/user/ros2_ws/install/diagnostic_updater/local/lib/python3.10/dist-packages/diagnostic_updater/__init__.py
[10.941s] -- Symlinking: /home/user/ros2_ws/install/diagnostic_updater/local/lib/python3.10/dist-packages/diagnostic_updater/_diagnostic_status_wrapper.py
[10.945s] -- Symlinking: /home/user/ros2_ws/install/diagnostic_updater/local/lib/python3.10/dist-packages/diagnostic_updater/_diagnostic_updater.py
[10.949s] -- Symlinking: /home/user/ros2_ws/install/diagnostic_updater/local/lib/python3.10/dist-packages/diagnostic_updater/_publisher.py
[10.953s] -- Symlinking: /home/user/ros2_ws/install/diagnostic_updater/local/lib/python3.10/dist-packages/diagnostic_updater/_update_functions.py
[10.957s] -- Symlinking: /home/user/ros2_ws/install/diagnostic_updater/local/lib/python3.10/dist-packages/diagnostic_updater/example.py
[10.962s] -- Symlinking: /home/user/ros2_ws/install/diagnostic_updater/lib/diagnostic_updater/example.py
[10.966s] -- Symlinking: /home/user/ros2_ws/install/diagnostic_updater/lib/diagnostic_updater/example
[10.970s] -- Symlinking: /home/user/ros2_ws/install/diagnostic_updater/include/diagnostic_updater/diagnostic_status_wrapper.hpp
[10.975s] -- Symlinking: /home/user/ros2_ws/install/diagnostic_updater/include/diagnostic_updater/diagnostic_updater.hpp
[10.979s] -- Symlinking: /home/user/ros2_ws/install/diagnostic_updater/include/diagnostic_updater/publisher.hpp
[10.983s] -- Symlinking: /home/user/ros2_ws/install/diagnostic_updater/include/diagnostic_updater/update_functions.hpp
[10.987s] -- Symlinking: /home/user/ros2_ws/install/diagnostic_updater/share/diagnostic_updater/environment/library_path.sh
[10.991s] -- Symlinking: /home/user/ros2_ws/install/diagnostic_updater/share/diagnostic_updater/environment/library_path.dsv
[10.995s] -- Symlinking: /home/user/ros2_ws/install/diagnostic_updater/share/ament_index/resource_index/package_run_dependencies/diagnostic_updater
[10.999s] -- Symlinking: /home/user/ros2_ws/install/diagnostic_updater/share/ament_index/resource_index/parent_prefix_path/diagnostic_updater
[11.004s] -- Symlinking: /home/user/ros2_ws/install/diagnostic_updater/share/diagnostic_updater/environment/ament_prefix_path.sh
[11.008s] -- Symlinking: /home/user/ros2_ws/install/diagnostic_updater/share/diagnostic_updater/environment/ament_prefix_path.dsv
[11.012s] -- Symlinking: /home/user/ros2_ws/install/diagnostic_updater/share/diagnostic_updater/environment/path.sh
[11.017s] -- Symlinking: /home/user/ros2_ws/install/diagnostic_updater/share/diagnostic_updater/environment/path.dsv
[11.021s] -- Symlinking: /home/user/ros2_ws/install/diagnostic_updater/share/diagnostic_updater/local_setup.bash
[11.025s] -- Symlinking: /home/user/ros2_ws/install/diagnostic_updater/share/diagnostic_updater/local_setup.sh
[11.029s] -- Symlinking: /home/user/ros2_ws/install/diagnostic_updater/share/diagnostic_updater/local_setup.zsh
[11.033s] -- Symlinking: /home/user/ros2_ws/install/diagnostic_updater/share/diagnostic_updater/local_setup.dsv
[11.038s] -- Symlinking: /home/user/ros2_ws/install/diagnostic_updater/share/diagnostic_updater/package.dsv
[11.042s] -- Symlinking: /home/user/ros2_ws/install/diagnostic_updater/share/ament_index/resource_index/packages/diagnostic_updater
[11.046s] -- Symlinking: /home/user/ros2_ws/install/diagnostic_updater/share/diagnostic_updater/cmake/ament_cmake_export_targets-extras.cmake
[11.051s] -- Symlinking: /home/user/ros2_ws/install/diagnostic_updater/share/diagnostic_updater/cmake/ament_cmake_export_include_directories-extras.cmake
[11.055s] -- Symlinking: /home/user/ros2_ws/install/diagnostic_updater/share/diagnostic_updater/cmake/ament_cmake_export_dependencies-extras.cmake
[11.059s] -- Symlinking: /home/user/ros2_ws/install/diagnostic_updater/share/diagnostic_updater/cmake/diagnostic_updaterConfig.cmake
[11.064s] -- Symlinking: /home/user/ros2_ws/install/diagnostic_updater/share/diagnostic_updater/cmake/diagnostic_updaterConfig-version.cmake
[11.068s] -- Symlinking: /home/user/ros2_ws/install/diagnostic_updater/share/diagnostic_updater/package.xml
[11.097s] Listing '/home/user/ros2_ws/install/diagnostic_updater/local/lib/python3.10/dist-packages/diagnostic_updater'...
[11.097s] Compiling '/home/user/ros2_ws/install/diagnostic_updater/local/lib/python3.10/dist-packages/diagnostic_updater/__init__.py'...
[11.097s] Compiling '/home/user/ros2_ws/install/diagnostic_updater/local/lib/python3.10/dist-packages/diagnostic_updater/_diagnostic_status_wrapper.py'...
[11.097s] Compiling '/home/user/ros2_ws/install/diagnostic_updater/local/lib/python3.10/dist-packages/diagnostic_updater/_diagnostic_updater.py'...
[11.097s] Compiling '/home/user/ros2_ws/install/diagnostic_updater/local/lib/python3.10/dist-packages/diagnostic_updater/_publisher.py'...
[11.097s] Compiling '/home/user/ros2_ws/install/diagnostic_updater/local/lib/python3.10/dist-packages/diagnostic_updater/_update_functions.py'...
[11.097s] Compiling '/home/user/ros2_ws/install/diagnostic_updater/local/lib/python3.10/dist-packages/diagnostic_updater/example.py'...
[11.100s] -- Installing: /home/user/ros2_ws/install/diagnostic_updater/share/diagnostic_updater/cmake/diagnostic_updaterTargetsExport.cmake
[11.101s] Invoked command in '/home/user/ros2_ws/build/diagnostic_updater' returned '0': CMAKE_PREFIX_PATH=${CMAKE_PREFIX_PATH}:/home/user/ros2_ws/install/sub:/home/user/ros2_ws/install/kitti2rosbag2:/home/user/yolo/install/yolov8_ros:/opt/ros/humble /usr/bin/cmake --install /home/user/ros2_ws/build/diagnostic_updater
