[0.013s] Invoking command in '/home/user/ros2_ws/build/diagnostic_common_diagnostics': CMAKE_PREFIX_PATH=/home/user/ros2_ws/install/diagnostic_updater:/home/user/ros2_ws/install/velodyne:/home/user/ros2_ws/install/velodyne_pointcloud:/home/user/ros2_ws/install/velodyne_driver:/home/user/ros2_ws/install/velodyne_msgs:/home/user/ros2_ws/install/velodyne_laserscan:/home/user/ros2_ws/install/diagnostics:/home/user/ros2_ws/install/self_test:/home/user/ros2_ws/install/diagnostic_common_diagnostics:/home/user/ros2_ws/install/diagnostic_aggregator:/home/user/ros2_ws/install/angles:/home/user/yolo/install/yolov8_bringup:/home/user/yolo/install/yolov8_msgs:/home/user/usb_cam/install/usb_camera_driver:/home/user/ros2_ws/install/sub:/home/user/ros2_ws/install/kitti2rosbag2:/home/user/yolo/install/yolov8_ros:/opt/ros/humble /usr/bin/cmake /home/user/ros2_ws/src/diagnostics/diagnostic_common_diagnostics -DAMENT_CMAKE_SYMLINK_INSTALL=1 -DCMAKE_INSTALL_PREFIX=/home/user/ros2_ws/install/diagnostic_common_diagnostics
[0.047s] -- The C compiler identification is GNU 11.4.0
[0.081s] -- The CXX compiler identification is GNU 11.4.0
[0.086s] -- Detecting C compiler ABI info
[0.127s] -- Detecting C compiler ABI info - done
[0.132s] -- Check for working C compiler: /usr/bin/cc - skipped
[0.132s] -- Detecting C compile features
[0.132s] -- Detecting C compile features - done
[0.134s] -- Detecting CXX compiler ABI info
[0.181s] -- Detecting CXX compiler ABI info - done
[0.187s] -- Check for working CXX compiler: /usr/bin/c++ - skipped
[0.187s] -- Detecting CXX compile features
[0.187s] -- Detecting CXX compile features - done
[0.188s] -- Found ament_cmake: 1.3.8 (/opt/ros/humble/share/ament_cmake/cmake)
[0.294s] -- Found Python3: /usr/bin/python3 (found version "3.10.12") found components: Interpreter 
[0.337s] -- Override CMake install command with custom implementation using symlinks instead of copying resources
[0.412s] -- Found ament_lint_auto: 0.12.10 (/opt/ros/humble/share/ament_lint_auto/cmake)
[0.987s] -- Added test 'xmllint' to check XML markup files
[0.988s] -- Added test 'lint_cmake' to check CMake code style
[0.989s] -- Configuring done
[0.992s] -- Generating done
[0.993s] -- Build files have been written to: /home/user/ros2_ws/build/diagnostic_common_diagnostics
[0.998s] Invoked command in '/home/user/ros2_ws/build/diagnostic_common_diagnostics' returned '0': CMAKE_PREFIX_PATH=/home/user/ros2_ws/install/diagnostic_updater:/home/user/ros2_ws/install/velodyne:/home/user/ros2_ws/install/velodyne_pointcloud:/home/user/ros2_ws/install/velodyne_driver:/home/user/ros2_ws/install/velodyne_msgs:/home/user/ros2_ws/install/velodyne_laserscan:/home/user/ros2_ws/install/diagnostics:/home/user/ros2_ws/install/self_test:/home/user/ros2_ws/install/diagnostic_common_diagnostics:/home/user/ros2_ws/install/diagnostic_aggregator:/home/user/ros2_ws/install/angles:/home/user/yolo/install/yolov8_bringup:/home/user/yolo/install/yolov8_msgs:/home/user/usb_cam/install/usb_camera_driver:/home/user/ros2_ws/install/sub:/home/user/ros2_ws/install/kitti2rosbag2:/home/user/yolo/install/yolov8_ros:/opt/ros/humble /usr/bin/cmake /home/user/ros2_ws/src/diagnostics/diagnostic_common_diagnostics -DAMENT_CMAKE_SYMLINK_INSTALL=1 -DCMAKE_INSTALL_PREFIX=/home/user/ros2_ws/install/diagnostic_common_diagnostics
[0.999s] Invoking command in '/home/user/ros2_ws/build/diagnostic_common_diagnostics': CMAKE_PREFIX_PATH=/home/user/ros2_ws/install/diagnostic_updater:/home/user/ros2_ws/install/velodyne:/home/user/ros2_ws/install/velodyne_pointcloud:/home/user/ros2_ws/install/velodyne_driver:/home/user/ros2_ws/install/velodyne_msgs:/home/user/ros2_ws/install/velodyne_laserscan:/home/user/ros2_ws/install/diagnostics:/home/user/ros2_ws/install/self_test:/home/user/ros2_ws/install/diagnostic_common_diagnostics:/home/user/ros2_ws/install/diagnostic_aggregator:/home/user/ros2_ws/install/angles:/home/user/yolo/install/yolov8_bringup:/home/user/yolo/install/yolov8_msgs:/home/user/usb_cam/install/usb_camera_driver:/home/user/ros2_ws/install/sub:/home/user/ros2_ws/install/kitti2rosbag2:/home/user/yolo/install/yolov8_ros:/opt/ros/humble /usr/bin/cmake --build /home/user/ros2_ws/build/diagnostic_common_diagnostics -- -j32 -l32
[1.028s] Built target ament_cmake_python_symlink_diagnostic_common_diagnostics
[1.210s] running egg_info
[1.211s] creating diagnostic_common_diagnostics.egg-info
[1.211s] writing diagnostic_common_diagnostics.egg-info/PKG-INFO
[1.211s] writing dependency_links to diagnostic_common_diagnostics.egg-info/dependency_links.txt
[1.211s] writing top-level names to diagnostic_common_diagnostics.egg-info/top_level.txt
[1.211s] writing manifest file 'diagnostic_common_diagnostics.egg-info/SOURCES.txt'
[1.212s] reading manifest file 'diagnostic_common_diagnostics.egg-info/SOURCES.txt'
[1.213s] writing manifest file 'diagnostic_common_diagnostics.egg-info/SOURCES.txt'
[1.229s] Built target ament_cmake_python_build_diagnostic_common_diagnostics_egg
[1.237s] Invoked command in '/home/user/ros2_ws/build/diagnostic_common_diagnostics' returned '0': CMAKE_PREFIX_PATH=/home/user/ros2_ws/install/diagnostic_updater:/home/user/ros2_ws/install/velodyne:/home/user/ros2_ws/install/velodyne_pointcloud:/home/user/ros2_ws/install/velodyne_driver:/home/user/ros2_ws/install/velodyne_msgs:/home/user/ros2_ws/install/velodyne_laserscan:/home/user/ros2_ws/install/diagnostics:/home/user/ros2_ws/install/self_test:/home/user/ros2_ws/install/diagnostic_common_diagnostics:/home/user/ros2_ws/install/diagnostic_aggregator:/home/user/ros2_ws/install/angles:/home/user/yolo/install/yolov8_bringup:/home/user/yolo/install/yolov8_msgs:/home/user/usb_cam/install/usb_camera_driver:/home/user/ros2_ws/install/sub:/home/user/ros2_ws/install/kitti2rosbag2:/home/user/yolo/install/yolov8_ros:/opt/ros/humble /usr/bin/cmake --build /home/user/ros2_ws/build/diagnostic_common_diagnostics -- -j32 -l32
[1.253s] Invoking command in '/home/user/ros2_ws/build/diagnostic_common_diagnostics': CMAKE_PREFIX_PATH=/home/user/ros2_ws/install/diagnostic_updater:/home/user/ros2_ws/install/velodyne:/home/user/ros2_ws/install/velodyne_pointcloud:/home/user/ros2_ws/install/velodyne_driver:/home/user/ros2_ws/install/velodyne_msgs:/home/user/ros2_ws/install/velodyne_laserscan:/home/user/ros2_ws/install/diagnostics:/home/user/ros2_ws/install/self_test:/home/user/ros2_ws/install/diagnostic_common_diagnostics:/home/user/ros2_ws/install/diagnostic_aggregator:/home/user/ros2_ws/install/angles:/home/user/yolo/install/yolov8_bringup:/home/user/yolo/install/yolov8_msgs:/home/user/usb_cam/install/usb_camera_driver:/home/user/ros2_ws/install/sub:/home/user/ros2_ws/install/kitti2rosbag2:/home/user/yolo/install/yolov8_ros:/opt/ros/humble /usr/bin/cmake --install /home/user/ros2_ws/build/diagnostic_common_diagnostics
[1.257s] -- Install configuration: ""
[1.257s] -- Execute custom install script
[1.257s] -- Symlinking: /home/user/ros2_ws/install/diagnostic_common_diagnostics/share/diagnostic_common_diagnostics/environment/pythonpath.sh
[1.263s] -- Symlinking: /home/user/ros2_ws/install/diagnostic_common_diagnostics/share/diagnostic_common_diagnostics/environment/pythonpath.dsv
[1.267s] -- Symlinking: /home/user/ros2_ws/install/diagnostic_common_diagnostics/local/lib/python3.10/dist-packages/diagnostic_common_diagnostics-3.1.2-py3.10.egg-info/PKG-INFO
[1.272s] -- Symlinking: /home/user/ros2_ws/install/diagnostic_common_diagnostics/local/lib/python3.10/dist-packages/diagnostic_common_diagnostics-3.1.2-py3.10.egg-info/SOURCES.txt
[1.277s] -- Symlinking: /home/user/ros2_ws/install/diagnostic_common_diagnostics/local/lib/python3.10/dist-packages/diagnostic_common_diagnostics-3.1.2-py3.10.egg-info/dependency_links.txt
[1.282s] -- Symlinking: /home/user/ros2_ws/install/diagnostic_common_diagnostics/local/lib/python3.10/dist-packages/diagnostic_common_diagnostics-3.1.2-py3.10.egg-info/top_level.txt
[1.287s] -- Symlinking: /home/user/ros2_ws/install/diagnostic_common_diagnostics/local/lib/python3.10/dist-packages/diagnostic_common_diagnostics/__init__.py
[1.292s] -- Symlinking: /home/user/ros2_ws/install/diagnostic_common_diagnostics/local/lib/python3.10/dist-packages/diagnostic_common_diagnostics/ntp_monitor.py
[1.298s] -- Symlinking: /home/user/ros2_ws/install/diagnostic_common_diagnostics/lib/diagnostic_common_diagnostics/ntp_monitor.py
[1.303s] -- Symlinking: /home/user/ros2_ws/install/diagnostic_common_diagnostics/share/ament_index/resource_index/package_run_dependencies/diagnostic_common_diagnostics
[1.308s] -- Symlinking: /home/user/ros2_ws/install/diagnostic_common_diagnostics/share/ament_index/resource_index/parent_prefix_path/diagnostic_common_diagnostics
[1.314s] -- Symlinking: /home/user/ros2_ws/install/diagnostic_common_diagnostics/share/diagnostic_common_diagnostics/environment/ament_prefix_path.sh
[1.318s] -- Symlinking: /home/user/ros2_ws/install/diagnostic_common_diagnostics/share/diagnostic_common_diagnostics/environment/ament_prefix_path.dsv
[1.323s] -- Symlinking: /home/user/ros2_ws/install/diagnostic_common_diagnostics/share/diagnostic_common_diagnostics/environment/path.sh
[1.328s] -- Symlinking: /home/user/ros2_ws/install/diagnostic_common_diagnostics/share/diagnostic_common_diagnostics/environment/path.dsv
[1.334s] -- Symlinking: /home/user/ros2_ws/install/diagnostic_common_diagnostics/share/diagnostic_common_diagnostics/local_setup.bash
[1.340s] -- Symlinking: /home/user/ros2_ws/install/diagnostic_common_diagnostics/share/diagnostic_common_diagnostics/local_setup.sh
[1.347s] -- Symlinking: /home/user/ros2_ws/install/diagnostic_common_diagnostics/share/diagnostic_common_diagnostics/local_setup.zsh
[1.354s] -- Symlinking: /home/user/ros2_ws/install/diagnostic_common_diagnostics/share/diagnostic_common_diagnostics/local_setup.dsv
[1.362s] -- Symlinking: /home/user/ros2_ws/install/diagnostic_common_diagnostics/share/diagnostic_common_diagnostics/package.dsv
[1.367s] -- Symlinking: /home/user/ros2_ws/install/diagnostic_common_diagnostics/share/ament_index/resource_index/packages/diagnostic_common_diagnostics
[1.374s] -- Symlinking: /home/user/ros2_ws/install/diagnostic_common_diagnostics/share/diagnostic_common_diagnostics/cmake/diagnostic_common_diagnosticsConfig.cmake
[1.379s] -- Symlinking: /home/user/ros2_ws/install/diagnostic_common_diagnostics/share/diagnostic_common_diagnostics/cmake/diagnostic_common_diagnosticsConfig-version.cmake
[1.385s] -- Symlinking: /home/user/ros2_ws/install/diagnostic_common_diagnostics/share/diagnostic_common_diagnostics/package.xml
[1.415s] Listing '/home/user/ros2_ws/install/diagnostic_common_diagnostics/local/lib/python3.10/dist-packages/diagnostic_common_diagnostics'...
[1.415s] Compiling '/home/user/ros2_ws/install/diagnostic_common_diagnostics/local/lib/python3.10/dist-packages/diagnostic_common_diagnostics/__init__.py'...
[1.415s] Compiling '/home/user/ros2_ws/install/diagnostic_common_diagnostics/local/lib/python3.10/dist-packages/diagnostic_common_diagnostics/ntp_monitor.py'...
[1.421s] Invoked command in '/home/user/ros2_ws/build/diagnostic_common_diagnostics' returned '0': CMAKE_PREFIX_PATH=/home/user/ros2_ws/install/diagnostic_updater:/home/user/ros2_ws/install/velodyne:/home/user/ros2_ws/install/velodyne_pointcloud:/home/user/ros2_ws/install/velodyne_driver:/home/user/ros2_ws/install/velodyne_msgs:/home/user/ros2_ws/install/velodyne_laserscan:/home/user/ros2_ws/install/diagnostics:/home/user/ros2_ws/install/self_test:/home/user/ros2_ws/install/diagnostic_common_diagnostics:/home/user/ros2_ws/install/diagnostic_aggregator:/home/user/ros2_ws/install/angles:/home/user/yolo/install/yolov8_bringup:/home/user/yolo/install/yolov8_msgs:/home/user/usb_cam/install/usb_camera_driver:/home/user/ros2_ws/install/sub:/home/user/ros2_ws/install/kitti2rosbag2:/home/user/yolo/install/yolov8_ros:/opt/ros/humble /usr/bin/cmake --install /home/user/ros2_ws/build/diagnostic_common_diagnostics
