[0.016s] Invoking command in '/home/user/ros2_ws/build/velodyne_laserscan': CMAKE_PREFIX_PATH=${CMAKE_PREFIX_PATH}:/home/user/ros2_ws/install/sub:/home/user/ros2_ws/install/kitti2rosbag2:/home/user/yolo/install/yolov8_ros:/opt/ros/humble /usr/bin/cmake /home/user/ros2_ws/src/velodyne/velodyne_laserscan -DAMENT_CMAKE_SYMLINK_INSTALL=1 -DCMAKE_INSTALL_PREFIX=/home/user/ros2_ws/install/velodyne_laserscan
[0.202s] -- The C compiler identification is GNU 11.4.0
[0.202s] -- The CXX compiler identification is GNU 11.4.0
[0.202s] -- Detecting C compiler ABI info
[0.206s] -- Detecting C compiler ABI info - done
[0.211s] -- Check for working C compiler: /usr/bin/cc - skipped
[0.211s] -- Detecting C compile features
[0.211s] -- Detecting C compile features - done
[0.213s] -- Detecting CXX compiler ABI info
[0.262s] -- Detecting CXX compiler ABI info - done
[0.269s] -- Check for working CXX compiler: /usr/bin/c++ - skipped
[0.269s] -- Detecting CXX compile features
[0.269s] -- Detecting CXX compile features - done
[0.270s] -- Found ament_cmake_ros: 0.10.0 (/opt/ros/humble/share/ament_cmake_ros/cmake)
[0.376s] -- Found Python3: /usr/bin/python3 (found version "3.10.12") found components: Interpreter 
[0.417s] -- Override CMake install command with custom implementation using symlinks instead of copying resources
[0.438s] -- Found rclcpp: 16.0.8 (/opt/ros/humble/share/rclcpp/cmake)
[0.473s] -- Found rosidl_generator_c: 3.1.5 (/opt/ros/humble/share/rosidl_generator_c/cmake)
[0.476s] -- Found rosidl_adapter: 3.1.5 (/opt/ros/humble/share/rosidl_adapter/cmake)
[0.481s] -- Found rosidl_generator_cpp: 3.1.5 (/opt/ros/humble/share/rosidl_generator_cpp/cmake)
[0.490s] -- Using all available rosidl_typesupport_c: rosidl_typesupport_fastrtps_c;rosidl_typesupport_introspection_c
[0.503s] -- Using all available rosidl_typesupport_cpp: rosidl_typesupport_fastrtps_cpp;rosidl_typesupport_introspection_cpp
[0.552s] -- Found rmw_implementation_cmake: 6.1.1 (/opt/ros/humble/share/rmw_implementation_cmake/cmake)
[0.554s] -- Found rmw_fastrtps_cpp: 6.2.6 (/opt/ros/humble/share/rmw_fastrtps_cpp/cmake)
[0.629s] -- Found OpenSSL: /usr/lib/x86_64-linux-gnu/libcrypto.so (found version "3.0.2")  
[0.652s] -- Found FastRTPS: /opt/ros/humble/include  
[0.686s] -- Using RMW implementation 'rmw_fastrtps_cpp' as default
[0.692s] -- Looking for pthread.h
[0.738s] -- Looking for pthread.h - found
[0.738s] -- Performing Test CMAKE_HAVE_LIBC_PTHREAD
[0.780s] -- Performing Test CMAKE_HAVE_LIBC_PTHREAD - Success
[0.781s] -- Found Threads: TRUE  
[0.893s] -- Found rclcpp_components: 16.0.8 (/opt/ros/humble/share/rclcpp_components/cmake)
[0.941s] -- Found sensor_msgs: 4.2.3 (/opt/ros/humble/share/sensor_msgs/cmake)
[1.029s] -- Found ament_lint_auto: 0.12.10 (/opt/ros/humble/share/ament_lint_auto/cmake)
[1.082s] -- Added test 'copyright' to check source files copyright and LICENSE
[1.083s] -- Added test 'cppcheck' to perform static code analysis on C / C++ code
[1.083s] -- Configured cppcheck include dirs: /home/user/ros2_ws/src/velodyne/velodyne_laserscan/include
[1.083s] -- Configured cppcheck exclude dirs and/or files: 
[1.084s] -- Added test 'cpplint' to check C / C++ code against the Google style
[1.084s] -- Configured cpplint exclude dirs and/or files: 
[1.084s] -- Added test 'flake8' to check Python code syntax and style conventions
[1.085s] -- Added test 'lint_cmake' to check CMake code style
[1.085s] -- Added test 'pep257' to check Python code against some of the docstring style conventions in PEP 257
[1.086s] -- Added test 'uncrustify' to check C / C++ code style
[1.086s] -- Configured uncrustify additional arguments: 
[1.086s] -- Added test 'xmllint' to check XML markup files
[1.087s] -- Configuring done
[1.095s] -- Generating done
[1.096s] -- Build files have been written to: /home/user/ros2_ws/build/velodyne_laserscan
[1.103s] Invoked command in '/home/user/ros2_ws/build/velodyne_laserscan' returned '0': CMAKE_PREFIX_PATH=${CMAKE_PREFIX_PATH}:/home/user/ros2_ws/install/sub:/home/user/ros2_ws/install/kitti2rosbag2:/home/user/yolo/install/yolov8_ros:/opt/ros/humble /usr/bin/cmake /home/user/ros2_ws/src/velodyne/velodyne_laserscan -DAMENT_CMAKE_SYMLINK_INSTALL=1 -DCMAKE_INSTALL_PREFIX=/home/user/ros2_ws/install/velodyne_laserscan
[1.104s] Invoking command in '/home/user/ros2_ws/build/velodyne_laserscan': CMAKE_PREFIX_PATH=${CMAKE_PREFIX_PATH}:/home/user/ros2_ws/install/sub:/home/user/ros2_ws/install/kitti2rosbag2:/home/user/yolo/install/yolov8_ros:/opt/ros/humble /usr/bin/cmake --build /home/user/ros2_ws/build/velodyne_laserscan -- -j32 -l32
[1.133s] [ 25%] [32mBuilding CXX object CMakeFiles/velodyne_laserscan.dir/src/velodyne_laserscan.cpp.o[0m
[7.200s] [ 50%] [32m[1mLinking CXX shared library libvelodyne_laserscan.so[0m
[7.470s] [ 50%] Built target velodyne_laserscan
[7.481s] [ 75%] [32mBuilding CXX object CMakeFiles/velodyne_laserscan_node.dir/src/node.cpp.o[0m
[9.211s] [100%] [32m[1mLinking CXX executable velodyne_laserscan_node[0m
[9.340s] [100%] Built target velodyne_laserscan_node
[9.351s] Invoked command in '/home/user/ros2_ws/build/velodyne_laserscan' returned '0': CMAKE_PREFIX_PATH=${CMAKE_PREFIX_PATH}:/home/user/ros2_ws/install/sub:/home/user/ros2_ws/install/kitti2rosbag2:/home/user/yolo/install/yolov8_ros:/opt/ros/humble /usr/bin/cmake --build /home/user/ros2_ws/build/velodyne_laserscan -- -j32 -l32
[9.368s] Invoking command in '/home/user/ros2_ws/build/velodyne_laserscan': CMAKE_PREFIX_PATH=${CMAKE_PREFIX_PATH}:/home/user/ros2_ws/install/sub:/home/user/ros2_ws/install/kitti2rosbag2:/home/user/yolo/install/yolov8_ros:/opt/ros/humble /usr/bin/cmake --install /home/user/ros2_ws/build/velodyne_laserscan
[9.371s] -- Install configuration: ""
[9.371s] -- Execute custom install script
[9.372s] -- Symlinking: /home/user/ros2_ws/install/velodyne_laserscan/lib/libvelodyne_laserscan.so
[9.377s] -- Symlinking: /home/user/ros2_ws/install/velodyne_laserscan/lib/velodyne_laserscan/velodyne_laserscan_node
[9.382s] -- Symlinking: /home/user/ros2_ws/install/velodyne_laserscan/include/velodyne_laserscan/velodyne_laserscan.hpp
[9.387s] -- Symlinking: /home/user/ros2_ws/install/velodyne_laserscan/share/velodyne_laserscan/config/default-velodyne_laserscan_node-params.yaml
[9.392s] -- Symlinking: /home/user/ros2_ws/install/velodyne_laserscan/share/velodyne_laserscan/launch/velodyne_laserscan_node-composed-launch.py
[9.396s] -- Symlinking: /home/user/ros2_ws/install/velodyne_laserscan/share/velodyne_laserscan/launch/velodyne_laserscan_node-launch.py
[9.401s] -- Symlinking: /home/user/ros2_ws/install/velodyne_laserscan/share/ament_index/resource_index/package_run_dependencies/velodyne_laserscan
[9.405s] -- Symlinking: /home/user/ros2_ws/install/velodyne_laserscan/share/ament_index/resource_index/parent_prefix_path/velodyne_laserscan
[9.410s] -- Symlinking: /home/user/ros2_ws/install/velodyne_laserscan/share/velodyne_laserscan/environment/ament_prefix_path.sh
[9.414s] -- Symlinking: /home/user/ros2_ws/install/velodyne_laserscan/share/velodyne_laserscan/environment/ament_prefix_path.dsv
[9.419s] -- Symlinking: /home/user/ros2_ws/install/velodyne_laserscan/share/velodyne_laserscan/environment/path.sh
[9.424s] -- Symlinking: /home/user/ros2_ws/install/velodyne_laserscan/share/velodyne_laserscan/environment/path.dsv
[9.428s] -- Symlinking: /home/user/ros2_ws/install/velodyne_laserscan/share/velodyne_laserscan/local_setup.bash
[9.433s] -- Symlinking: /home/user/ros2_ws/install/velodyne_laserscan/share/velodyne_laserscan/local_setup.sh
[9.438s] -- Symlinking: /home/user/ros2_ws/install/velodyne_laserscan/share/velodyne_laserscan/local_setup.zsh
[9.442s] -- Symlinking: /home/user/ros2_ws/install/velodyne_laserscan/share/velodyne_laserscan/local_setup.dsv
[9.447s] -- Symlinking: /home/user/ros2_ws/install/velodyne_laserscan/share/velodyne_laserscan/package.dsv
[9.452s] -- Symlinking: /home/user/ros2_ws/install/velodyne_laserscan/share/ament_index/resource_index/packages/velodyne_laserscan
[9.457s] -- Symlinking: /home/user/ros2_ws/install/velodyne_laserscan/share/ament_index/resource_index/rclcpp_components/velodyne_laserscan
[9.462s] -- Symlinking: /home/user/ros2_ws/install/velodyne_laserscan/share/velodyne_laserscan/cmake/velodyne_laserscanConfig.cmake
[9.467s] -- Symlinking: /home/user/ros2_ws/install/velodyne_laserscan/share/velodyne_laserscan/cmake/velodyne_laserscanConfig-version.cmake
[9.472s] -- Symlinking: /home/user/ros2_ws/install/velodyne_laserscan/share/velodyne_laserscan/package.xml
[9.478s] Invoked command in '/home/user/ros2_ws/build/velodyne_laserscan' returned '0': CMAKE_PREFIX_PATH=${CMAKE_PREFIX_PATH}:/home/user/ros2_ws/install/sub:/home/user/ros2_ws/install/kitti2rosbag2:/home/user/yolo/install/yolov8_ros:/opt/ros/humble /usr/bin/cmake --install /home/user/ros2_ws/build/velodyne_laserscan
