[0.010s] Invoking command in '/home/user/ros2_ws/build/velodyne': CMAKE_PREFIX_PATH=/home/user/ros2_ws/install/velodyne_pointcloud:/home/user/ros2_ws/install/velodyne_driver:/home/user/ros2_ws/install/velodyne_msgs:/home/user/ros2_ws/install/velodyne_laserscan:/home/user/ros2_ws/install/diagnostic_updater:/home/user/ros2_ws/install/angles:/home/user/ros2_ws/install/velodyne:/home/user/ros2_ws/install/diagnostics:/home/user/ros2_ws/install/self_test:/home/user/ros2_ws/install/diagnostic_common_diagnostics:/home/user/ros2_ws/install/diagnostic_aggregator:/home/user/yolo/install/yolov8_bringup:/home/user/yolo/install/yolov8_msgs:/home/user/usb_cam/install/usb_camera_driver:/home/user/ros2_ws/install/sub:/home/user/ros2_ws/install/kitti2rosbag2:/home/user/yolo/install/yolov8_ros:/opt/ros/humble /usr/bin/cmake /home/user/ros2_ws/src/velodyne/velodyne -DAMENT_CMAKE_SYMLINK_INSTALL=1 -DCMAKE_INSTALL_PREFIX=/home/user/ros2_ws/install/velodyne
[0.060s] -- The C compiler identification is GNU 11.4.0
[0.115s] -- The CXX compiler identification is GNU 11.4.0
[0.119s] -- Detecting C compiler ABI info
[0.179s] -- Detecting C compiler ABI info - done
[0.186s] -- Check for working C compiler: /usr/bin/cc - skipped
[0.186s] -- Detecting C compile features
[0.186s] -- Detecting C compile features - done
[0.189s] -- Detecting CXX compiler ABI info
[0.251s] -- Detecting CXX compiler ABI info - done
[0.256s] -- Check for working CXX compiler: /usr/bin/c++ - skipped
[0.256s] -- Detecting CXX compile features
[0.257s] -- Detecting CXX compile features - done
[0.259s] -- Found ament_cmake: 1.3.8 (/opt/ros/humble/share/ament_cmake/cmake)
[0.386s] -- Found Python3: /usr/bin/python3 (found version "3.10.12") found components: Interpreter 
[0.427s] -- Override CMake install command with custom implementation using symlinks instead of copying resources
[0.489s] -- Configuring done
[0.491s] -- Generating done
[0.491s] -- Build files have been written to: /home/user/ros2_ws/build/velodyne
[0.494s] Invoked command in '/home/user/ros2_ws/build/velodyne' returned '0': CMAKE_PREFIX_PATH=/home/user/ros2_ws/install/velodyne_pointcloud:/home/user/ros2_ws/install/velodyne_driver:/home/user/ros2_ws/install/velodyne_msgs:/home/user/ros2_ws/install/velodyne_laserscan:/home/user/ros2_ws/install/diagnostic_updater:/home/user/ros2_ws/install/angles:/home/user/ros2_ws/install/velodyne:/home/user/ros2_ws/install/diagnostics:/home/user/ros2_ws/install/self_test:/home/user/ros2_ws/install/diagnostic_common_diagnostics:/home/user/ros2_ws/install/diagnostic_aggregator:/home/user/yolo/install/yolov8_bringup:/home/user/yolo/install/yolov8_msgs:/home/user/usb_cam/install/usb_camera_driver:/home/user/ros2_ws/install/sub:/home/user/ros2_ws/install/kitti2rosbag2:/home/user/yolo/install/yolov8_ros:/opt/ros/humble /usr/bin/cmake /home/user/ros2_ws/src/velodyne/velodyne -DAMENT_CMAKE_SYMLINK_INSTALL=1 -DCMAKE_INSTALL_PREFIX=/home/user/ros2_ws/install/velodyne
[0.495s] Invoking command in '/home/user/ros2_ws/build/velodyne': CMAKE_PREFIX_PATH=/home/user/ros2_ws/install/velodyne_pointcloud:/home/user/ros2_ws/install/velodyne_driver:/home/user/ros2_ws/install/velodyne_msgs:/home/user/ros2_ws/install/velodyne_laserscan:/home/user/ros2_ws/install/diagnostic_updater:/home/user/ros2_ws/install/angles:/home/user/ros2_ws/install/velodyne:/home/user/ros2_ws/install/diagnostics:/home/user/ros2_ws/install/self_test:/home/user/ros2_ws/install/diagnostic_common_diagnostics:/home/user/ros2_ws/install/diagnostic_aggregator:/home/user/yolo/install/yolov8_bringup:/home/user/yolo/install/yolov8_msgs:/home/user/usb_cam/install/usb_camera_driver:/home/user/ros2_ws/install/sub:/home/user/ros2_ws/install/kitti2rosbag2:/home/user/yolo/install/yolov8_ros:/opt/ros/humble /usr/bin/cmake --build /home/user/ros2_ws/build/velodyne -- -j32 -l32
[0.522s] Invoked command in '/home/user/ros2_ws/build/velodyne' returned '0': CMAKE_PREFIX_PATH=/home/user/ros2_ws/install/velodyne_pointcloud:/home/user/ros2_ws/install/velodyne_driver:/home/user/ros2_ws/install/velodyne_msgs:/home/user/ros2_ws/install/velodyne_laserscan:/home/user/ros2_ws/install/diagnostic_updater:/home/user/ros2_ws/install/angles:/home/user/ros2_ws/install/velodyne:/home/user/ros2_ws/install/diagnostics:/home/user/ros2_ws/install/self_test:/home/user/ros2_ws/install/diagnostic_common_diagnostics:/home/user/ros2_ws/install/diagnostic_aggregator:/home/user/yolo/install/yolov8_bringup:/home/user/yolo/install/yolov8_msgs:/home/user/usb_cam/install/usb_camera_driver:/home/user/ros2_ws/install/sub:/home/user/ros2_ws/install/kitti2rosbag2:/home/user/yolo/install/yolov8_ros:/opt/ros/humble /usr/bin/cmake --build /home/user/ros2_ws/build/velodyne -- -j32 -l32
[0.544s] Invoking command in '/home/user/ros2_ws/build/velodyne': CMAKE_PREFIX_PATH=/home/user/ros2_ws/install/velodyne_pointcloud:/home/user/ros2_ws/install/velodyne_driver:/home/user/ros2_ws/install/velodyne_msgs:/home/user/ros2_ws/install/velodyne_laserscan:/home/user/ros2_ws/install/diagnostic_updater:/home/user/ros2_ws/install/angles:/home/user/ros2_ws/install/velodyne:/home/user/ros2_ws/install/diagnostics:/home/user/ros2_ws/install/self_test:/home/user/ros2_ws/install/diagnostic_common_diagnostics:/home/user/ros2_ws/install/diagnostic_aggregator:/home/user/yolo/install/yolov8_bringup:/home/user/yolo/install/yolov8_msgs:/home/user/usb_cam/install/usb_camera_driver:/home/user/ros2_ws/install/sub:/home/user/ros2_ws/install/kitti2rosbag2:/home/user/yolo/install/yolov8_ros:/opt/ros/humble /usr/bin/cmake --install /home/user/ros2_ws/build/velodyne
[0.549s] -- Install configuration: ""
[0.550s] -- Execute custom install script
[0.550s] -- Symlinking: /home/user/ros2_ws/install/velodyne/share/velodyne/launch/velodyne-all-nodes-VLP16-composed-launch.py
[0.557s] -- Symlinking: /home/user/ros2_ws/install/velodyne/share/velodyne/launch/velodyne-all-nodes-VLP16-launch.py
[0.563s] -- Symlinking: /home/user/ros2_ws/install/velodyne/share/velodyne/launch/velodyne-all-nodes-VLP32C-composed-launch.py
[0.570s] -- Symlinking: /home/user/ros2_ws/install/velodyne/share/velodyne/launch/velodyne-all-nodes-VLP32C-launch.py
[0.576s] -- Symlinking: /home/user/ros2_ws/install/velodyne/share/velodyne/launch/velodyne-all-nodes-VLS128-composed-launch.py
[0.582s] -- Symlinking: /home/user/ros2_ws/install/velodyne/share/velodyne/launch/velodyne-all-nodes-VLS128-launch.py
[0.588s] -- Symlinking: /home/user/ros2_ws/install/velodyne/share/ament_index/resource_index/package_run_dependencies/velodyne
[0.595s] -- Symlinking: /home/user/ros2_ws/install/velodyne/share/ament_index/resource_index/parent_prefix_path/velodyne
[0.602s] -- Symlinking: /home/user/ros2_ws/install/velodyne/share/velodyne/environment/ament_prefix_path.sh
[0.609s] -- Symlinking: /home/user/ros2_ws/install/velodyne/share/velodyne/environment/ament_prefix_path.dsv
[0.615s] -- Symlinking: /home/user/ros2_ws/install/velodyne/share/velodyne/environment/path.sh
[0.623s] -- Symlinking: /home/user/ros2_ws/install/velodyne/share/velodyne/environment/path.dsv
[0.629s] -- Symlinking: /home/user/ros2_ws/install/velodyne/share/velodyne/local_setup.bash
[0.636s] -- Symlinking: /home/user/ros2_ws/install/velodyne/share/velodyne/local_setup.sh
[0.643s] -- Symlinking: /home/user/ros2_ws/install/velodyne/share/velodyne/local_setup.zsh
[0.649s] -- Symlinking: /home/user/ros2_ws/install/velodyne/share/velodyne/local_setup.dsv
[0.656s] -- Symlinking: /home/user/ros2_ws/install/velodyne/share/velodyne/package.dsv
[0.662s] -- Symlinking: /home/user/ros2_ws/install/velodyne/share/ament_index/resource_index/packages/velodyne
[0.669s] -- Symlinking: /home/user/ros2_ws/install/velodyne/share/velodyne/cmake/velodyneConfig.cmake
[0.675s] -- Symlinking: /home/user/ros2_ws/install/velodyne/share/velodyne/cmake/velodyneConfig-version.cmake
[0.681s] -- Symlinking: /home/user/ros2_ws/install/velodyne/share/velodyne/package.xml
[0.689s] Invoked command in '/home/user/ros2_ws/build/velodyne' returned '0': CMAKE_PREFIX_PATH=/home/user/ros2_ws/install/velodyne_pointcloud:/home/user/ros2_ws/install/velodyne_driver:/home/user/ros2_ws/install/velodyne_msgs:/home/user/ros2_ws/install/velodyne_laserscan:/home/user/ros2_ws/install/diagnostic_updater:/home/user/ros2_ws/install/angles:/home/user/ros2_ws/install/velodyne:/home/user/ros2_ws/install/diagnostics:/home/user/ros2_ws/install/self_test:/home/user/ros2_ws/install/diagnostic_common_diagnostics:/home/user/ros2_ws/install/diagnostic_aggregator:/home/user/yolo/install/yolov8_bringup:/home/user/yolo/install/yolov8_msgs:/home/user/usb_cam/install/usb_camera_driver:/home/user/ros2_ws/install/sub:/home/user/ros2_ws/install/kitti2rosbag2:/home/user/yolo/install/yolov8_ros:/opt/ros/humble /usr/bin/cmake --install /home/user/ros2_ws/build/velodyne
