[0.016s] Invoking command in '/home/user/ros2_ws/build/velodyne_driver': CMAKE_PREFIX_PATH=/home/user/ros2_ws/install/velodyne_msgs:/home/user/ros2_ws/install/diagnostic_updater:/home/user/ros2_ws/install/velodyne:/home/user/ros2_ws/install/velodyne_pointcloud:/home/user/ros2_ws/install/velodyne_driver:/home/user/ros2_ws/install/velodyne_laserscan:/home/user/ros2_ws/install/diagnostics:/home/user/ros2_ws/install/self_test:/home/user/ros2_ws/install/diagnostic_common_diagnostics:/home/user/ros2_ws/install/diagnostic_aggregator:/home/user/ros2_ws/install/angles:/home/user/yolo/install/yolov8_bringup:/home/user/yolo/install/yolov8_msgs:/home/user/usb_cam/install/usb_camera_driver:/home/user/ros2_ws/install/sub:/home/user/ros2_ws/install/kitti2rosbag2:/home/user/yolo/install/yolov8_ros:/opt/ros/humble LD_LIBRARY_PATH=/home/user/ros2_ws/install/velodyne_msgs/lib:/home/user/ros2_ws/install/velodyne_pointcloud/lib:/home/user/ros2_ws/install/velodyne_driver/lib:/home/user/ros2_ws/install/velodyne_laserscan/lib:/home/user/ros2_ws/install/diagnostic_updater/lib:/home/user/ros2_ws/install/diagnostic_aggregator/lib:/home/user/yolo/install/yolov8_msgs/lib:/home/user/usb_cam/install/usb_camera_driver/lib:/opt/ros/humble/opt/rviz_ogre_vendor/lib:/opt/ros/humble/lib/x86_64-linux-gnu:/opt/ros/humble/lib /usr/bin/cmake /home/user/ros2_ws/src/velodyne/velodyne_driver -DAMENT_CMAKE_SYMLINK_INSTALL=1 -DCMAKE_INSTALL_PREFIX=/home/user/ros2_ws/install/velodyne_driver
[0.048s] -- The C compiler identification is GNU 11.4.0
[0.082s] -- The CXX compiler identification is GNU 11.4.0
[0.086s] -- Detecting C compiler ABI info
[0.126s] -- Detecting C compiler ABI info - done
[0.131s] -- Check for working C compiler: /usr/bin/cc - skipped
[0.131s] -- Detecting C compile features
[0.131s] -- Detecting C compile features - done
[0.134s] -- Detecting CXX compiler ABI info
[0.178s] -- Detecting CXX compiler ABI info - done
[0.183s] -- Check for working CXX compiler: /usr/bin/c++ - skipped
[0.183s] -- Detecting CXX compile features
[0.183s] -- Detecting CXX compile features - done
[0.185s] -- Found ament_cmake_ros: 0.10.0 (/opt/ros/humble/share/ament_cmake_ros/cmake)
[0.294s] -- Found Python3: /usr/bin/python3 (found version "3.10.12") found components: Interpreter 
[0.337s] -- Override CMake install command with custom implementation using symlinks instead of copying resources
[0.356s] -- Found diagnostic_msgs: 4.2.3 (/opt/ros/humble/share/diagnostic_msgs/cmake)
[0.383s] -- Found rosidl_generator_c: 3.1.5 (/opt/ros/humble/share/rosidl_generator_c/cmake)
[0.386s] -- Found rosidl_adapter: 3.1.5 (/opt/ros/humble/share/rosidl_adapter/cmake)
[0.392s] -- Found rosidl_generator_cpp: 3.1.5 (/opt/ros/humble/share/rosidl_generator_cpp/cmake)
[0.401s] -- Using all available rosidl_typesupport_c: rosidl_typesupport_fastrtps_c;rosidl_typesupport_introspection_c
[0.414s] -- Using all available rosidl_typesupport_cpp: rosidl_typesupport_fastrtps_cpp;rosidl_typesupport_introspection_cpp
[0.494s] -- Found diagnostic_updater: 3.1.2 (/home/user/ros2_ws/install/diagnostic_updater/share/diagnostic_updater/cmake)
[0.539s] -- Found rmw_implementation_cmake: 6.1.1 (/opt/ros/humble/share/rmw_implementation_cmake/cmake)
[0.541s] -- Found rmw_fastrtps_cpp: 6.2.6 (/opt/ros/humble/share/rmw_fastrtps_cpp/cmake)
[0.603s] -- Found OpenSSL: /usr/lib/x86_64-linux-gnu/libcrypto.so (found version "3.0.2")  
[0.629s] -- Found FastRTPS: /opt/ros/humble/include  
[0.661s] -- Using RMW implementation 'rmw_fastrtps_cpp' as default
[0.671s] -- Looking for pthread.h
[0.711s] -- Looking for pthread.h - found
[0.711s] -- Performing Test CMAKE_HAVE_LIBC_PTHREAD
[0.752s] -- Performing Test CMAKE_HAVE_LIBC_PTHREAD - Success
[0.753s] -- Found Threads: TRUE  
[0.854s] -- Found rclcpp_components: 16.0.8 (/opt/ros/humble/share/rclcpp_components/cmake)
[0.900s] -- Found tf2_ros: 0.25.6 (/opt/ros/humble/share/tf2_ros/cmake)
[1.165s] -- Found velodyne_msgs: 2.4.0 (/home/user/ros2_ws/install/velodyne_msgs/share/velodyne_msgs/cmake)
[1.206s] -- Found ament_lint_auto: 0.12.10 (/opt/ros/humble/share/ament_lint_auto/cmake)
[1.265s] -- Found gtest sources under '/opt/ros/humble/src/gtest_vendor': C++ tests using 'Google Test' will be built
[1.272s] -- Added test 'copyright' to check source files copyright and LICENSE
[1.273s] -- Added test 'cppcheck' to perform static code analysis on C / C++ code
[1.273s] -- Configured cppcheck include dirs: /home/user/ros2_ws/src/velodyne/velodyne_driver/include
[1.273s] -- Configured cppcheck exclude dirs and/or files: 
[1.274s] -- Added test 'cpplint' to check C / C++ code against the Google style
[1.274s] -- Configured cpplint exclude dirs and/or files: 
[1.275s] -- Added test 'flake8' to check Python code syntax and style conventions
[1.275s] -- Added test 'lint_cmake' to check CMake code style
[1.276s] -- Added test 'pep257' to check Python code against some of the docstring style conventions in PEP 257
[1.277s] -- Added test 'uncrustify' to check C / C++ code style
[1.277s] -- Configured uncrustify additional arguments: 
[1.277s] -- Added test 'xmllint' to check XML markup files
[1.278s] -- Configuring done
[1.296s] -- Generating done
[1.298s] -- Build files have been written to: /home/user/ros2_ws/build/velodyne_driver
[1.305s] Invoked command in '/home/user/ros2_ws/build/velodyne_driver' returned '0': CMAKE_PREFIX_PATH=/home/user/ros2_ws/install/velodyne_msgs:/home/user/ros2_ws/install/diagnostic_updater:/home/user/ros2_ws/install/velodyne:/home/user/ros2_ws/install/velodyne_pointcloud:/home/user/ros2_ws/install/velodyne_driver:/home/user/ros2_ws/install/velodyne_laserscan:/home/user/ros2_ws/install/diagnostics:/home/user/ros2_ws/install/self_test:/home/user/ros2_ws/install/diagnostic_common_diagnostics:/home/user/ros2_ws/install/diagnostic_aggregator:/home/user/ros2_ws/install/angles:/home/user/yolo/install/yolov8_bringup:/home/user/yolo/install/yolov8_msgs:/home/user/usb_cam/install/usb_camera_driver:/home/user/ros2_ws/install/sub:/home/user/ros2_ws/install/kitti2rosbag2:/home/user/yolo/install/yolov8_ros:/opt/ros/humble LD_LIBRARY_PATH=/home/user/ros2_ws/install/velodyne_msgs/lib:/home/user/ros2_ws/install/velodyne_pointcloud/lib:/home/user/ros2_ws/install/velodyne_driver/lib:/home/user/ros2_ws/install/velodyne_laserscan/lib:/home/user/ros2_ws/install/diagnostic_updater/lib:/home/user/ros2_ws/install/diagnostic_aggregator/lib:/home/user/yolo/install/yolov8_msgs/lib:/home/user/usb_cam/install/usb_camera_driver/lib:/opt/ros/humble/opt/rviz_ogre_vendor/lib:/opt/ros/humble/lib/x86_64-linux-gnu:/opt/ros/humble/lib /usr/bin/cmake /home/user/ros2_ws/src/velodyne/velodyne_driver -DAMENT_CMAKE_SYMLINK_INSTALL=1 -DCMAKE_INSTALL_PREFIX=/home/user/ros2_ws/install/velodyne_driver
[1.307s] Invoking command in '/home/user/ros2_ws/build/velodyne_driver': CMAKE_PREFIX_PATH=/home/user/ros2_ws/install/velodyne_msgs:/home/user/ros2_ws/install/diagnostic_updater:/home/user/ros2_ws/install/velodyne:/home/user/ros2_ws/install/velodyne_pointcloud:/home/user/ros2_ws/install/velodyne_driver:/home/user/ros2_ws/install/velodyne_laserscan:/home/user/ros2_ws/install/diagnostics:/home/user/ros2_ws/install/self_test:/home/user/ros2_ws/install/diagnostic_common_diagnostics:/home/user/ros2_ws/install/diagnostic_aggregator:/home/user/ros2_ws/install/angles:/home/user/yolo/install/yolov8_bringup:/home/user/yolo/install/yolov8_msgs:/home/user/usb_cam/install/usb_camera_driver:/home/user/ros2_ws/install/sub:/home/user/ros2_ws/install/kitti2rosbag2:/home/user/yolo/install/yolov8_ros:/opt/ros/humble LD_LIBRARY_PATH=/home/user/ros2_ws/install/velodyne_msgs/lib:/home/user/ros2_ws/install/velodyne_pointcloud/lib:/home/user/ros2_ws/install/velodyne_driver/lib:/home/user/ros2_ws/install/velodyne_laserscan/lib:/home/user/ros2_ws/install/diagnostic_updater/lib:/home/user/ros2_ws/install/diagnostic_aggregator/lib:/home/user/yolo/install/yolov8_msgs/lib:/home/user/usb_cam/install/usb_camera_driver/lib:/opt/ros/humble/opt/rviz_ogre_vendor/lib:/opt/ros/humble/lib/x86_64-linux-gnu:/opt/ros/humble/lib /usr/bin/cmake --build /home/user/ros2_ws/build/velodyne_driver -- -j32 -l32
[1.336s] [  8%] [32mBuilding CXX object src/lib/CMakeFiles/velodyne_input.dir/input.cpp.o[0m
[1.337s] [ 16%] [32mBuilding CXX object gtest/CMakeFiles/gtest_main.dir/src/gtest_main.cc.o[0m
[1.339s] [ 25%] [32mBuilding CXX object gtest/CMakeFiles/gtest.dir/src/gtest-all.cc.o[0m
[1.733s] [ 33%] [32m[1mLinking CXX static library libgtest_main.a[0m
[1.758s] [ 33%] Built target gtest_main
[3.322s] [ 41%] [32m[1mLinking CXX static library libgtest.a[0m
[3.362s] [ 41%] Built target gtest
[3.404s] [ 50%] [32m[1mLinking CXX shared library libvelodyne_input.so[0m
[3.519s] [ 50%] Built target velodyne_input
[3.533s] [ 58%] [32mBuilding CXX object CMakeFiles/velodyne_driver.dir/src/driver/driver.cpp.o[0m
[3.540s] [ 66%] [32mBuilding CXX object CMakeFiles/time_test.dir/tests/timeconversiontest.cpp.o[0m
[6.385s] [ 75%] [32m[1mLinking CXX executable time_test[0m
[6.515s] [ 75%] Built target time_test
[8.032s] [ 83%] [32m[1mLinking CXX shared library libvelodyne_driver.so[0m
[8.204s] [ 83%] Built target velodyne_driver
[8.216s] [ 91%] [32mBuilding CXX object CMakeFiles/velodyne_driver_node.dir/src/driver/velodyne_node.cpp.o[0m
[10.101s] [100%] [32m[1mLinking CXX executable velodyne_driver_node[0m
[10.236s] [100%] Built target velodyne_driver_node
[10.243s] Invoked command in '/home/user/ros2_ws/build/velodyne_driver' returned '0': CMAKE_PREFIX_PATH=/home/user/ros2_ws/install/velodyne_msgs:/home/user/ros2_ws/install/diagnostic_updater:/home/user/ros2_ws/install/velodyne:/home/user/ros2_ws/install/velodyne_pointcloud:/home/user/ros2_ws/install/velodyne_driver:/home/user/ros2_ws/install/velodyne_laserscan:/home/user/ros2_ws/install/diagnostics:/home/user/ros2_ws/install/self_test:/home/user/ros2_ws/install/diagnostic_common_diagnostics:/home/user/ros2_ws/install/diagnostic_aggregator:/home/user/ros2_ws/install/angles:/home/user/yolo/install/yolov8_bringup:/home/user/yolo/install/yolov8_msgs:/home/user/usb_cam/install/usb_camera_driver:/home/user/ros2_ws/install/sub:/home/user/ros2_ws/install/kitti2rosbag2:/home/user/yolo/install/yolov8_ros:/opt/ros/humble LD_LIBRARY_PATH=/home/user/ros2_ws/install/velodyne_msgs/lib:/home/user/ros2_ws/install/velodyne_pointcloud/lib:/home/user/ros2_ws/install/velodyne_driver/lib:/home/user/ros2_ws/install/velodyne_laserscan/lib:/home/user/ros2_ws/install/diagnostic_updater/lib:/home/user/ros2_ws/install/diagnostic_aggregator/lib:/home/user/yolo/install/yolov8_msgs/lib:/home/user/usb_cam/install/usb_camera_driver/lib:/opt/ros/humble/opt/rviz_ogre_vendor/lib:/opt/ros/humble/lib/x86_64-linux-gnu:/opt/ros/humble/lib /usr/bin/cmake --build /home/user/ros2_ws/build/velodyne_driver -- -j32 -l32
[10.265s] Invoking command in '/home/user/ros2_ws/build/velodyne_driver': CMAKE_PREFIX_PATH=/home/user/ros2_ws/install/velodyne_msgs:/home/user/ros2_ws/install/diagnostic_updater:/home/user/ros2_ws/install/velodyne:/home/user/ros2_ws/install/velodyne_pointcloud:/home/user/ros2_ws/install/velodyne_driver:/home/user/ros2_ws/install/velodyne_laserscan:/home/user/ros2_ws/install/diagnostics:/home/user/ros2_ws/install/self_test:/home/user/ros2_ws/install/diagnostic_common_diagnostics:/home/user/ros2_ws/install/diagnostic_aggregator:/home/user/ros2_ws/install/angles:/home/user/yolo/install/yolov8_bringup:/home/user/yolo/install/yolov8_msgs:/home/user/usb_cam/install/usb_camera_driver:/home/user/ros2_ws/install/sub:/home/user/ros2_ws/install/kitti2rosbag2:/home/user/yolo/install/yolov8_ros:/opt/ros/humble LD_LIBRARY_PATH=/home/user/ros2_ws/install/velodyne_msgs/lib:/home/user/ros2_ws/install/velodyne_pointcloud/lib:/home/user/ros2_ws/install/velodyne_driver/lib:/home/user/ros2_ws/install/velodyne_laserscan/lib:/home/user/ros2_ws/install/diagnostic_updater/lib:/home/user/ros2_ws/install/diagnostic_aggregator/lib:/home/user/yolo/install/yolov8_msgs/lib:/home/user/usb_cam/install/usb_camera_driver/lib:/opt/ros/humble/opt/rviz_ogre_vendor/lib:/opt/ros/humble/lib/x86_64-linux-gnu:/opt/ros/humble/lib /usr/bin/cmake --install /home/user/ros2_ws/build/velodyne_driver
[10.269s] -- Install configuration: ""
[10.270s] -- Execute custom install script
[10.270s] -- Symlinking: /home/user/ros2_ws/install/velodyne_driver/lib/libvelodyne_input.so
[10.275s] -- Symlinking: /home/user/ros2_ws/install/velodyne_driver/lib/libvelodyne_driver.so
[10.279s] -- Symlinking: /home/user/ros2_ws/install/velodyne_driver/lib/velodyne_driver/velodyne_driver_node
[10.283s] -- Symlinking: /home/user/ros2_ws/install/velodyne_driver/include/velodyne_driver/driver.hpp
[10.287s] -- Symlinking: /home/user/ros2_ws/install/velodyne_driver/include/velodyne_driver/input.hpp
[10.292s] -- Symlinking: /home/user/ros2_ws/install/velodyne_driver/include/velodyne_driver/time_conversion.hpp
[10.296s] -- Symlinking: /home/user/ros2_ws/install/velodyne_driver/share/velodyne_driver/config/VLP16-velodyne_driver_node-params.yaml
[10.301s] -- Symlinking: /home/user/ros2_ws/install/velodyne_driver/share/velodyne_driver/config/VLP32C-velodyne_driver_node-params.yaml
[10.305s] -- Symlinking: /home/user/ros2_ws/install/velodyne_driver/share/velodyne_driver/config/VLS128-velodyne_driver_node-params.yaml
[10.309s] -- Symlinking: /home/user/ros2_ws/install/velodyne_driver/share/velodyne_driver/launch/velodyne_driver_node-VLP16-composed-launch.py
[10.313s] -- Symlinking: /home/user/ros2_ws/install/velodyne_driver/share/velodyne_driver/launch/velodyne_driver_node-VLP16-launch.py
[10.317s] -- Symlinking: /home/user/ros2_ws/install/velodyne_driver/share/velodyne_driver/launch/velodyne_driver_node-VLP32C-composed-launch.py
[10.321s] -- Symlinking: /home/user/ros2_ws/install/velodyne_driver/share/velodyne_driver/launch/velodyne_driver_node-VLP32C-launch.py
[10.325s] -- Symlinking: /home/user/ros2_ws/install/velodyne_driver/share/velodyne_driver/launch/velodyne_driver_node-VLS128-composed-launch.py
[10.330s] -- Symlinking: /home/user/ros2_ws/install/velodyne_driver/share/velodyne_driver/launch/velodyne_driver_node-VLS128-launch.py
[10.334s] -- Symlinking: /home/user/ros2_ws/install/velodyne_driver/lib/velodyne_driver/vdump
[10.338s] -- Symlinking: /home/user/ros2_ws/install/velodyne_driver/share/ament_index/resource_index/package_run_dependencies/velodyne_driver
[10.343s] -- Symlinking: /home/user/ros2_ws/install/velodyne_driver/share/ament_index/resource_index/parent_prefix_path/velodyne_driver
[10.347s] -- Symlinking: /home/user/ros2_ws/install/velodyne_driver/share/velodyne_driver/environment/ament_prefix_path.sh
[10.351s] -- Symlinking: /home/user/ros2_ws/install/velodyne_driver/share/velodyne_driver/environment/ament_prefix_path.dsv
[10.356s] -- Symlinking: /home/user/ros2_ws/install/velodyne_driver/share/velodyne_driver/environment/path.sh
[10.361s] -- Symlinking: /home/user/ros2_ws/install/velodyne_driver/share/velodyne_driver/environment/path.dsv
[10.365s] -- Symlinking: /home/user/ros2_ws/install/velodyne_driver/share/velodyne_driver/local_setup.bash
[10.370s] -- Symlinking: /home/user/ros2_ws/install/velodyne_driver/share/velodyne_driver/local_setup.sh
[10.374s] -- Symlinking: /home/user/ros2_ws/install/velodyne_driver/share/velodyne_driver/local_setup.zsh
[10.378s] -- Symlinking: /home/user/ros2_ws/install/velodyne_driver/share/velodyne_driver/local_setup.dsv
[10.382s] -- Symlinking: /home/user/ros2_ws/install/velodyne_driver/share/velodyne_driver/package.dsv
[10.386s] -- Symlinking: /home/user/ros2_ws/install/velodyne_driver/share/ament_index/resource_index/packages/velodyne_driver
[10.391s] -- Symlinking: /home/user/ros2_ws/install/velodyne_driver/share/ament_index/resource_index/rclcpp_components/velodyne_driver
[10.395s] -- Symlinking: /home/user/ros2_ws/install/velodyne_driver/share/velodyne_driver/cmake/velodyne_driverConfig.cmake
[10.399s] -- Symlinking: /home/user/ros2_ws/install/velodyne_driver/share/velodyne_driver/cmake/velodyne_driverConfig-version.cmake
[10.403s] -- Symlinking: /home/user/ros2_ws/install/velodyne_driver/share/velodyne_driver/package.xml
[10.409s] Invoked command in '/home/user/ros2_ws/build/velodyne_driver' returned '0': CMAKE_PREFIX_PATH=/home/user/ros2_ws/install/velodyne_msgs:/home/user/ros2_ws/install/diagnostic_updater:/home/user/ros2_ws/install/velodyne:/home/user/ros2_ws/install/velodyne_pointcloud:/home/user/ros2_ws/install/velodyne_driver:/home/user/ros2_ws/install/velodyne_laserscan:/home/user/ros2_ws/install/diagnostics:/home/user/ros2_ws/install/self_test:/home/user/ros2_ws/install/diagnostic_common_diagnostics:/home/user/ros2_ws/install/diagnostic_aggregator:/home/user/ros2_ws/install/angles:/home/user/yolo/install/yolov8_bringup:/home/user/yolo/install/yolov8_msgs:/home/user/usb_cam/install/usb_camera_driver:/home/user/ros2_ws/install/sub:/home/user/ros2_ws/install/kitti2rosbag2:/home/user/yolo/install/yolov8_ros:/opt/ros/humble LD_LIBRARY_PATH=/home/user/ros2_ws/install/velodyne_msgs/lib:/home/user/ros2_ws/install/velodyne_pointcloud/lib:/home/user/ros2_ws/install/velodyne_driver/lib:/home/user/ros2_ws/install/velodyne_laserscan/lib:/home/user/ros2_ws/install/diagnostic_updater/lib:/home/user/ros2_ws/install/diagnostic_aggregator/lib:/home/user/yolo/install/yolov8_msgs/lib:/home/user/usb_cam/install/usb_camera_driver/lib:/opt/ros/humble/opt/rviz_ogre_vendor/lib:/opt/ros/humble/lib/x86_64-linux-gnu:/opt/ros/humble/lib /usr/bin/cmake --install /home/user/ros2_ws/build/velodyne_driver
