[0.012s] Invoking command in '/home/user/ros2_ws/src/build/diagnostic_common_diagnostics': AMENT_PREFIX_PATH=/home/user/ros2_ws/src/install/diagnostic_updater:${AMENT_PREFIX_PATH} CMAKE_PREFIX_PATH=/home/user/ros2_ws/src/install/diagnostic_updater:/home/user/ros2_ws/install/velodyne:/home/user/ros2_ws/install/velodyne_pointcloud:/home/user/ros2_ws/install/velodyne_driver:/home/user/ros2_ws/install/sub:/home/user/ros2_ws/install/gps_pkg:/home/user/ros2_ws/install/a123:/opt/ros/humble:/home/user/ros2_ws/install/velodyne_msgs:/home/user/ros2_ws/install/velodyne_laserscan:/home/user/ros2_ws/install/sub_test:/home/user/ros2_ws/install/diagnostics:/home/user/ros2_ws/install/self_test:/home/user/ros2_ws/install/msg_interfaces:/home/user/ros2_ws/install/diagnostic_common_diagnostics:/home/user/ros2_ws/install/diagnostic_updater:/home/user/ros2_ws/install/diagnostic_aggregator:/home/user/ros2_ws/install/angles LD_LIBRARY_PATH=/home/user/ros2_ws/src/install/diagnostic_updater/lib:${LD_LIBRARY_PATH} PYTHONPATH=/home/user/ros2_ws/src/install/diagnostic_updater/local/lib/python3.10/dist-packages:${PYTHONPATH} /usr/bin/cmake /home/user/ros2_ws/src/diagnostics/diagnostic_common_diagnostics -DAMENT_CMAKE_SYMLINK_INSTALL=1 -DCMAKE_INSTALL_PREFIX=/home/user/ros2_ws/src/install/diagnostic_common_diagnostics
[0.051s] -- The C compiler identification is GNU 11.4.0
[0.084s] -- The CXX compiler identification is GNU 11.4.0
[0.089s] -- Detecting C compiler ABI info
[0.130s] -- Detecting C compiler ABI info - done
[0.137s] -- Check for working C compiler: /usr/bin/cc - skipped
[0.137s] -- Detecting C compile features
[0.138s] -- Detecting C compile features - done
[0.141s] -- Detecting CXX compiler ABI info
[0.187s] -- Detecting CXX compiler ABI info - done
[0.193s] -- Check for working CXX compiler: /usr/bin/c++ - skipped
[0.193s] -- Detecting CXX compile features
[0.193s] -- Detecting CXX compile features - done
[0.194s] -- Found ament_cmake: 1.3.8 (/opt/ros/humble/share/ament_cmake/cmake)
[0.304s] -- Found Python3: /usr/bin/python3 (found version "3.10.12") found components: Interpreter 
[0.348s] -- Override CMake install command with custom implementation using symlinks instead of copying resources
[0.426s] -- Found ament_lint_auto: 0.12.10 (/opt/ros/humble/share/ament_lint_auto/cmake)
[0.688s] -- Added test 'xmllint' to check XML markup files
[0.689s] -- Added test 'lint_cmake' to check CMake code style
[0.689s] -- Configuring done
[0.691s] -- Generating done
[0.692s] -- Build files have been written to: /home/user/ros2_ws/src/build/diagnostic_common_diagnostics
[0.696s] Invoked command in '/home/user/ros2_ws/src/build/diagnostic_common_diagnostics' returned '0': AMENT_PREFIX_PATH=/home/user/ros2_ws/src/install/diagnostic_updater:${AMENT_PREFIX_PATH} CMAKE_PREFIX_PATH=/home/user/ros2_ws/src/install/diagnostic_updater:/home/user/ros2_ws/install/velodyne:/home/user/ros2_ws/install/velodyne_pointcloud:/home/user/ros2_ws/install/velodyne_driver:/home/user/ros2_ws/install/sub:/home/user/ros2_ws/install/gps_pkg:/home/user/ros2_ws/install/a123:/opt/ros/humble:/home/user/ros2_ws/install/velodyne_msgs:/home/user/ros2_ws/install/velodyne_laserscan:/home/user/ros2_ws/install/sub_test:/home/user/ros2_ws/install/diagnostics:/home/user/ros2_ws/install/self_test:/home/user/ros2_ws/install/msg_interfaces:/home/user/ros2_ws/install/diagnostic_common_diagnostics:/home/user/ros2_ws/install/diagnostic_updater:/home/user/ros2_ws/install/diagnostic_aggregator:/home/user/ros2_ws/install/angles LD_LIBRARY_PATH=/home/user/ros2_ws/src/install/diagnostic_updater/lib:${LD_LIBRARY_PATH} PYTHONPATH=/home/user/ros2_ws/src/install/diagnostic_updater/local/lib/python3.10/dist-packages:${PYTHONPATH} /usr/bin/cmake /home/user/ros2_ws/src/diagnostics/diagnostic_common_diagnostics -DAMENT_CMAKE_SYMLINK_INSTALL=1 -DCMAKE_INSTALL_PREFIX=/home/user/ros2_ws/src/install/diagnostic_common_diagnostics
[0.697s] Invoking command in '/home/user/ros2_ws/src/build/diagnostic_common_diagnostics': AMENT_PREFIX_PATH=/home/user/ros2_ws/src/install/diagnostic_updater:${AMENT_PREFIX_PATH} CMAKE_PREFIX_PATH=/home/user/ros2_ws/src/install/diagnostic_updater:/home/user/ros2_ws/install/velodyne:/home/user/ros2_ws/install/velodyne_pointcloud:/home/user/ros2_ws/install/velodyne_driver:/home/user/ros2_ws/install/sub:/home/user/ros2_ws/install/gps_pkg:/home/user/ros2_ws/install/a123:/opt/ros/humble:/home/user/ros2_ws/install/velodyne_msgs:/home/user/ros2_ws/install/velodyne_laserscan:/home/user/ros2_ws/install/sub_test:/home/user/ros2_ws/install/diagnostics:/home/user/ros2_ws/install/self_test:/home/user/ros2_ws/install/msg_interfaces:/home/user/ros2_ws/install/diagnostic_common_diagnostics:/home/user/ros2_ws/install/diagnostic_updater:/home/user/ros2_ws/install/diagnostic_aggregator:/home/user/ros2_ws/install/angles LD_LIBRARY_PATH=/home/user/ros2_ws/src/install/diagnostic_updater/lib:${LD_LIBRARY_PATH} PYTHONPATH=/home/user/ros2_ws/src/install/diagnostic_updater/local/lib/python3.10/dist-packages:${PYTHONPATH} /usr/bin/cmake --build /home/user/ros2_ws/src/build/diagnostic_common_diagnostics -- -j32 -l32
[0.726s] Built target ament_cmake_python_symlink_diagnostic_common_diagnostics
[0.885s] running egg_info
[0.885s] creating diagnostic_common_diagnostics.egg-info
[0.885s] writing diagnostic_common_diagnostics.egg-info/PKG-INFO
[0.885s] writing dependency_links to diagnostic_common_diagnostics.egg-info/dependency_links.txt
[0.885s] writing top-level names to diagnostic_common_diagnostics.egg-info/top_level.txt
[0.885s] writing manifest file 'diagnostic_common_diagnostics.egg-info/SOURCES.txt'
[0.886s] reading manifest file 'diagnostic_common_diagnostics.egg-info/SOURCES.txt'
[0.887s] writing manifest file 'diagnostic_common_diagnostics.egg-info/SOURCES.txt'
[0.903s] Built target ament_cmake_python_build_diagnostic_common_diagnostics_egg
[0.910s] Invoked command in '/home/user/ros2_ws/src/build/diagnostic_common_diagnostics' returned '0': AMENT_PREFIX_PATH=/home/user/ros2_ws/src/install/diagnostic_updater:${AMENT_PREFIX_PATH} CMAKE_PREFIX_PATH=/home/user/ros2_ws/src/install/diagnostic_updater:/home/user/ros2_ws/install/velodyne:/home/user/ros2_ws/install/velodyne_pointcloud:/home/user/ros2_ws/install/velodyne_driver:/home/user/ros2_ws/install/sub:/home/user/ros2_ws/install/gps_pkg:/home/user/ros2_ws/install/a123:/opt/ros/humble:/home/user/ros2_ws/install/velodyne_msgs:/home/user/ros2_ws/install/velodyne_laserscan:/home/user/ros2_ws/install/sub_test:/home/user/ros2_ws/install/diagnostics:/home/user/ros2_ws/install/self_test:/home/user/ros2_ws/install/msg_interfaces:/home/user/ros2_ws/install/diagnostic_common_diagnostics:/home/user/ros2_ws/install/diagnostic_updater:/home/user/ros2_ws/install/diagnostic_aggregator:/home/user/ros2_ws/install/angles LD_LIBRARY_PATH=/home/user/ros2_ws/src/install/diagnostic_updater/lib:${LD_LIBRARY_PATH} PYTHONPATH=/home/user/ros2_ws/src/install/diagnostic_updater/local/lib/python3.10/dist-packages:${PYTHONPATH} /usr/bin/cmake --build /home/user/ros2_ws/src/build/diagnostic_common_diagnostics -- -j32 -l32
[0.926s] Invoking command in '/home/user/ros2_ws/src/build/diagnostic_common_diagnostics': AMENT_PREFIX_PATH=/home/user/ros2_ws/src/install/diagnostic_updater:${AMENT_PREFIX_PATH} CMAKE_PREFIX_PATH=/home/user/ros2_ws/src/install/diagnostic_updater:/home/user/ros2_ws/install/velodyne:/home/user/ros2_ws/install/velodyne_pointcloud:/home/user/ros2_ws/install/velodyne_driver:/home/user/ros2_ws/install/sub:/home/user/ros2_ws/install/gps_pkg:/home/user/ros2_ws/install/a123:/opt/ros/humble:/home/user/ros2_ws/install/velodyne_msgs:/home/user/ros2_ws/install/velodyne_laserscan:/home/user/ros2_ws/install/sub_test:/home/user/ros2_ws/install/diagnostics:/home/user/ros2_ws/install/self_test:/home/user/ros2_ws/install/msg_interfaces:/home/user/ros2_ws/install/diagnostic_common_diagnostics:/home/user/ros2_ws/install/diagnostic_updater:/home/user/ros2_ws/install/diagnostic_aggregator:/home/user/ros2_ws/install/angles LD_LIBRARY_PATH=/home/user/ros2_ws/src/install/diagnostic_updater/lib:${LD_LIBRARY_PATH} PYTHONPATH=/home/user/ros2_ws/src/install/diagnostic_updater/local/lib/python3.10/dist-packages:${PYTHONPATH} /usr/bin/cmake --install /home/user/ros2_ws/src/build/diagnostic_common_diagnostics
[0.930s] -- Install configuration: ""
[0.930s] -- Execute custom install script
[0.930s] -- Symlinking: /home/user/ros2_ws/src/install/diagnostic_common_diagnostics/share/diagnostic_common_diagnostics/environment/pythonpath.sh
[0.936s] -- Symlinking: /home/user/ros2_ws/src/install/diagnostic_common_diagnostics/share/diagnostic_common_diagnostics/environment/pythonpath.dsv
[0.941s] -- Symlinking: /home/user/ros2_ws/src/install/diagnostic_common_diagnostics/local/lib/python3.10/dist-packages/diagnostic_common_diagnostics-3.1.2-py3.10.egg-info/PKG-INFO
[0.945s] -- Symlinking: /home/user/ros2_ws/src/install/diagnostic_common_diagnostics/local/lib/python3.10/dist-packages/diagnostic_common_diagnostics-3.1.2-py3.10.egg-info/SOURCES.txt
[0.949s] -- Symlinking: /home/user/ros2_ws/src/install/diagnostic_common_diagnostics/local/lib/python3.10/dist-packages/diagnostic_common_diagnostics-3.1.2-py3.10.egg-info/dependency_links.txt
[0.953s] -- Symlinking: /home/user/ros2_ws/src/install/diagnostic_common_diagnostics/local/lib/python3.10/dist-packages/diagnostic_common_diagnostics-3.1.2-py3.10.egg-info/top_level.txt
[0.958s] -- Symlinking: /home/user/ros2_ws/src/install/diagnostic_common_diagnostics/local/lib/python3.10/dist-packages/diagnostic_common_diagnostics/__init__.py
[0.963s] -- Symlinking: /home/user/ros2_ws/src/install/diagnostic_common_diagnostics/local/lib/python3.10/dist-packages/diagnostic_common_diagnostics/ntp_monitor.py
[0.968s] -- Symlinking: /home/user/ros2_ws/src/install/diagnostic_common_diagnostics/lib/diagnostic_common_diagnostics/ntp_monitor.py
[0.973s] -- Symlinking: /home/user/ros2_ws/src/install/diagnostic_common_diagnostics/share/ament_index/resource_index/package_run_dependencies/diagnostic_common_diagnostics
[0.978s] -- Symlinking: /home/user/ros2_ws/src/install/diagnostic_common_diagnostics/share/ament_index/resource_index/parent_prefix_path/diagnostic_common_diagnostics
[0.984s] -- Symlinking: /home/user/ros2_ws/src/install/diagnostic_common_diagnostics/share/diagnostic_common_diagnostics/environment/ament_prefix_path.sh
[0.990s] -- Symlinking: /home/user/ros2_ws/src/install/diagnostic_common_diagnostics/share/diagnostic_common_diagnostics/environment/ament_prefix_path.dsv
[0.995s] -- Symlinking: /home/user/ros2_ws/src/install/diagnostic_common_diagnostics/share/diagnostic_common_diagnostics/environment/path.sh
[1.000s] -- Symlinking: /home/user/ros2_ws/src/install/diagnostic_common_diagnostics/share/diagnostic_common_diagnostics/environment/path.dsv
[1.008s] -- Symlinking: /home/user/ros2_ws/src/install/diagnostic_common_diagnostics/share/diagnostic_common_diagnostics/local_setup.bash
[1.010s] -- Symlinking: /home/user/ros2_ws/src/install/diagnostic_common_diagnostics/share/diagnostic_common_diagnostics/local_setup.sh
[1.016s] -- Symlinking: /home/user/ros2_ws/src/install/diagnostic_common_diagnostics/share/diagnostic_common_diagnostics/local_setup.zsh
[1.022s] -- Symlinking: /home/user/ros2_ws/src/install/diagnostic_common_diagnostics/share/diagnostic_common_diagnostics/local_setup.dsv
[1.028s] -- Symlinking: /home/user/ros2_ws/src/install/diagnostic_common_diagnostics/share/diagnostic_common_diagnostics/package.dsv
[1.034s] -- Symlinking: /home/user/ros2_ws/src/install/diagnostic_common_diagnostics/share/ament_index/resource_index/packages/diagnostic_common_diagnostics
[1.039s] -- Symlinking: /home/user/ros2_ws/src/install/diagnostic_common_diagnostics/share/diagnostic_common_diagnostics/cmake/diagnostic_common_diagnosticsConfig.cmake
[1.044s] -- Symlinking: /home/user/ros2_ws/src/install/diagnostic_common_diagnostics/share/diagnostic_common_diagnostics/cmake/diagnostic_common_diagnosticsConfig-version.cmake
[1.049s] -- Symlinking: /home/user/ros2_ws/src/install/diagnostic_common_diagnostics/share/diagnostic_common_diagnostics/package.xml
[1.083s] Listing '/home/user/ros2_ws/src/install/diagnostic_common_diagnostics/local/lib/python3.10/dist-packages/diagnostic_common_diagnostics'...
[1.083s] Compiling '/home/user/ros2_ws/src/install/diagnostic_common_diagnostics/local/lib/python3.10/dist-packages/diagnostic_common_diagnostics/__init__.py'...
[1.083s] Compiling '/home/user/ros2_ws/src/install/diagnostic_common_diagnostics/local/lib/python3.10/dist-packages/diagnostic_common_diagnostics/ntp_monitor.py'...
[1.089s] Invoked command in '/home/user/ros2_ws/src/build/diagnostic_common_diagnostics' returned '0': AMENT_PREFIX_PATH=/home/user/ros2_ws/src/install/diagnostic_updater:${AMENT_PREFIX_PATH} CMAKE_PREFIX_PATH=/home/user/ros2_ws/src/install/diagnostic_updater:/home/user/ros2_ws/install/velodyne:/home/user/ros2_ws/install/velodyne_pointcloud:/home/user/ros2_ws/install/velodyne_driver:/home/user/ros2_ws/install/sub:/home/user/ros2_ws/install/gps_pkg:/home/user/ros2_ws/install/a123:/opt/ros/humble:/home/user/ros2_ws/install/velodyne_msgs:/home/user/ros2_ws/install/velodyne_laserscan:/home/user/ros2_ws/install/sub_test:/home/user/ros2_ws/install/diagnostics:/home/user/ros2_ws/install/self_test:/home/user/ros2_ws/install/msg_interfaces:/home/user/ros2_ws/install/diagnostic_common_diagnostics:/home/user/ros2_ws/install/diagnostic_updater:/home/user/ros2_ws/install/diagnostic_aggregator:/home/user/ros2_ws/install/angles LD_LIBRARY_PATH=/home/user/ros2_ws/src/install/diagnostic_updater/lib:${LD_LIBRARY_PATH} PYTHONPATH=/home/user/ros2_ws/src/install/diagnostic_updater/local/lib/python3.10/dist-packages:${PYTHONPATH} /usr/bin/cmake --install /home/user/ros2_ws/src/build/diagnostic_common_diagnostics
