[0.727s] Invoking command in '/home/user/ros2_ws/src/kitti2rosbag2': PYTHONPATH=/home/user/ros2_ws/src/build/kitti2rosbag2/prefix_override:/home/user/ros2_ws/src/install/kitti2rosbag2/lib/python3.10/site-packages:${PYTHONPATH} /usr/bin/python3 -W ignore:setup.py install is deprecated setup.py egg_info --egg-base ../build/kitti2rosbag2 build --build-base /home/user/ros2_ws/src/build/kitti2rosbag2/build install --record /home/user/ros2_ws/src/build/kitti2rosbag2/install.log --single-version-externally-managed install_data
[0.900s] running egg_info
[0.900s] writing ../build/kitti2rosbag2/kitti2rosbag2.egg-info/PKG-INFO
[0.900s] writing dependency_links to ../build/kitti2rosbag2/kitti2rosbag2.egg-info/dependency_links.txt
[0.900s] writing entry points to ../build/kitti2rosbag2/kitti2rosbag2.egg-info/entry_points.txt
[0.901s] writing requirements to ../build/kitti2rosbag2/kitti2rosbag2.egg-info/requires.txt
[0.901s] writing top-level names to ../build/kitti2rosbag2/kitti2rosbag2.egg-info/top_level.txt
[0.902s] reading manifest file '../build/kitti2rosbag2/kitti2rosbag2.egg-info/SOURCES.txt'
[0.902s] adding license file 'LICENSE'
[0.902s] writing manifest file '../build/kitti2rosbag2/kitti2rosbag2.egg-info/SOURCES.txt'
[0.902s] running build
[0.902s] running build_py
[0.903s] running install
[0.903s] running install_lib
[0.904s] running install_data
[0.904s] running install_egg_info
[0.905s] removing '/home/user/ros2_ws/src/install/kitti2rosbag2/lib/python3.10/site-packages/kitti2rosbag2-1.0.0-py3.10.egg-info' (and everything under it)
[0.905s] Copying ../build/kitti2rosbag2/kitti2rosbag2.egg-info to /home/user/ros2_ws/src/install/kitti2rosbag2/lib/python3.10/site-packages/kitti2rosbag2-1.0.0-py3.10.egg-info
[0.905s] running install_scripts
[0.920s] Installing kitti_rec_node script to /home/user/ros2_ws/src/install/kitti2rosbag2/lib/kitti2rosbag2
[0.920s] writing list of installed files to '/home/user/ros2_ws/src/build/kitti2rosbag2/install.log'
