[0.014s] Invoking command in '/home/user/ros2_ws/src/build/diagnostic_aggregator': CMAKE_PREFIX_PATH=/home/user/ros2_ws/install/velodyne:/home/user/ros2_ws/install/velodyne_pointcloud:/home/user/ros2_ws/install/velodyne_driver:/home/user/ros2_ws/install/sub:/home/user/ros2_ws/install/gps_pkg:/home/user/ros2_ws/install/a123:/opt/ros/humble:/home/user/ros2_ws/install/velodyne_msgs:/home/user/ros2_ws/install/velodyne_laserscan:/home/user/ros2_ws/install/sub_test:/home/user/ros2_ws/install/diagnostics:/home/user/ros2_ws/install/self_test:/home/user/ros2_ws/install/msg_interfaces:/home/user/ros2_ws/install/diagnostic_common_diagnostics:/home/user/ros2_ws/install/diagnostic_updater:/home/user/ros2_ws/install/diagnostic_aggregator:/home/user/ros2_ws/install/angles /usr/bin/cmake /home/user/ros2_ws/src/diagnostics/diagnostic_aggregator -DAMENT_CMAKE_SYMLINK_INSTALL=1 -DCMAKE_INSTALL_PREFIX=/home/user/ros2_ws/src/install/diagnostic_aggregator
[0.130s] -- The C compiler identification is GNU 11.4.0
[0.202s] -- The CXX compiler identification is GNU 11.4.0
[0.210s] -- Detecting C compiler ABI info
[0.257s] -- Detecting C compiler ABI info - done
[0.262s] -- Check for working C compiler: /usr/bin/cc - skipped
[0.263s] -- Detecting C compile features
[0.264s] -- Detecting C compile features - done
[0.269s] -- Detecting CXX compiler ABI info
[0.320s] -- Detecting CXX compiler ABI info - done
[0.327s] -- Check for working CXX compiler: /usr/bin/c++ - skipped
[0.328s] -- Detecting CXX compile features
[0.328s] -- Detecting CXX compile features - done
[0.335s] -- Found ament_cmake: 1.3.8 (/opt/ros/humble/share/ament_cmake/cmake)
[0.444s] -- Found Python3: /usr/bin/python3 (found version "3.10.12") found components: Interpreter 
[0.488s] -- Override CMake install command with custom implementation using symlinks instead of copying resources
[0.505s] -- Found diagnostic_msgs: 4.2.3 (/opt/ros/humble/share/diagnostic_msgs/cmake)
[0.536s] -- Found rosidl_generator_c: 3.1.5 (/opt/ros/humble/share/rosidl_generator_c/cmake)
[0.541s] -- Found rosidl_adapter: 3.1.5 (/opt/ros/humble/share/rosidl_adapter/cmake)
[0.549s] -- Found rosidl_generator_cpp: 3.1.5 (/opt/ros/humble/share/rosidl_generator_cpp/cmake)
[0.564s] -- Using all available rosidl_typesupport_c: rosidl_typesupport_fastrtps_c;rosidl_typesupport_introspection_c
[0.582s] -- Using all available rosidl_typesupport_cpp: rosidl_typesupport_fastrtps_cpp;rosidl_typesupport_introspection_cpp
[0.665s] -- Found pluginlib: 5.1.0 (/opt/ros/humble/share/pluginlib/cmake)
[0.688s] -- Found rclcpp: 16.0.8 (/opt/ros/humble/share/rclcpp/cmake)
[0.727s] -- Found rmw_implementation_cmake: 6.1.1 (/opt/ros/humble/share/rmw_implementation_cmake/cmake)
[0.729s] -- Found rmw_fastrtps_cpp: 6.2.6 (/opt/ros/humble/share/rmw_fastrtps_cpp/cmake)
[0.753s] -- Found TinyXML2 via Config file: TinyXML2_DIR-NOTFOUND
[0.780s] -- Found OpenSSL: /usr/lib/x86_64-linux-gnu/libcrypto.so (found version "3.0.2")  
[0.782s] -- Found TinyXML2 via Config file: TinyXML2_DIR-NOTFOUND
[0.791s] -- Found FastRTPS: /opt/ros/humble/include  
[0.798s] -- Found TinyXML2 via Config file: TinyXML2_DIR-NOTFOUND
[0.803s] -- Found TinyXML2 via Config file: TinyXML2_DIR-NOTFOUND
[0.810s] -- Using RMW implementation 'rmw_fastrtps_cpp' as default
[0.818s] -- Looking for pthread.h
[0.861s] -- Looking for pthread.h - found
[0.861s] -- Performing Test CMAKE_HAVE_LIBC_PTHREAD
[0.903s] -- Performing Test CMAKE_HAVE_LIBC_PTHREAD - Success
[0.904s] -- Found Threads: TRUE  
[0.993s] -- Found ament_lint_auto: 0.12.10 (/opt/ros/humble/share/ament_lint_auto/cmake)
[1.061s] -- Found python_cmake_module: 0.10.0 (/opt/ros/humble/share/python_cmake_module/cmake)
[1.076s] -- Found PythonInterp: /usr/bin/python3 (found suitable version "3.10.12", minimum required is "3.6") 
[1.080s] -- Found PythonLibs: /usr/lib/x86_64-linux-gnu/libpython3.10.so (found suitable version "3.10.12", minimum required is "3.5") 
[1.080s] -- Using PYTHON_EXECUTABLE: /usr/bin/python3
[1.080s] -- Using PYTHON_INCLUDE_DIRS: /usr/include/python3.10
[1.080s] -- Using PYTHON_LIBRARIES: /usr/lib/x86_64-linux-gnu/libpython3.10.so
[1.096s] -- Found PythonExtra: .so  
[1.332s] -- Added test 'cppcheck' to perform static code analysis on C / C++ code
[1.332s] -- Configured cppcheck include dirs: $<BUILD_INTERFACE:/home/user/ros2_ws/src/diagnostics/diagnostic_aggregator/include>
[1.332s] -- Configured cppcheck exclude dirs and/or files: 
[1.334s] -- Added test 'cpplint' to check C / C++ code against the Google style
[1.334s] -- Configured cpplint exclude dirs and/or files: 
[1.334s] -- Added test 'flake8' to check Python code syntax and style conventions
[1.335s] -- Added test 'lint_cmake' to check CMake code style
[1.336s] -- Added test 'pep257' to check Python code against some of the docstring style conventions in PEP 257
[1.338s] -- Added test 'uncrustify' to check C / C++ code style
[1.338s] -- Configured uncrustify additional arguments: 
[1.338s] -- Added test 'xmllint' to check XML markup files
[1.342s] -- Configuring done
[1.353s] -- Generating done
[1.354s] -- Build files have been written to: /home/user/ros2_ws/src/build/diagnostic_aggregator
[1.361s] Invoked command in '/home/user/ros2_ws/src/build/diagnostic_aggregator' returned '0': CMAKE_PREFIX_PATH=/home/user/ros2_ws/install/velodyne:/home/user/ros2_ws/install/velodyne_pointcloud:/home/user/ros2_ws/install/velodyne_driver:/home/user/ros2_ws/install/sub:/home/user/ros2_ws/install/gps_pkg:/home/user/ros2_ws/install/a123:/opt/ros/humble:/home/user/ros2_ws/install/velodyne_msgs:/home/user/ros2_ws/install/velodyne_laserscan:/home/user/ros2_ws/install/sub_test:/home/user/ros2_ws/install/diagnostics:/home/user/ros2_ws/install/self_test:/home/user/ros2_ws/install/msg_interfaces:/home/user/ros2_ws/install/diagnostic_common_diagnostics:/home/user/ros2_ws/install/diagnostic_updater:/home/user/ros2_ws/install/diagnostic_aggregator:/home/user/ros2_ws/install/angles /usr/bin/cmake /home/user/ros2_ws/src/diagnostics/diagnostic_aggregator -DAMENT_CMAKE_SYMLINK_INSTALL=1 -DCMAKE_INSTALL_PREFIX=/home/user/ros2_ws/src/install/diagnostic_aggregator
[1.362s] Invoking command in '/home/user/ros2_ws/src/build/diagnostic_aggregator': CMAKE_PREFIX_PATH=/home/user/ros2_ws/install/velodyne:/home/user/ros2_ws/install/velodyne_pointcloud:/home/user/ros2_ws/install/velodyne_driver:/home/user/ros2_ws/install/sub:/home/user/ros2_ws/install/gps_pkg:/home/user/ros2_ws/install/a123:/opt/ros/humble:/home/user/ros2_ws/install/velodyne_msgs:/home/user/ros2_ws/install/velodyne_laserscan:/home/user/ros2_ws/install/sub_test:/home/user/ros2_ws/install/diagnostics:/home/user/ros2_ws/install/self_test:/home/user/ros2_ws/install/msg_interfaces:/home/user/ros2_ws/install/diagnostic_common_diagnostics:/home/user/ros2_ws/install/diagnostic_updater:/home/user/ros2_ws/install/diagnostic_aggregator:/home/user/ros2_ws/install/angles /usr/bin/cmake --build /home/user/ros2_ws/src/build/diagnostic_aggregator -- -j32 -l32
[1.392s] [ 10%] [32mBuilding CXX object CMakeFiles/diagnostic_aggregator.dir/src/status_item.cpp.o[0m
[1.393s] [ 20%] [32mBuilding CXX object CMakeFiles/diagnostic_aggregator.dir/src/analyzer_group.cpp.o[0m
[1.395s] [ 30%] [32mBuilding CXX object CMakeFiles/diagnostic_aggregator.dir/src/aggregator.cpp.o[0m
[1.397s] [ 30%] Built target ament_cmake_python_symlink_diagnostic_aggregator
[1.576s] running egg_info
[1.576s] creating diagnostic_aggregator.egg-info
[1.577s] writing diagnostic_aggregator.egg-info/PKG-INFO
[1.577s] writing dependency_links to diagnostic_aggregator.egg-info/dependency_links.txt
[1.577s] writing top-level names to diagnostic_aggregator.egg-info/top_level.txt
[1.577s] writing manifest file 'diagnostic_aggregator.egg-info/SOURCES.txt'
[1.579s] reading manifest file 'diagnostic_aggregator.egg-info/SOURCES.txt'
[1.579s] writing manifest file 'diagnostic_aggregator.egg-info/SOURCES.txt'
[1.598s] [ 30%] Built target ament_cmake_python_build_diagnostic_aggregator_egg
[7.681s] [ 40%] [32m[1mLinking CXX shared library libdiagnostic_aggregator.so[0m
[8.015s] [ 40%] Built target diagnostic_aggregator
[8.027s] [ 60%] [32mBuilding CXX object CMakeFiles/aggregator_node.dir/src/aggregator_node.cpp.o[0m
[8.027s] [ 60%] [32mBuilding CXX object CMakeFiles/diagnostic_aggregator_analyzers.dir/src/generic_analyzer.cpp.o[0m
[8.027s] [ 70%] [32mBuilding CXX object CMakeFiles/diagnostic_aggregator_analyzers.dir/src/discard_analyzer.cpp.o[0m
[8.028s] [ 80%] [32mBuilding CXX object CMakeFiles/diagnostic_aggregator_analyzers.dir/src/ignore_analyzer.cpp.o[0m
[10.182s] [ 90%] [32m[1mLinking CXX executable aggregator_node[0m
[10.320s] [ 90%] Built target aggregator_node
[11.048s] [100%] [32m[1mLinking CXX shared library libdiagnostic_aggregator_analyzers.so[0m
[11.227s] [100%] Built target diagnostic_aggregator_analyzers
[11.236s] Invoked command in '/home/user/ros2_ws/src/build/diagnostic_aggregator' returned '0': CMAKE_PREFIX_PATH=/home/user/ros2_ws/install/velodyne:/home/user/ros2_ws/install/velodyne_pointcloud:/home/user/ros2_ws/install/velodyne_driver:/home/user/ros2_ws/install/sub:/home/user/ros2_ws/install/gps_pkg:/home/user/ros2_ws/install/a123:/opt/ros/humble:/home/user/ros2_ws/install/velodyne_msgs:/home/user/ros2_ws/install/velodyne_laserscan:/home/user/ros2_ws/install/sub_test:/home/user/ros2_ws/install/diagnostics:/home/user/ros2_ws/install/self_test:/home/user/ros2_ws/install/msg_interfaces:/home/user/ros2_ws/install/diagnostic_common_diagnostics:/home/user/ros2_ws/install/diagnostic_updater:/home/user/ros2_ws/install/diagnostic_aggregator:/home/user/ros2_ws/install/angles /usr/bin/cmake --build /home/user/ros2_ws/src/build/diagnostic_aggregator -- -j32 -l32
[11.262s] Invoking command in '/home/user/ros2_ws/src/build/diagnostic_aggregator': CMAKE_PREFIX_PATH=/home/user/ros2_ws/install/velodyne:/home/user/ros2_ws/install/velodyne_pointcloud:/home/user/ros2_ws/install/velodyne_driver:/home/user/ros2_ws/install/sub:/home/user/ros2_ws/install/gps_pkg:/home/user/ros2_ws/install/a123:/opt/ros/humble:/home/user/ros2_ws/install/velodyne_msgs:/home/user/ros2_ws/install/velodyne_laserscan:/home/user/ros2_ws/install/sub_test:/home/user/ros2_ws/install/diagnostics:/home/user/ros2_ws/install/self_test:/home/user/ros2_ws/install/msg_interfaces:/home/user/ros2_ws/install/diagnostic_common_diagnostics:/home/user/ros2_ws/install/diagnostic_updater:/home/user/ros2_ws/install/diagnostic_aggregator:/home/user/ros2_ws/install/angles /usr/bin/cmake --install /home/user/ros2_ws/src/build/diagnostic_aggregator
[11.267s] -- Install configuration: ""
[11.267s] -- Execute custom install script
[11.268s] -- Symlinking: /home/user/ros2_ws/src/install/diagnostic_aggregator/lib/diagnostic_aggregator/aggregator_node
[11.273s] -- Symlinking: /home/user/ros2_ws/src/install/diagnostic_aggregator/include/diagnostic_aggregator/aggregator.hpp
[11.278s] -- Symlinking: /home/user/ros2_ws/src/install/diagnostic_aggregator/include/diagnostic_aggregator/analyzer.hpp
[11.283s] -- Symlinking: /home/user/ros2_ws/src/install/diagnostic_aggregator/include/diagnostic_aggregator/analyzer_group.hpp
[11.288s] -- Symlinking: /home/user/ros2_ws/src/install/diagnostic_aggregator/include/diagnostic_aggregator/discard_analyzer.hpp
[11.294s] -- Symlinking: /home/user/ros2_ws/src/install/diagnostic_aggregator/include/diagnostic_aggregator/generic_analyzer.hpp
[11.299s] -- Symlinking: /home/user/ros2_ws/src/install/diagnostic_aggregator/include/diagnostic_aggregator/generic_analyzer_base.hpp
[11.303s] -- Symlinking: /home/user/ros2_ws/src/install/diagnostic_aggregator/include/diagnostic_aggregator/ignore_analyzer.hpp
[11.309s] -- Symlinking: /home/user/ros2_ws/src/install/diagnostic_aggregator/include/diagnostic_aggregator/other_analyzer.hpp
[11.314s] -- Symlinking: /home/user/ros2_ws/src/install/diagnostic_aggregator/include/diagnostic_aggregator/status_item.hpp
[11.318s] -- Symlinking: /home/user/ros2_ws/src/install/diagnostic_aggregator/include/diagnostic_aggregator/visibility_control.hpp
[11.324s] -- Symlinking: /home/user/ros2_ws/src/install/diagnostic_aggregator/share/diagnostic_aggregator/environment/pythonpath.sh
[11.329s] -- Symlinking: /home/user/ros2_ws/src/install/diagnostic_aggregator/share/diagnostic_aggregator/environment/pythonpath.dsv
[11.335s] -- Symlinking: /home/user/ros2_ws/src/install/diagnostic_aggregator/local/lib/python3.10/dist-packages/diagnostic_aggregator-3.1.2-py3.10.egg-info/PKG-INFO
[11.341s] -- Symlinking: /home/user/ros2_ws/src/install/diagnostic_aggregator/local/lib/python3.10/dist-packages/diagnostic_aggregator-3.1.2-py3.10.egg-info/SOURCES.txt
[11.345s] -- Symlinking: /home/user/ros2_ws/src/install/diagnostic_aggregator/local/lib/python3.10/dist-packages/diagnostic_aggregator-3.1.2-py3.10.egg-info/dependency_links.txt
[11.350s] -- Symlinking: /home/user/ros2_ws/src/install/diagnostic_aggregator/local/lib/python3.10/dist-packages/diagnostic_aggregator-3.1.2-py3.10.egg-info/top_level.txt
[11.357s] -- Symlinking: /home/user/ros2_ws/src/install/diagnostic_aggregator/local/lib/python3.10/dist-packages/diagnostic_aggregator/__init__.py
[11.362s] -- Symlinking: /home/user/ros2_ws/src/install/diagnostic_aggregator/share/diagnostic_aggregator/example.launch.py
[11.367s] -- Symlinking: /home/user/ros2_ws/src/install/diagnostic_aggregator/lib/diagnostic_aggregator/example_pub.py
[11.372s] -- Symlinking: /home/user/ros2_ws/src/install/diagnostic_aggregator/share/diagnostic_aggregator/example_analyzers.yaml
[11.377s] -- Symlinking: /home/user/ros2_ws/src/install/diagnostic_aggregator/share/diagnostic_aggregator//plugin_description.xml
[11.382s] -- Symlinking: /home/user/ros2_ws/src/install/diagnostic_aggregator/share/diagnostic_aggregator/environment/library_path.sh
[11.387s] -- Symlinking: /home/user/ros2_ws/src/install/diagnostic_aggregator/share/diagnostic_aggregator/environment/library_path.dsv
[11.391s] -- Symlinking: /home/user/ros2_ws/src/install/diagnostic_aggregator/share/ament_index/resource_index/package_run_dependencies/diagnostic_aggregator
[11.396s] -- Symlinking: /home/user/ros2_ws/src/install/diagnostic_aggregator/share/ament_index/resource_index/parent_prefix_path/diagnostic_aggregator
[11.401s] -- Symlinking: /home/user/ros2_ws/src/install/diagnostic_aggregator/share/diagnostic_aggregator/environment/ament_prefix_path.sh
[11.406s] -- Symlinking: /home/user/ros2_ws/src/install/diagnostic_aggregator/share/diagnostic_aggregator/environment/ament_prefix_path.dsv
[11.411s] -- Symlinking: /home/user/ros2_ws/src/install/diagnostic_aggregator/share/diagnostic_aggregator/environment/path.sh
[11.416s] -- Symlinking: /home/user/ros2_ws/src/install/diagnostic_aggregator/share/diagnostic_aggregator/environment/path.dsv
[11.421s] -- Symlinking: /home/user/ros2_ws/src/install/diagnostic_aggregator/share/diagnostic_aggregator/local_setup.bash
[11.426s] -- Symlinking: /home/user/ros2_ws/src/install/diagnostic_aggregator/share/diagnostic_aggregator/local_setup.sh
[11.431s] -- Symlinking: /home/user/ros2_ws/src/install/diagnostic_aggregator/share/diagnostic_aggregator/local_setup.zsh
[11.436s] -- Symlinking: /home/user/ros2_ws/src/install/diagnostic_aggregator/share/diagnostic_aggregator/local_setup.dsv
[11.442s] -- Symlinking: /home/user/ros2_ws/src/install/diagnostic_aggregator/share/diagnostic_aggregator/package.dsv
[11.448s] -- Symlinking: /home/user/ros2_ws/src/install/diagnostic_aggregator/share/ament_index/resource_index/packages/diagnostic_aggregator
[11.454s] -- Symlinking: /home/user/ros2_ws/src/install/diagnostic_aggregator/share/ament_index/resource_index/diagnostic_aggregator__pluginlib__plugin/diagnostic_aggregator
[11.461s] -- Symlinking: /home/user/ros2_ws/src/install/diagnostic_aggregator/share/diagnostic_aggregator/cmake/ament_cmake_export_targets-extras.cmake
[11.466s] -- Symlinking: /home/user/ros2_ws/src/install/diagnostic_aggregator/share/diagnostic_aggregator/cmake/ament_cmake_export_include_directories-extras.cmake
[11.471s] -- Symlinking: /home/user/ros2_ws/src/install/diagnostic_aggregator/share/diagnostic_aggregator/cmake/ament_cmake_export_dependencies-extras.cmake
[11.476s] -- Symlinking: /home/user/ros2_ws/src/install/diagnostic_aggregator/share/diagnostic_aggregator/cmake/diagnostic_aggregatorConfig.cmake
[11.481s] -- Symlinking: /home/user/ros2_ws/src/install/diagnostic_aggregator/share/diagnostic_aggregator/cmake/diagnostic_aggregatorConfig-version.cmake
[11.486s] -- Symlinking: /home/user/ros2_ws/src/install/diagnostic_aggregator/share/diagnostic_aggregator/package.xml
[11.491s] -- Installing: /home/user/ros2_ws/src/install/diagnostic_aggregator/lib/libdiagnostic_aggregator.so
[11.496s] -- Set runtime path of "/home/user/ros2_ws/src/install/diagnostic_aggregator/lib/libdiagnostic_aggregator.so" to ""
[11.496s] -- Installing: /home/user/ros2_ws/src/install/diagnostic_aggregator/lib/libdiagnostic_aggregator_analyzers.so
[11.497s] -- Set runtime path of "/home/user/ros2_ws/src/install/diagnostic_aggregator/lib/libdiagnostic_aggregator_analyzers.so" to ""
[11.522s] Listing '/home/user/ros2_ws/src/install/diagnostic_aggregator/local/lib/python3.10/dist-packages/diagnostic_aggregator'...
[11.522s] Compiling '/home/user/ros2_ws/src/install/diagnostic_aggregator/local/lib/python3.10/dist-packages/diagnostic_aggregator/__init__.py'...
[11.525s] -- Installing: /home/user/ros2_ws/src/install/diagnostic_aggregator/share/diagnostic_aggregator/cmake/diagnostic_aggregatorTargetsExport.cmake
[11.525s] -- Installing: /home/user/ros2_ws/src/install/diagnostic_aggregator/share/diagnostic_aggregator/cmake/diagnostic_aggregatorTargetsExport-noconfig.cmake
[11.527s] Invoked command in '/home/user/ros2_ws/src/build/diagnostic_aggregator' returned '0': CMAKE_PREFIX_PATH=/home/user/ros2_ws/install/velodyne:/home/user/ros2_ws/install/velodyne_pointcloud:/home/user/ros2_ws/install/velodyne_driver:/home/user/ros2_ws/install/sub:/home/user/ros2_ws/install/gps_pkg:/home/user/ros2_ws/install/a123:/opt/ros/humble:/home/user/ros2_ws/install/velodyne_msgs:/home/user/ros2_ws/install/velodyne_laserscan:/home/user/ros2_ws/install/sub_test:/home/user/ros2_ws/install/diagnostics:/home/user/ros2_ws/install/self_test:/home/user/ros2_ws/install/msg_interfaces:/home/user/ros2_ws/install/diagnostic_common_diagnostics:/home/user/ros2_ws/install/diagnostic_updater:/home/user/ros2_ws/install/diagnostic_aggregator:/home/user/ros2_ws/install/angles /usr/bin/cmake --install /home/user/ros2_ws/src/build/diagnostic_aggregator
