[0.015s] Invoking command in '/home/user/ros2_ws/src/build/velodyne_laserscan': CMAKE_PREFIX_PATH=/home/user/ros2_ws/install/velodyne:/home/user/ros2_ws/install/velodyne_pointcloud:/home/user/ros2_ws/install/velodyne_driver:/home/user/ros2_ws/install/sub:/home/user/ros2_ws/install/gps_pkg:/home/user/ros2_ws/install/a123:/opt/ros/humble:/home/user/ros2_ws/install/velodyne_msgs:/home/user/ros2_ws/install/velodyne_laserscan:/home/user/ros2_ws/install/sub_test:/home/user/ros2_ws/install/diagnostics:/home/user/ros2_ws/install/self_test:/home/user/ros2_ws/install/msg_interfaces:/home/user/ros2_ws/install/diagnostic_common_diagnostics:/home/user/ros2_ws/install/diagnostic_updater:/home/user/ros2_ws/install/diagnostic_aggregator:/home/user/ros2_ws/install/angles /usr/bin/cmake /home/user/ros2_ws/src/velodyne/velodyne_laserscan -DAMENT_CMAKE_SYMLINK_INSTALL=1 -DCMAKE_INSTALL_PREFIX=/home/user/ros2_ws/src/install/velodyne_laserscan
[0.127s] -- The C compiler identification is GNU 11.4.0
[0.200s] -- The CXX compiler identification is GNU 11.4.0
[0.207s] -- Detecting C compiler ABI info
[0.256s] -- Detecting C compiler ABI info - done
[0.263s] -- Check for working C compiler: /usr/bin/cc - skipped
[0.263s] -- Detecting C compile features
[0.264s] -- Detecting C compile features - done
[0.267s] -- Detecting CXX compiler ABI info
[0.318s] -- Detecting CXX compiler ABI info - done
[0.324s] -- Check for working CXX compiler: /usr/bin/c++ - skipped
[0.324s] -- Detecting CXX compile features
[0.324s] -- Detecting CXX compile features - done
[0.326s] -- Found ament_cmake_ros: 0.10.0 (/opt/ros/humble/share/ament_cmake_ros/cmake)
[0.441s] -- Found Python3: /usr/bin/python3 (found version "3.10.12") found components: Interpreter 
[0.485s] -- Override CMake install command with custom implementation using symlinks instead of copying resources
[0.508s] -- Found rclcpp: 16.0.8 (/opt/ros/humble/share/rclcpp/cmake)
[0.539s] -- Found rosidl_generator_c: 3.1.5 (/opt/ros/humble/share/rosidl_generator_c/cmake)
[0.541s] -- Found rosidl_adapter: 3.1.5 (/opt/ros/humble/share/rosidl_adapter/cmake)
[0.547s] -- Found rosidl_generator_cpp: 3.1.5 (/opt/ros/humble/share/rosidl_generator_cpp/cmake)
[0.562s] -- Using all available rosidl_typesupport_c: rosidl_typesupport_fastrtps_c;rosidl_typesupport_introspection_c
[0.580s] -- Using all available rosidl_typesupport_cpp: rosidl_typesupport_fastrtps_cpp;rosidl_typesupport_introspection_cpp
[0.634s] -- Found rmw_implementation_cmake: 6.1.1 (/opt/ros/humble/share/rmw_implementation_cmake/cmake)
[0.637s] -- Found rmw_fastrtps_cpp: 6.2.6 (/opt/ros/humble/share/rmw_fastrtps_cpp/cmake)
[0.708s] -- Found OpenSSL: /usr/lib/x86_64-linux-gnu/libcrypto.so (found version "3.0.2")  
[0.731s] -- Found FastRTPS: /opt/ros/humble/include  
[0.761s] -- Using RMW implementation 'rmw_fastrtps_cpp' as default
[0.770s] -- Looking for pthread.h
[0.816s] -- Looking for pthread.h - found
[0.816s] -- Performing Test CMAKE_HAVE_LIBC_PTHREAD
[0.858s] -- Performing Test CMAKE_HAVE_LIBC_PTHREAD - Success
[0.859s] -- Found Threads: TRUE  
[0.969s] -- Found rclcpp_components: 16.0.8 (/opt/ros/humble/share/rclcpp_components/cmake)
[1.015s] -- Found sensor_msgs: 4.2.3 (/opt/ros/humble/share/sensor_msgs/cmake)
[1.105s] -- Found ament_lint_auto: 0.12.10 (/opt/ros/humble/share/ament_lint_auto/cmake)
[1.164s] -- Added test 'copyright' to check source files copyright and LICENSE
[1.165s] -- Added test 'cppcheck' to perform static code analysis on C / C++ code
[1.165s] -- Configured cppcheck include dirs: /home/user/ros2_ws/src/velodyne/velodyne_laserscan/include
[1.165s] -- Configured cppcheck exclude dirs and/or files: 
[1.166s] -- Added test 'cpplint' to check C / C++ code against the Google style
[1.166s] -- Configured cpplint exclude dirs and/or files: 
[1.166s] -- Added test 'flake8' to check Python code syntax and style conventions
[1.166s] -- Added test 'lint_cmake' to check CMake code style
[1.167s] -- Added test 'pep257' to check Python code against some of the docstring style conventions in PEP 257
[1.167s] -- Added test 'uncrustify' to check C / C++ code style
[1.167s] -- Configured uncrustify additional arguments: 
[1.168s] -- Added test 'xmllint' to check XML markup files
[1.169s] -- Configuring done
[1.177s] -- Generating done
[1.178s] -- Build files have been written to: /home/user/ros2_ws/src/build/velodyne_laserscan
[1.184s] Invoked command in '/home/user/ros2_ws/src/build/velodyne_laserscan' returned '0': CMAKE_PREFIX_PATH=/home/user/ros2_ws/install/velodyne:/home/user/ros2_ws/install/velodyne_pointcloud:/home/user/ros2_ws/install/velodyne_driver:/home/user/ros2_ws/install/sub:/home/user/ros2_ws/install/gps_pkg:/home/user/ros2_ws/install/a123:/opt/ros/humble:/home/user/ros2_ws/install/velodyne_msgs:/home/user/ros2_ws/install/velodyne_laserscan:/home/user/ros2_ws/install/sub_test:/home/user/ros2_ws/install/diagnostics:/home/user/ros2_ws/install/self_test:/home/user/ros2_ws/install/msg_interfaces:/home/user/ros2_ws/install/diagnostic_common_diagnostics:/home/user/ros2_ws/install/diagnostic_updater:/home/user/ros2_ws/install/diagnostic_aggregator:/home/user/ros2_ws/install/angles /usr/bin/cmake /home/user/ros2_ws/src/velodyne/velodyne_laserscan -DAMENT_CMAKE_SYMLINK_INSTALL=1 -DCMAKE_INSTALL_PREFIX=/home/user/ros2_ws/src/install/velodyne_laserscan
[1.186s] Invoking command in '/home/user/ros2_ws/src/build/velodyne_laserscan': CMAKE_PREFIX_PATH=/home/user/ros2_ws/install/velodyne:/home/user/ros2_ws/install/velodyne_pointcloud:/home/user/ros2_ws/install/velodyne_driver:/home/user/ros2_ws/install/sub:/home/user/ros2_ws/install/gps_pkg:/home/user/ros2_ws/install/a123:/opt/ros/humble:/home/user/ros2_ws/install/velodyne_msgs:/home/user/ros2_ws/install/velodyne_laserscan:/home/user/ros2_ws/install/sub_test:/home/user/ros2_ws/install/diagnostics:/home/user/ros2_ws/install/self_test:/home/user/ros2_ws/install/msg_interfaces:/home/user/ros2_ws/install/diagnostic_common_diagnostics:/home/user/ros2_ws/install/diagnostic_updater:/home/user/ros2_ws/install/diagnostic_aggregator:/home/user/ros2_ws/install/angles /usr/bin/cmake --build /home/user/ros2_ws/src/build/velodyne_laserscan -- -j32 -l32
[1.214s] [ 25%] [32mBuilding CXX object CMakeFiles/velodyne_laserscan.dir/src/velodyne_laserscan.cpp.o[0m
[7.136s] [ 50%] [32m[1mLinking CXX shared library libvelodyne_laserscan.so[0m
[7.416s] [ 50%] Built target velodyne_laserscan
[7.428s] [ 75%] [32mBuilding CXX object CMakeFiles/velodyne_laserscan_node.dir/src/node.cpp.o[0m
[9.115s] [100%] [32m[1mLinking CXX executable velodyne_laserscan_node[0m
[9.248s] [100%] Built target velodyne_laserscan_node
[9.260s] Invoked command in '/home/user/ros2_ws/src/build/velodyne_laserscan' returned '0': CMAKE_PREFIX_PATH=/home/user/ros2_ws/install/velodyne:/home/user/ros2_ws/install/velodyne_pointcloud:/home/user/ros2_ws/install/velodyne_driver:/home/user/ros2_ws/install/sub:/home/user/ros2_ws/install/gps_pkg:/home/user/ros2_ws/install/a123:/opt/ros/humble:/home/user/ros2_ws/install/velodyne_msgs:/home/user/ros2_ws/install/velodyne_laserscan:/home/user/ros2_ws/install/sub_test:/home/user/ros2_ws/install/diagnostics:/home/user/ros2_ws/install/self_test:/home/user/ros2_ws/install/msg_interfaces:/home/user/ros2_ws/install/diagnostic_common_diagnostics:/home/user/ros2_ws/install/diagnostic_updater:/home/user/ros2_ws/install/diagnostic_aggregator:/home/user/ros2_ws/install/angles /usr/bin/cmake --build /home/user/ros2_ws/src/build/velodyne_laserscan -- -j32 -l32
[9.279s] Invoking command in '/home/user/ros2_ws/src/build/velodyne_laserscan': CMAKE_PREFIX_PATH=/home/user/ros2_ws/install/velodyne:/home/user/ros2_ws/install/velodyne_pointcloud:/home/user/ros2_ws/install/velodyne_driver:/home/user/ros2_ws/install/sub:/home/user/ros2_ws/install/gps_pkg:/home/user/ros2_ws/install/a123:/opt/ros/humble:/home/user/ros2_ws/install/velodyne_msgs:/home/user/ros2_ws/install/velodyne_laserscan:/home/user/ros2_ws/install/sub_test:/home/user/ros2_ws/install/diagnostics:/home/user/ros2_ws/install/self_test:/home/user/ros2_ws/install/msg_interfaces:/home/user/ros2_ws/install/diagnostic_common_diagnostics:/home/user/ros2_ws/install/diagnostic_updater:/home/user/ros2_ws/install/diagnostic_aggregator:/home/user/ros2_ws/install/angles /usr/bin/cmake --install /home/user/ros2_ws/src/build/velodyne_laserscan
[9.283s] -- Install configuration: ""
[9.284s] -- Execute custom install script
[9.284s] -- Symlinking: /home/user/ros2_ws/src/install/velodyne_laserscan/lib/libvelodyne_laserscan.so
[9.290s] -- Symlinking: /home/user/ros2_ws/src/install/velodyne_laserscan/lib/velodyne_laserscan/velodyne_laserscan_node
[9.296s] -- Symlinking: /home/user/ros2_ws/src/install/velodyne_laserscan/include/velodyne_laserscan/velodyne_laserscan.hpp
[9.302s] -- Symlinking: /home/user/ros2_ws/src/install/velodyne_laserscan/share/velodyne_laserscan/config/default-velodyne_laserscan_node-params.yaml
[9.308s] -- Symlinking: /home/user/ros2_ws/src/install/velodyne_laserscan/share/velodyne_laserscan/launch/velodyne_laserscan_node-composed-launch.py
[9.313s] -- Symlinking: /home/user/ros2_ws/src/install/velodyne_laserscan/share/velodyne_laserscan/launch/velodyne_laserscan_node-launch.py
[9.318s] -- Symlinking: /home/user/ros2_ws/src/install/velodyne_laserscan/share/ament_index/resource_index/package_run_dependencies/velodyne_laserscan
[9.323s] -- Symlinking: /home/user/ros2_ws/src/install/velodyne_laserscan/share/ament_index/resource_index/parent_prefix_path/velodyne_laserscan
[9.329s] -- Symlinking: /home/user/ros2_ws/src/install/velodyne_laserscan/share/velodyne_laserscan/environment/ament_prefix_path.sh
[9.334s] -- Symlinking: /home/user/ros2_ws/src/install/velodyne_laserscan/share/velodyne_laserscan/environment/ament_prefix_path.dsv
[9.338s] -- Symlinking: /home/user/ros2_ws/src/install/velodyne_laserscan/share/velodyne_laserscan/environment/path.sh
[9.343s] -- Symlinking: /home/user/ros2_ws/src/install/velodyne_laserscan/share/velodyne_laserscan/environment/path.dsv
[9.348s] -- Symlinking: /home/user/ros2_ws/src/install/velodyne_laserscan/share/velodyne_laserscan/local_setup.bash
[9.353s] -- Symlinking: /home/user/ros2_ws/src/install/velodyne_laserscan/share/velodyne_laserscan/local_setup.sh
[9.358s] -- Symlinking: /home/user/ros2_ws/src/install/velodyne_laserscan/share/velodyne_laserscan/local_setup.zsh
[9.362s] -- Symlinking: /home/user/ros2_ws/src/install/velodyne_laserscan/share/velodyne_laserscan/local_setup.dsv
[9.366s] -- Symlinking: /home/user/ros2_ws/src/install/velodyne_laserscan/share/velodyne_laserscan/package.dsv
[9.371s] -- Symlinking: /home/user/ros2_ws/src/install/velodyne_laserscan/share/ament_index/resource_index/packages/velodyne_laserscan
[9.375s] -- Symlinking: /home/user/ros2_ws/src/install/velodyne_laserscan/share/ament_index/resource_index/rclcpp_components/velodyne_laserscan
[9.380s] -- Symlinking: /home/user/ros2_ws/src/install/velodyne_laserscan/share/velodyne_laserscan/cmake/velodyne_laserscanConfig.cmake
[9.385s] -- Symlinking: /home/user/ros2_ws/src/install/velodyne_laserscan/share/velodyne_laserscan/cmake/velodyne_laserscanConfig-version.cmake
[9.389s] -- Symlinking: /home/user/ros2_ws/src/install/velodyne_laserscan/share/velodyne_laserscan/package.xml
[9.396s] Invoked command in '/home/user/ros2_ws/src/build/velodyne_laserscan' returned '0': CMAKE_PREFIX_PATH=/home/user/ros2_ws/install/velodyne:/home/user/ros2_ws/install/velodyne_pointcloud:/home/user/ros2_ws/install/velodyne_driver:/home/user/ros2_ws/install/sub:/home/user/ros2_ws/install/gps_pkg:/home/user/ros2_ws/install/a123:/opt/ros/humble:/home/user/ros2_ws/install/velodyne_msgs:/home/user/ros2_ws/install/velodyne_laserscan:/home/user/ros2_ws/install/sub_test:/home/user/ros2_ws/install/diagnostics:/home/user/ros2_ws/install/self_test:/home/user/ros2_ws/install/msg_interfaces:/home/user/ros2_ws/install/diagnostic_common_diagnostics:/home/user/ros2_ws/install/diagnostic_updater:/home/user/ros2_ws/install/diagnostic_aggregator:/home/user/ros2_ws/install/angles /usr/bin/cmake --install /home/user/ros2_ws/src/build/velodyne_laserscan
