[0.027s] Invoking command in '/home/user/ros2_ws/src/build/velodyne_msgs': CMAKE_PREFIX_PATH=/home/user/ros2_ws/install/sub:/home/user/ros2_ws/install/gps_pkg:/home/user/ros2_ws/install/kitti2rosbag2:/home/user/ros2_ws/install/a123:/opt/ros/humble:${CMAKE_PREFIX_PATH} /usr/bin/cmake --build /home/user/ros2_ws/src/build/velodyne_msgs -- -j32 -l32
[0.240s] [35m[1mConsolidate compiler generated dependencies of target velodyne_msgs__rosidl_generator_c[0m
[0.240s] [ 10%] Built target velodyne_msgs__rosidl_generator_c
[0.240s] [ 12%] Built target velodyne_msgs__cpp
[0.240s] [35m[1mConsolidate compiler generated dependencies of target velodyne_msgs__rosidl_typesupport_c[0m
[0.240s] [35m[1mConsolidate compiler generated dependencies of target velodyne_msgs__rosidl_typesupport_introspection_c[0m
[0.240s] [ 12%] Built target ament_cmake_python_symlink_velodyne_msgs
[0.241s] [35m[1mConsolidate compiler generated dependencies of target velodyne_msgs__rosidl_typesupport_fastrtps_cpp[0m
[0.241s] [35m[1mConsolidate compiler generated dependencies of target velodyne_msgs__rosidl_typesupport_fastrtps_c[0m
[0.241s] [35m[1mConsolidate compiler generated dependencies of target velodyne_msgs__rosidl_typesupport_introspection_cpp[0m
[0.241s] [35m[1mConsolidate compiler generated dependencies of target velodyne_msgs__rosidl_typesupport_cpp[0m
[0.241s] [ 23%] Built target velodyne_msgs__rosidl_typesupport_c
[0.241s] [ 33%] Built target velodyne_msgs__rosidl_typesupport_introspection_c
[0.241s] [ 43%] Built target velodyne_msgs__rosidl_typesupport_cpp
[0.241s] [ 53%] Built target velodyne_msgs__rosidl_typesupport_introspection_cpp
[0.241s] [ 64%] Built target velodyne_msgs__rosidl_typesupport_fastrtps_c
[0.241s] [ 74%] Built target velodyne_msgs__rosidl_typesupport_fastrtps_cpp
[0.241s] [ 74%] Built target velodyne_msgs
[0.241s] [ 76%] Built target velodyne_msgs__py
[0.241s] [35m[1mConsolidate compiler generated dependencies of target velodyne_msgs__rosidl_generator_py[0m
[0.241s] [ 84%] Built target velodyne_msgs__rosidl_generator_py
[0.241s] [35m[1mConsolidate compiler generated dependencies of target velodyne_msgs__rosidl_typesupport_fastrtps_c__pyext[0m
[0.241s] [35m[1mConsolidate compiler generated dependencies of target velodyne_msgs__rosidl_typesupport_introspection_c__pyext[0m
[0.241s] [35m[1mConsolidate compiler generated dependencies of target velodyne_msgs__rosidl_typesupport_c__pyext[0m
[0.241s] [ 89%] Built target velodyne_msgs__rosidl_typesupport_fastrtps_c__pyext
[0.241s] [ 94%] Built target velodyne_msgs__rosidl_typesupport_introspection_c__pyext
[0.241s] [100%] Built target velodyne_msgs__rosidl_typesupport_c__pyext
[0.269s] running egg_info
[0.269s] writing velodyne_msgs.egg-info/PKG-INFO
[0.269s] writing dependency_links to velodyne_msgs.egg-info/dependency_links.txt
[0.269s] writing top-level names to velodyne_msgs.egg-info/top_level.txt
[0.271s] reading manifest file 'velodyne_msgs.egg-info/SOURCES.txt'
[0.272s] writing manifest file 'velodyne_msgs.egg-info/SOURCES.txt'
[0.289s] [100%] Built target ament_cmake_python_build_velodyne_msgs_egg
[0.439s] Invoked command in '/home/user/ros2_ws/src/build/velodyne_msgs' returned '0': CMAKE_PREFIX_PATH=/home/user/ros2_ws/install/sub:/home/user/ros2_ws/install/gps_pkg:/home/user/ros2_ws/install/kitti2rosbag2:/home/user/ros2_ws/install/a123:/opt/ros/humble:${CMAKE_PREFIX_PATH} /usr/bin/cmake --build /home/user/ros2_ws/src/build/velodyne_msgs -- -j32 -l32
[0.495s] Invoking command in '/home/user/ros2_ws/src/build/velodyne_msgs': CMAKE_PREFIX_PATH=/home/user/ros2_ws/install/sub:/home/user/ros2_ws/install/gps_pkg:/home/user/ros2_ws/install/kitti2rosbag2:/home/user/ros2_ws/install/a123:/opt/ros/humble:${CMAKE_PREFIX_PATH} /usr/bin/cmake --install /home/user/ros2_ws/src/build/velodyne_msgs
[0.498s] -- Install configuration: ""
[0.499s] -- Execute custom install script
[0.500s] -- Up-to-date symlink: /home/user/ros2_ws/src/install/velodyne_msgs/share/ament_index/resource_index/rosidl_interfaces/velodyne_msgs
[0.501s] -- Up-to-date symlink: /home/user/ros2_ws/src/install/velodyne_msgs/include/velodyne_msgs/velodyne_msgs/msg/detail/velodyne_packet__functions.h
[0.501s] -- Up-to-date symlink: /home/user/ros2_ws/src/install/velodyne_msgs/include/velodyne_msgs/velodyne_msgs/msg/detail/velodyne_packet__struct.h
[0.501s] -- Up-to-date symlink: /home/user/ros2_ws/src/install/velodyne_msgs/include/velodyne_msgs/velodyne_msgs/msg/detail/velodyne_packet__type_support.h
[0.502s] -- Up-to-date symlink: /home/user/ros2_ws/src/install/velodyne_msgs/include/velodyne_msgs/velodyne_msgs/msg/detail/velodyne_scan__functions.h
[0.502s] -- Up-to-date symlink: /home/user/ros2_ws/src/install/velodyne_msgs/include/velodyne_msgs/velodyne_msgs/msg/detail/velodyne_scan__struct.h
[0.502s] -- Up-to-date symlink: /home/user/ros2_ws/src/install/velodyne_msgs/include/velodyne_msgs/velodyne_msgs/msg/detail/velodyne_scan__type_support.h
[0.502s] -- Up-to-date symlink: /home/user/ros2_ws/src/install/velodyne_msgs/include/velodyne_msgs/velodyne_msgs/msg/rosidl_generator_c__visibility_control.h
[0.502s] -- Up-to-date symlink: /home/user/ros2_ws/src/install/velodyne_msgs/include/velodyne_msgs/velodyne_msgs/msg/velodyne_packet.h
[0.503s] -- Up-to-date symlink: /home/user/ros2_ws/src/install/velodyne_msgs/include/velodyne_msgs/velodyne_msgs/msg/velodyne_scan.h
[0.503s] -- Up-to-date symlink: /home/user/ros2_ws/src/install/velodyne_msgs/share/velodyne_msgs/environment/library_path.sh
[0.503s] -- Up-to-date symlink: /home/user/ros2_ws/src/install/velodyne_msgs/share/velodyne_msgs/environment/library_path.dsv
[0.503s] -- Up-to-date symlink: /home/user/ros2_ws/src/install/velodyne_msgs/include/velodyne_msgs/velodyne_msgs/msg/detail/velodyne_packet__rosidl_typesupport_fastrtps_c.h
[0.503s] -- Up-to-date symlink: /home/user/ros2_ws/src/install/velodyne_msgs/include/velodyne_msgs/velodyne_msgs/msg/detail/velodyne_scan__rosidl_typesupport_fastrtps_c.h
[0.503s] -- Up-to-date symlink: /home/user/ros2_ws/src/install/velodyne_msgs/include/velodyne_msgs/velodyne_msgs/msg/rosidl_typesupport_fastrtps_c__visibility_control.h
[0.504s] -- Up-to-date symlink: /home/user/ros2_ws/src/install/velodyne_msgs/include/velodyne_msgs/velodyne_msgs/msg/detail/velodyne_packet__builder.hpp
[0.504s] -- Up-to-date symlink: /home/user/ros2_ws/src/install/velodyne_msgs/include/velodyne_msgs/velodyne_msgs/msg/detail/velodyne_packet__struct.hpp
[0.504s] -- Up-to-date symlink: /home/user/ros2_ws/src/install/velodyne_msgs/include/velodyne_msgs/velodyne_msgs/msg/detail/velodyne_packet__traits.hpp
[0.504s] -- Up-to-date symlink: /home/user/ros2_ws/src/install/velodyne_msgs/include/velodyne_msgs/velodyne_msgs/msg/detail/velodyne_scan__builder.hpp
[0.504s] -- Up-to-date symlink: /home/user/ros2_ws/src/install/velodyne_msgs/include/velodyne_msgs/velodyne_msgs/msg/detail/velodyne_scan__struct.hpp
[0.505s] -- Up-to-date symlink: /home/user/ros2_ws/src/install/velodyne_msgs/include/velodyne_msgs/velodyne_msgs/msg/detail/velodyne_scan__traits.hpp
[0.505s] -- Up-to-date symlink: /home/user/ros2_ws/src/install/velodyne_msgs/include/velodyne_msgs/velodyne_msgs/msg/velodyne_packet.hpp
[0.505s] -- Up-to-date symlink: /home/user/ros2_ws/src/install/velodyne_msgs/include/velodyne_msgs/velodyne_msgs/msg/velodyne_scan.hpp
[0.505s] -- Up-to-date symlink: /home/user/ros2_ws/src/install/velodyne_msgs/include/velodyne_msgs/velodyne_msgs/msg/detail/velodyne_packet__rosidl_typesupport_fastrtps_cpp.hpp
[0.506s] -- Up-to-date symlink: /home/user/ros2_ws/src/install/velodyne_msgs/include/velodyne_msgs/velodyne_msgs/msg/detail/velodyne_scan__rosidl_typesupport_fastrtps_cpp.hpp
[0.506s] -- Up-to-date symlink: /home/user/ros2_ws/src/install/velodyne_msgs/include/velodyne_msgs/velodyne_msgs/msg/rosidl_typesupport_fastrtps_cpp__visibility_control.h
[0.507s] -- Up-to-date symlink: /home/user/ros2_ws/src/install/velodyne_msgs/include/velodyne_msgs/velodyne_msgs/msg/detail/velodyne_packet__rosidl_typesupport_introspection_c.h
[0.508s] -- Up-to-date symlink: /home/user/ros2_ws/src/install/velodyne_msgs/include/velodyne_msgs/velodyne_msgs/msg/detail/velodyne_scan__rosidl_typesupport_introspection_c.h
[0.508s] -- Up-to-date symlink: /home/user/ros2_ws/src/install/velodyne_msgs/include/velodyne_msgs/velodyne_msgs/msg/rosidl_typesupport_introspection_c__visibility_control.h
[0.510s] -- Up-to-date symlink: /home/user/ros2_ws/src/install/velodyne_msgs/include/velodyne_msgs/velodyne_msgs/msg/detail/velodyne_packet__rosidl_typesupport_introspection_cpp.hpp
[0.510s] -- Up-to-date symlink: /home/user/ros2_ws/src/install/velodyne_msgs/include/velodyne_msgs/velodyne_msgs/msg/detail/velodyne_scan__rosidl_typesupport_introspection_cpp.hpp
[0.510s] -- Up-to-date symlink: /home/user/ros2_ws/src/install/velodyne_msgs/share/velodyne_msgs/environment/pythonpath.sh
[0.510s] -- Up-to-date symlink: /home/user/ros2_ws/src/install/velodyne_msgs/share/velodyne_msgs/environment/pythonpath.dsv
[0.511s] -- Up-to-date symlink: /home/user/ros2_ws/src/install/velodyne_msgs/local/lib/python3.10/dist-packages/velodyne_msgs-2.4.0-py3.10.egg-info/PKG-INFO
[0.511s] -- Up-to-date symlink: /home/user/ros2_ws/src/install/velodyne_msgs/local/lib/python3.10/dist-packages/velodyne_msgs-2.4.0-py3.10.egg-info/SOURCES.txt
[0.511s] -- Up-to-date symlink: /home/user/ros2_ws/src/install/velodyne_msgs/local/lib/python3.10/dist-packages/velodyne_msgs-2.4.0-py3.10.egg-info/dependency_links.txt
[0.511s] -- Up-to-date symlink: /home/user/ros2_ws/src/install/velodyne_msgs/local/lib/python3.10/dist-packages/velodyne_msgs-2.4.0-py3.10.egg-info/top_level.txt
[0.512s] -- Up-to-date symlink: /home/user/ros2_ws/src/install/velodyne_msgs/local/lib/python3.10/dist-packages/velodyne_msgs/__init__.py
[0.512s] -- Up-to-date symlink: /home/user/ros2_ws/src/install/velodyne_msgs/local/lib/python3.10/dist-packages/velodyne_msgs/_velodyne_msgs_s.ep.rosidl_typesupport_c.c
[0.512s] -- Up-to-date symlink: /home/user/ros2_ws/src/install/velodyne_msgs/local/lib/python3.10/dist-packages/velodyne_msgs/_velodyne_msgs_s.ep.rosidl_typesupport_fastrtps_c.c
[0.512s] -- Up-to-date symlink: /home/user/ros2_ws/src/install/velodyne_msgs/local/lib/python3.10/dist-packages/velodyne_msgs/_velodyne_msgs_s.ep.rosidl_typesupport_introspection_c.c
[0.512s] -- Up-to-date symlink: /home/user/ros2_ws/src/install/velodyne_msgs/local/lib/python3.10/dist-packages/velodyne_msgs/libvelodyne_msgs__rosidl_generator_py.so
[0.513s] -- Up-to-date symlink: /home/user/ros2_ws/src/install/velodyne_msgs/local/lib/python3.10/dist-packages/velodyne_msgs/msg/__init__.py
[0.513s] -- Up-to-date symlink: /home/user/ros2_ws/src/install/velodyne_msgs/local/lib/python3.10/dist-packages/velodyne_msgs/msg/_velodyne_packet.py
[0.513s] -- Up-to-date symlink: /home/user/ros2_ws/src/install/velodyne_msgs/local/lib/python3.10/dist-packages/velodyne_msgs/msg/_velodyne_packet_s.c
[0.513s] -- Up-to-date symlink: /home/user/ros2_ws/src/install/velodyne_msgs/local/lib/python3.10/dist-packages/velodyne_msgs/msg/_velodyne_scan.py
[0.514s] -- Up-to-date symlink: /home/user/ros2_ws/src/install/velodyne_msgs/local/lib/python3.10/dist-packages/velodyne_msgs/msg/_velodyne_scan_s.c
[0.514s] -- Up-to-date symlink: /home/user/ros2_ws/src/install/velodyne_msgs/local/lib/python3.10/dist-packages/velodyne_msgs/velodyne_msgs_s__rosidl_typesupport_c.cpython-310-x86_64-linux-gnu.so
[0.515s] -- Up-to-date symlink: /home/user/ros2_ws/src/install/velodyne_msgs/local/lib/python3.10/dist-packages/velodyne_msgs/velodyne_msgs_s__rosidl_typesupport_fastrtps_c.cpython-310-x86_64-linux-gnu.so
[0.515s] -- Up-to-date symlink: /home/user/ros2_ws/src/install/velodyne_msgs/local/lib/python3.10/dist-packages/velodyne_msgs/velodyne_msgs_s__rosidl_typesupport_introspection_c.cpython-310-x86_64-linux-gnu.so
[0.515s] -- Up-to-date symlink: /home/user/ros2_ws/src/install/velodyne_msgs/local/lib/python3.10/dist-packages/velodyne_msgs/velodyne_msgs_s__rosidl_typesupport_fastrtps_c.cpython-310-x86_64-linux-gnu.so
[0.515s] -- Up-to-date symlink: /home/user/ros2_ws/src/install/velodyne_msgs/local/lib/python3.10/dist-packages/velodyne_msgs/velodyne_msgs_s__rosidl_typesupport_introspection_c.cpython-310-x86_64-linux-gnu.so
[0.515s] -- Up-to-date symlink: /home/user/ros2_ws/src/install/velodyne_msgs/local/lib/python3.10/dist-packages/velodyne_msgs/velodyne_msgs_s__rosidl_typesupport_c.cpython-310-x86_64-linux-gnu.so
[0.516s] -- Up-to-date symlink: /home/user/ros2_ws/src/install/velodyne_msgs/share/velodyne_msgs/msg/VelodynePacket.idl
[0.517s] -- Up-to-date symlink: /home/user/ros2_ws/src/install/velodyne_msgs/share/velodyne_msgs/msg/VelodyneScan.idl
[0.517s] -- Up-to-date symlink: /home/user/ros2_ws/src/install/velodyne_msgs/share/velodyne_msgs/msg/VelodynePacket.msg
[0.517s] -- Up-to-date symlink: /home/user/ros2_ws/src/install/velodyne_msgs/share/velodyne_msgs/msg/VelodyneScan.msg
[0.518s] -- Up-to-date symlink: /home/user/ros2_ws/src/install/velodyne_msgs/share/ament_index/resource_index/package_run_dependencies/velodyne_msgs
[0.518s] -- Up-to-date symlink: /home/user/ros2_ws/src/install/velodyne_msgs/share/ament_index/resource_index/parent_prefix_path/velodyne_msgs
[0.518s] -- Up-to-date symlink: /home/user/ros2_ws/src/install/velodyne_msgs/share/velodyne_msgs/environment/ament_prefix_path.sh
[0.518s] -- Up-to-date symlink: /home/user/ros2_ws/src/install/velodyne_msgs/share/velodyne_msgs/environment/ament_prefix_path.dsv
[0.518s] -- Up-to-date symlink: /home/user/ros2_ws/src/install/velodyne_msgs/share/velodyne_msgs/environment/path.sh
[0.519s] -- Up-to-date symlink: /home/user/ros2_ws/src/install/velodyne_msgs/share/velodyne_msgs/environment/path.dsv
[0.519s] -- Up-to-date symlink: /home/user/ros2_ws/src/install/velodyne_msgs/share/velodyne_msgs/local_setup.bash
[0.519s] -- Up-to-date symlink: /home/user/ros2_ws/src/install/velodyne_msgs/share/velodyne_msgs/local_setup.sh
[0.519s] -- Up-to-date symlink: /home/user/ros2_ws/src/install/velodyne_msgs/share/velodyne_msgs/local_setup.zsh
[0.519s] -- Up-to-date symlink: /home/user/ros2_ws/src/install/velodyne_msgs/share/velodyne_msgs/local_setup.dsv
[0.519s] -- Symlinking: /home/user/ros2_ws/src/install/velodyne_msgs/share/velodyne_msgs/package.dsv
[0.526s] -- Up-to-date symlink: /home/user/ros2_ws/src/install/velodyne_msgs/share/ament_index/resource_index/packages/velodyne_msgs
[0.527s] -- Up-to-date symlink: /home/user/ros2_ws/src/install/velodyne_msgs/share/velodyne_msgs/cmake/rosidl_cmake-extras.cmake
[0.527s] -- Up-to-date symlink: /home/user/ros2_ws/src/install/velodyne_msgs/share/velodyne_msgs/cmake/ament_cmake_export_dependencies-extras.cmake
[0.527s] -- Up-to-date symlink: /home/user/ros2_ws/src/install/velodyne_msgs/share/velodyne_msgs/cmake/ament_cmake_export_include_directories-extras.cmake
[0.527s] -- Up-to-date symlink: /home/user/ros2_ws/src/install/velodyne_msgs/share/velodyne_msgs/cmake/ament_cmake_export_libraries-extras.cmake
[0.528s] -- Up-to-date symlink: /home/user/ros2_ws/src/install/velodyne_msgs/share/velodyne_msgs/cmake/ament_cmake_export_targets-extras.cmake
[0.528s] -- Up-to-date symlink: /home/user/ros2_ws/src/install/velodyne_msgs/share/velodyne_msgs/cmake/rosidl_cmake_export_typesupport_targets-extras.cmake
[0.528s] -- Up-to-date symlink: /home/user/ros2_ws/src/install/velodyne_msgs/share/velodyne_msgs/cmake/rosidl_cmake_export_typesupport_libraries-extras.cmake
[0.528s] -- Up-to-date symlink: /home/user/ros2_ws/src/install/velodyne_msgs/share/velodyne_msgs/cmake/velodyne_msgsConfig.cmake
[0.528s] -- Up-to-date symlink: /home/user/ros2_ws/src/install/velodyne_msgs/share/velodyne_msgs/cmake/velodyne_msgsConfig-version.cmake
[0.528s] -- Up-to-date symlink: /home/user/ros2_ws/src/install/velodyne_msgs/share/velodyne_msgs/package.xml
[0.529s] -- Up-to-date: /home/user/ros2_ws/src/install/velodyne_msgs/lib/libvelodyne_msgs__rosidl_generator_c.so
[0.530s] -- Up-to-date: /home/user/ros2_ws/src/install/velodyne_msgs/lib/libvelodyne_msgs__rosidl_typesupport_fastrtps_c.so
[0.531s] -- Up-to-date: /home/user/ros2_ws/src/install/velodyne_msgs/lib/libvelodyne_msgs__rosidl_typesupport_fastrtps_cpp.so
[0.532s] -- Up-to-date: /home/user/ros2_ws/src/install/velodyne_msgs/lib/libvelodyne_msgs__rosidl_typesupport_introspection_c.so
[0.532s] -- Up-to-date: /home/user/ros2_ws/src/install/velodyne_msgs/lib/libvelodyne_msgs__rosidl_typesupport_c.so
[0.533s] -- Up-to-date: /home/user/ros2_ws/src/install/velodyne_msgs/lib/libvelodyne_msgs__rosidl_typesupport_introspection_cpp.so
[0.534s] -- Up-to-date: /home/user/ros2_ws/src/install/velodyne_msgs/lib/libvelodyne_msgs__rosidl_typesupport_cpp.so
[0.566s] Listing '/home/user/ros2_ws/src/install/velodyne_msgs/local/lib/python3.10/dist-packages/velodyne_msgs'...
[0.566s] Compiling '/home/user/ros2_ws/src/install/velodyne_msgs/local/lib/python3.10/dist-packages/velodyne_msgs/__init__.py'...
[0.566s] Listing '/home/user/ros2_ws/src/install/velodyne_msgs/local/lib/python3.10/dist-packages/velodyne_msgs/msg'...
[0.569s] -- Up-to-date: /home/user/ros2_ws/src/install/velodyne_msgs/lib/libvelodyne_msgs__rosidl_generator_py.so
[0.570s] -- Up-to-date: /home/user/ros2_ws/src/install/velodyne_msgs/share/velodyne_msgs/cmake/export_velodyne_msgs__rosidl_generator_cExport.cmake
[0.570s] -- Up-to-date: /home/user/ros2_ws/src/install/velodyne_msgs/share/velodyne_msgs/cmake/export_velodyne_msgs__rosidl_generator_cExport-noconfig.cmake
[0.570s] -- Up-to-date: /home/user/ros2_ws/src/install/velodyne_msgs/share/velodyne_msgs/cmake/export_velodyne_msgs__rosidl_typesupport_fastrtps_cExport.cmake
[0.570s] -- Up-to-date: /home/user/ros2_ws/src/install/velodyne_msgs/share/velodyne_msgs/cmake/export_velodyne_msgs__rosidl_typesupport_fastrtps_cExport-noconfig.cmake
[0.571s] -- Up-to-date: /home/user/ros2_ws/src/install/velodyne_msgs/share/velodyne_msgs/cmake/export_velodyne_msgs__rosidl_generator_cppExport.cmake
[0.574s] -- Up-to-date: /home/user/ros2_ws/src/install/velodyne_msgs/share/velodyne_msgs/cmake/export_velodyne_msgs__rosidl_typesupport_fastrtps_cppExport.cmake
[0.574s] -- Up-to-date: /home/user/ros2_ws/src/install/velodyne_msgs/share/velodyne_msgs/cmake/export_velodyne_msgs__rosidl_typesupport_fastrtps_cppExport-noconfig.cmake
[0.575s] -- Up-to-date: /home/user/ros2_ws/src/install/velodyne_msgs/share/velodyne_msgs/cmake/velodyne_msgs__rosidl_typesupport_introspection_cExport.cmake
[0.575s] -- Up-to-date: /home/user/ros2_ws/src/install/velodyne_msgs/share/velodyne_msgs/cmake/velodyne_msgs__rosidl_typesupport_introspection_cExport-noconfig.cmake
[0.575s] -- Up-to-date: /home/user/ros2_ws/src/install/velodyne_msgs/share/velodyne_msgs/cmake/velodyne_msgs__rosidl_typesupport_cExport.cmake
[0.575s] -- Up-to-date: /home/user/ros2_ws/src/install/velodyne_msgs/share/velodyne_msgs/cmake/velodyne_msgs__rosidl_typesupport_cExport-noconfig.cmake
[0.575s] -- Up-to-date: /home/user/ros2_ws/src/install/velodyne_msgs/share/velodyne_msgs/cmake/velodyne_msgs__rosidl_typesupport_introspection_cppExport.cmake
[0.576s] -- Up-to-date: /home/user/ros2_ws/src/install/velodyne_msgs/share/velodyne_msgs/cmake/velodyne_msgs__rosidl_typesupport_introspection_cppExport-noconfig.cmake
[0.576s] -- Up-to-date: /home/user/ros2_ws/src/install/velodyne_msgs/share/velodyne_msgs/cmake/velodyne_msgs__rosidl_typesupport_cppExport.cmake
[0.576s] -- Up-to-date: /home/user/ros2_ws/src/install/velodyne_msgs/share/velodyne_msgs/cmake/velodyne_msgs__rosidl_typesupport_cppExport-noconfig.cmake
[0.576s] -- Up-to-date: /home/user/ros2_ws/src/install/velodyne_msgs/share/velodyne_msgs/cmake/export_velodyne_msgs__rosidl_generator_pyExport.cmake
[0.576s] -- Up-to-date: /home/user/ros2_ws/src/install/velodyne_msgs/share/velodyne_msgs/cmake/export_velodyne_msgs__rosidl_generator_pyExport-noconfig.cmake
[0.586s] Invoked command in '/home/user/ros2_ws/src/build/velodyne_msgs' returned '0': CMAKE_PREFIX_PATH=/home/user/ros2_ws/install/sub:/home/user/ros2_ws/install/gps_pkg:/home/user/ros2_ws/install/kitti2rosbag2:/home/user/ros2_ws/install/a123:/opt/ros/humble:${CMAKE_PREFIX_PATH} /usr/bin/cmake --install /home/user/ros2_ws/src/build/velodyne_msgs
